Using pre-set license
Built from '2021.3/staging' branch; Version is '2021.3.35f1 (157b46ce122a) revision 1407814'; Using compiler version '192829333'; Build Type 'Release'
OS: 'Windows 10  (10.0.19045) 64bit Core' Language: 'en' Physical Memory: 16333 MB
BatchMode: 1, IsHumanControllingUs: 0, StartBugReporterOnCrash: 0, Is64bit: 1, IsPro: 1

COMMAND LINE ARGUMENTS:
Z:\Program Files\2021.3.35f1\Editor\Unity.exe
-adb2
-batchMode
-noUpm
-name
AssetImportWorker18
-projectPath
Z:/Utilisateur/hamid/Bureau/jeu final/jeu-final/NeonBlitz3D
-logFile
Logs/AssetImportWorker18.log
-srvPort
53082
Successfully changed project path to: Z:/Utilisateur/hamid/Bureau/jeu final/jeu-final/NeonBlitz3D
Z:/Utilisateur/hamid/Bureau/jeu final/jeu-final/NeonBlitz3D
[UnityMemory] Configuration Parameters - Can be set up in boot.config
    "memorysetup-bucket-allocator-granularity=16"
    "memorysetup-bucket-allocator-bucket-count=8"
    "memorysetup-bucket-allocator-block-size=33554432"
    "memorysetup-bucket-allocator-block-count=8"
    "memorysetup-main-allocator-block-size=16777216"
    "memorysetup-thread-allocator-block-size=16777216"
    "memorysetup-gfx-main-allocator-block-size=16777216"
    "memorysetup-gfx-thread-allocator-block-size=16777216"
    "memorysetup-cache-allocator-block-size=4194304"
    "memorysetup-typetree-allocator-block-size=2097152"
    "memorysetup-profiler-bucket-allocator-granularity=16"
    "memorysetup-profiler-bucket-allocator-bucket-count=8"
    "memorysetup-profiler-bucket-allocator-block-size=33554432"
    "memorysetup-profiler-bucket-allocator-block-count=8"
    "memorysetup-profiler-allocator-block-size=16777216"
    "memorysetup-profiler-editor-allocator-block-size=1048576"
    "memorysetup-temp-allocator-size-main=16777216"
    "memorysetup-job-temp-allocator-block-size=2097152"
    "memorysetup-job-temp-allocator-block-size-background=1048576"
    "memorysetup-job-temp-allocator-reduction-small-platforms=262144"
    "memorysetup-temp-allocator-size-background-worker=32768"
    "memorysetup-temp-allocator-size-job-worker=262144"
    "memorysetup-temp-allocator-size-preload-manager=33554432"
    "memorysetup-temp-allocator-size-nav-mesh-worker=65536"
    "memorysetup-temp-allocator-size-audio-worker=65536"
    "memorysetup-temp-allocator-size-cloud-worker=32768"
    "memorysetup-temp-allocator-size-gi-baking-worker=262144"
    "memorysetup-temp-allocator-size-gfx=262144"
Player connection [37160] Host "[IP] 192.168.44.1 [Port] 0 [Flags] 2 [Guid] 17009264 [EditorId] 17009264 [Version] 1048832 [Id] WindowsEditor(7,DESKTOP-QFF8DP8) [Debug] 1 [PackageName] WindowsEditor [ProjectName] Editor" joined multi-casting on [225.0.0.222:54997]...

Player connection [37160] Host "[IP] 192.168.44.1 [Port] 0 [Flags] 2 [Guid] 17009264 [EditorId] 17009264 [Version] 1048832 [Id] WindowsEditor(7,DESKTOP-QFF8DP8) [Debug] 1 [PackageName] WindowsEditor [ProjectName] Editor" joined alternative multi-casting on [225.0.0.222:34997]...

[Physics::Module] Initialized MultithreadedJobDispatcher with {0} workers.
Refreshing native plugins compatible for Editor in 122.64 ms, found 3 plugins.
Preloading 0 native plugins for Editor in 0.00 ms.
Initialize engine version: 2021.3.35f1 (157b46ce122a)
[Subsystems] Discovering subsystems at path Z:/Program Files/2021.3.35f1/Editor/Data/Resources/UnitySubsystems
[Subsystems] Discovering subsystems at path Z:/Utilisateur/hamid/Bureau/jeu final/jeu-final/NeonBlitz3D/Assets
GfxDevice: creating device client; threaded=0; jobified=0
Direct3D:
    Version:  Direct3D 11.0 [level 11.1]
    Renderer: NVIDIA GeForce RTX 2060 (ID=0x1e89)
    Vendor:   NVIDIA
    VRAM:     5958 MB
    Driver:   31.0.15.3623
Initialize mono
Mono path[0] = 'Z:/Program Files/2021.3.35f1/Editor/Data/Managed'
Mono path[1] = 'Z:/Program Files/2021.3.35f1/Editor/Data/MonoBleedingEdge/lib/mono/unityjit-win32'
Mono config path = 'Z:/Program Files/2021.3.35f1/Editor/Data/MonoBleedingEdge/etc'
Using monoOptions --debugger-agent=transport=dt_socket,embedding=1,server=y,suspend=n,address=127.0.0.1:56100
Begin MonoManager ReloadAssembly
Registering precompiled unity dll's ...
Register platform support module: Z:/Program Files/2021.3.35f1/Editor/Data/PlaybackEngines/WindowsStandaloneSupport/UnityEditor.WindowsStandalone.Extensions.dll
Registered in 0.002403 seconds.
Native extension for WindowsStandalone target not found
Refreshing native plugins compatible for Editor in 118.87 ms, found 3 plugins.
Preloading 0 native plugins for Editor in 0.00 ms.
Mono: successfully reloaded assembly
- Completed reload, in  0.703 seconds
Domain Reload Profiling:
	ReloadAssembly (704ms)
		BeginReloadAssembly (104ms)
			ExecutionOrderSort (0ms)
			DisableScriptedObjects (0ms)
			BackupInstance (0ms)
			ReleaseScriptingObjects (0ms)
			CreateAndSetChildDomain (1ms)
		EndReloadAssembly (505ms)
			LoadAssemblies (104ms)
			RebuildTransferFunctionScriptingTraits (0ms)
			SetupTypeCache (120ms)
			ReleaseScriptCaches (0ms)
			RebuildScriptCaches (26ms)
			SetupLoadedEditorAssemblies (321ms)
				LogAssemblyErrors (0ms)
				InitializePlatformSupportModulesInManaged (6ms)
				SetLoadedEditorAssemblies (0ms)
				RefreshPlugins (119ms)
				BeforeProcessingInitializeOnLoad (2ms)
				ProcessInitializeOnLoadAttributes (148ms)
				ProcessInitializeOnLoadMethodAttributes (46ms)
				AfterProcessingInitializeOnLoad (0ms)
				EditorAssembliesLoaded (0ms)
			ExecutionOrderSort2 (0ms)
			AwakeInstancesAfterBackupRestoration (0ms)
Platform modules already initialized, skipping
Registering precompiled user dll's ...
Registered in 0.004689 seconds.
Begin MonoManager ReloadAssembly
Native extension for WindowsStandalone target not found
Refreshing native plugins compatible for Editor in 104.07 ms, found 3 plugins.
Preloading 0 native plugins for Editor in 0.00 ms.
Package Manager log level set to [2]
[Package Manager] Server::EnsureServerProcessIsRunning -- launch failed, reason: Unity was launched with the -noUpm command-line argument
[Package Manager] Cannot connect to Unity Package Manager local server
Mono: successfully reloaded assembly
- Completed reload, in  1.447 seconds
Domain Reload Profiling:
	ReloadAssembly (1447ms)
		BeginReloadAssembly (141ms)
			ExecutionOrderSort (0ms)
			DisableScriptedObjects (6ms)
			BackupInstance (0ms)
			ReleaseScriptingObjects (0ms)
			CreateAndSetChildDomain (21ms)
		EndReloadAssembly (1207ms)
			LoadAssemblies (118ms)
			RebuildTransferFunctionScriptingTraits (0ms)
			SetupTypeCache (218ms)
			ReleaseScriptCaches (1ms)
			RebuildScriptCaches (54ms)
			SetupLoadedEditorAssemblies (822ms)
				LogAssemblyErrors (0ms)
				InitializePlatformSupportModulesInManaged (3ms)
				SetLoadedEditorAssemblies (0ms)
				RefreshPlugins (104ms)
				BeforeProcessingInitializeOnLoad (69ms)
				ProcessInitializeOnLoadAttributes (614ms)
				ProcessInitializeOnLoadMethodAttributes (29ms)
				AfterProcessingInitializeOnLoad (3ms)
				EditorAssembliesLoaded (0ms)
			ExecutionOrderSort2 (0ms)
			AwakeInstancesAfterBackupRestoration (7ms)
Platform modules already initialized, skipping
========================================================================
Worker process is ready to serve import requests
Launched and connected shader compiler UnityShaderCompiler.exe after 0.10 seconds
Refreshing native plugins compatible for Editor in 2.87 ms, found 3 plugins.
Preloading 0 native plugins for Editor in 0.00 ms.
Unloading 2896 Unused Serialized files (Serialized files now loaded: 0)
Unloading 46 unused Assets / (156.6 KB). Loaded Objects now: 3380.
Memory consumption went from 169.5 MB to 169.4 MB.
Total: 4.338300 ms (FindLiveObjects: 0.286400 ms CreateObjectMapping: 0.099700 ms MarkObjects: 3.784600 ms  DeleteObjects: 0.166200 ms)

AssetImportParameters requested are different than current active one (requested -> active):
  custom:video-decoder-ogg-theora: a1e56fd34408186e4bbccfd4996cb3dc -> 
  custom:container-muxer-webm: aa71ff27fc2769a1b78a27578f13a17b -> 
  custom:container-demuxer-webm: 4f35f7cbe854078d1ac9338744f61a02 -> 
  custom:video-encoder-webm-vp8: eb34c28f22e8b96e1ab97ce403110664 -> 
  custom:CustomObjectIndexerAttribute: bc11b3a6c3213fcdd17b65e7da85e133 -> 
  custom:audio-encoder-webm-vorbis: bf7c407c2cedff20999df2af8eb42d56 -> 
  custom:framework-win-MediaFoundation: 216162199b28c13a410421893ffa2e32 -> 
  custom:SearchIndexIgnoredProperties: e643bd26f0fe6173181afceb89e7c659 -> 
  custom:container-demuxer-ogg: 62fdf1f143b41e24485cea50d1cbac27 -> 
  custom:video-decoder-webm-vp8: 9c59270c3fd7afecdb556c50c9e8de78 -> 
  custom:audio-decoder-ogg-vorbis: bf7c407c2cedff20999df2af8eb42d56 -> 
========================================================================
Received Import Request.
  Time since last request: 16804.483407 seconds.
  path: Assets/Neon Blitz/Assets/Textures/Top_Down_Survivor/feet/strafe_left/survivor-strafe_left_15.png
  artifactKey: Guid(1a6741572c33e0d488e04adf6edaf015) Importer(815301076,1909f56bfc062723c751e8b465ee728b)
Number of updated assets reloaded before import = 0
Start importing Assets/Neon Blitz/Assets/Textures/Top_Down_Survivor/feet/strafe_left/survivor-strafe_left_15.png using Guid(1a6741572c33e0d488e04adf6edaf015) Importer(815301076,1909f56bfc062723c751e8b465ee728b)  -> (artifact id: 'e1ac254b054680f85e1154d8a01ab82c') in 0.518030 seconds 
Number of asset objects unloaded after import = 3
========================================================================
Received Import Request.
  Time since last request: 0.000027 seconds.
  path: Assets/Neon Blitz/Assets/Textures/Top_Down_Survivor/feet/strafe_right/survivor-strafe_right_17.png
  artifactKey: Guid(c27a24b98bd3f93429e9cd019ed14f25) Importer(815301076,1909f56bfc062723c751e8b465ee728b)
Number of updated assets reloaded before import = 0
Start importing Assets/Neon Blitz/Assets/Textures/Top_Down_Survivor/feet/strafe_right/survivor-strafe_right_17.png using Guid(c27a24b98bd3f93429e9cd019ed14f25) Importer(815301076,1909f56bfc062723c751e8b465ee728b)  -> (artifact id: 'aec16cc80d0e96d14bbebd5d806e7169') in 0.161836 seconds 
Number of asset objects unloaded after import = 3
========================================================================
Received Import Request.
  Time since last request: 0.000022 seconds.
  path: Assets/Neon Blitz/Assets/Textures/Top_Down_Survivor/knife/meleeattack/survivor-meleeattack_knife_4.png
  artifactKey: Guid(b6867997b8032e448aeeb4676521e616) Importer(815301076,1909f56bfc062723c751e8b465ee728b)
Number of updated assets reloaded before import = 0
Start importing Assets/Neon Blitz/Assets/Textures/Top_Down_Survivor/knife/meleeattack/survivor-meleeattack_knife_4.png using Guid(b6867997b8032e448aeeb4676521e616) Importer(815301076,1909f56bfc062723c751e8b465ee728b)  -> (artifact id: 'df11068de2acba1396da0a78d41ca82e') in 0.190750 seconds 
Number of asset objects unloaded after import = 3
========================================================================
Received Import Request.
  Time since last request: 0.000019 seconds.
  path: Assets/Neon Blitz/Assets/Textures/Top_Down_Survivor/feet/strafe_left/survivor-strafe_left_8.png
  artifactKey: Guid(01882f19b05cbef449cb878ed2da69c7) Importer(815301076,1909f56bfc062723c751e8b465ee728b)
Number of updated assets reloaded before import = 0
Start importing Assets/Neon Blitz/Assets/Textures/Top_Down_Survivor/feet/strafe_left/survivor-strafe_left_8.png using Guid(01882f19b05cbef449cb878ed2da69c7) Importer(815301076,1909f56bfc062723c751e8b465ee728b)  -> (artifact id: '45e20765b4a98c2e64c9aeccfd3aa55d') in 0.040221 seconds 
Number of asset objects unloaded after import = 3
========================================================================
Received Import Request.
  Time since last request: 0.000025 seconds.
  path: Assets/Neon Blitz/Assets/Textures/Top_Down_Survivor/feet/strafe_left/survivor-strafe_left_9.png
  artifactKey: Guid(6b2f956e94f05904889a11665efcfb90) Importer(815301076,1909f56bfc062723c751e8b465ee728b)
Number of updated assets reloaded before import = 0
Start importing Assets/Neon Blitz/Assets/Textures/Top_Down_Survivor/feet/strafe_left/survivor-strafe_left_9.png using Guid(6b2f956e94f05904889a11665efcfb90) Importer(815301076,1909f56bfc062723c751e8b465ee728b)  -> (artifact id: '48e9009faf59743095488375444bb700') in 0.112679 seconds 
Number of asset objects unloaded after import = 3
========================================================================
Received Import Request.
  Time since last request: 0.000016 seconds.
  path: Assets/Neon Blitz/Assets/Textures/Top_Down_Survivor/rifle/meleeattack/survivor-meleeattack_rifle_13.png
  artifactKey: Guid(804f99db0b37c71448c1ee461b4086cd) Importer(815301076,1909f56bfc062723c751e8b465ee728b)
Number of updated assets reloaded before import = 0
Start importing Assets/Neon Blitz/Assets/Textures/Top_Down_Survivor/rifle/meleeattack/survivor-meleeattack_rifle_13.png using Guid(804f99db0b37c71448c1ee461b4086cd) Importer(815301076,1909f56bfc062723c751e8b465ee728b)  -> (artifact id: '5c80eb2595c7434b448dcf8c2a34f706') in 0.098339 seconds 
Number of asset objects unloaded after import = 3
========================================================================
Received Import Request.
  Time since last request: 0.000019 seconds.
  path: Assets/Neon Blitz/Assets/Textures/Top_Down_Survivor/shotgun/meleeattack/survivor-meleeattack_shotgun_5.png
  artifactKey: Guid(bab7d9bd0a4625c4d9d3e0a5b960afac) Importer(815301076,1909f56bfc062723c751e8b465ee728b)
Number of updated assets reloaded before import = 0
Start importing Assets/Neon Blitz/Assets/Textures/Top_Down_Survivor/shotgun/meleeattack/survivor-meleeattack_shotgun_5.png using Guid(bab7d9bd0a4625c4d9d3e0a5b960afac) Importer(815301076,1909f56bfc062723c751e8b465ee728b)  -> (artifact id: '1fb1c15ffebcabd59d3ea1dd9d058b2f') in 0.096088 seconds 
Number of asset objects unloaded after import = 3
========================================================================
Received Import Request.
  Time since last request: 0.000026 seconds.
  path: Assets/Neon Blitz/Assets/Textures/Top_Down_Survivor/shotgun/meleeattack/survivor-meleeattack_shotgun_12.png
  artifactKey: Guid(544d906b6d03c6342aadec42a9cf8e94) Importer(815301076,1909f56bfc062723c751e8b465ee728b)
Number of updated assets reloaded before import = 0
Start importing Assets/Neon Blitz/Assets/Textures/Top_Down_Survivor/shotgun/meleeattack/survivor-meleeattack_shotgun_12.png using Guid(544d906b6d03c6342aadec42a9cf8e94) Importer(815301076,1909f56bfc062723c751e8b465ee728b)  -> (artifact id: '5fc767467bc5bd26e90bf4cccc00a91e') in 0.089323 seconds 
Number of asset objects unloaded after import = 3
========================================================================
Received Import Request.
  Time since last request: 0.000014 seconds.
  path: Assets/Neon Blitz/Assets/Textures/Top_Down_Survivor/flashlight/meleeattack/survivor-meleeattack_flashlight_0.png
  artifactKey: Guid(3ccf1484a5020514ab6f0f8607b61e12) Importer(815301076,1909f56bfc062723c751e8b465ee728b)
Number of updated assets reloaded before import = 0
Start importing Assets/Neon Blitz/Assets/Textures/Top_Down_Survivor/flashlight/meleeattack/survivor-meleeattack_flashlight_0.png using Guid(3ccf1484a5020514ab6f0f8607b61e12) Importer(815301076,1909f56bfc062723c751e8b465ee728b)  -> (artifact id: 'a397e24c5854034ede9f215b16f68615') in 0.087414 seconds 
Number of asset objects unloaded after import = 3
========================================================================
Received Import Request.
  Time since last request: 0.000018 seconds.
  path: Assets/Neon Blitz/Assets/Textures/Top_Down_Survivor/feet/strafe_left/survivor-strafe_left_7.png
  artifactKey: Guid(8eae4ff0c929a6d488a086755ec92eb4) Importer(815301076,1909f56bfc062723c751e8b465ee728b)
Number of updated assets reloaded before import = 0
Start importing Assets/Neon Blitz/Assets/Textures/Top_Down_Survivor/feet/strafe_left/survivor-strafe_left_7.png using Guid(8eae4ff0c929a6d488a086755ec92eb4) Importer(815301076,1909f56bfc062723c751e8b465ee728b)  -> (artifact id: '7ff98308f1bd145c77783da591ceecf1') in 0.065263 seconds 
Number of asset objects unloaded after import = 3
========================================================================
Received Import Request.
  Time since last request: 0.000023 seconds.
  path: Assets/Neon Blitz/Assets/Textures/Top_Down_Survivor/flashlight/move/survivor-move_flashlight_6.png
  artifactKey: Guid(3c79b1306fd794548a2d2543a0298691) Importer(815301076,1909f56bfc062723c751e8b465ee728b)
Number of updated assets reloaded before import = 0
Start importing Assets/Neon Blitz/Assets/Textures/Top_Down_Survivor/flashlight/move/survivor-move_flashlight_6.png using Guid(3c79b1306fd794548a2d2543a0298691) Importer(815301076,1909f56bfc062723c751e8b465ee728b)  -> (artifact id: '366dbc0f2f0269241bbacc118845e95c') in 0.106674 seconds 
Number of asset objects unloaded after import = 3
========================================================================
Received Import Request.
  Time since last request: 0.000017 seconds.
  path: Assets/Neon Blitz/Assets/Textures/Top_Down_Survivor/flashlight/meleeattack/survivor-meleeattack_flashlight_1.png
  artifactKey: Guid(0bc1385f60a086d4da07a9fd94a3cc6e) Importer(815301076,1909f56bfc062723c751e8b465ee728b)
Number of updated assets reloaded before import = 0
Start importing Assets/Neon Blitz/Assets/Textures/Top_Down_Survivor/flashlight/meleeattack/survivor-meleeattack_flashlight_1.png using Guid(0bc1385f60a086d4da07a9fd94a3cc6e) Importer(815301076,1909f56bfc062723c751e8b465ee728b)  -> (artifact id: '75a17ff1851586cdd274ad10f901b228') in 0.059096 seconds 
Number of asset objects unloaded after import = 3
========================================================================
Received Import Request.
  Time since last request: 0.000016 seconds.
  path: Assets/Neon Blitz/Assets/Textures/Top_Down_Survivor/flashlight/move/survivor-move_flashlight_5.png
  artifactKey: Guid(76eba5fd0941c95419d838134f6cbda3) Importer(815301076,1909f56bfc062723c751e8b465ee728b)
Number of updated assets reloaded before import = 0
Start importing Assets/Neon Blitz/Assets/Textures/Top_Down_Survivor/flashlight/move/survivor-move_flashlight_5.png using Guid(76eba5fd0941c95419d838134f6cbda3) Importer(815301076,1909f56bfc062723c751e8b465ee728b)  -> (artifact id: '4ece26c0dad59c4349b7cf7f238e5fb8') in 0.130131 seconds 
Number of asset objects unloaded after import = 3
========================================================================
Received Import Request.
  Time since last request: 4.215054 seconds.
  path: Assets/Neon Blitz/Assets/Textures/Top_Down_Survivor/rifle/idle/survivor-idle_rifle_19.png
  artifactKey: Guid(627c55ba7b6adca4c856281b501afe8c) Importer(815301076,1909f56bfc062723c751e8b465ee728b)
Number of updated assets reloaded before import = 0
Start importing Assets/Neon Blitz/Assets/Textures/Top_Down_Survivor/rifle/idle/survivor-idle_rifle_19.png using Guid(627c55ba7b6adca4c856281b501afe8c) Importer(815301076,1909f56bfc062723c751e8b465ee728b)  -> (artifact id: '0ca6242bcf87c5063b27320a4628c744') in 0.184409 seconds 
Number of asset objects unloaded after import = 3
========================================================================
Received Import Request.
  Time since last request: 0.000021 seconds.
  path: Assets/Neon Blitz/Assets/Textures/Top_Down_Survivor/shotgun/move/survivor-move_shotgun_2.png
  artifactKey: Guid(4a67f7a6e43a53a4aaed394b6fc5827b) Importer(815301076,1909f56bfc062723c751e8b465ee728b)
Number of updated assets reloaded before import = 0
Start importing Assets/Neon Blitz/Assets/Textures/Top_Down_Survivor/shotgun/move/survivor-move_shotgun_2.png using Guid(4a67f7a6e43a53a4aaed394b6fc5827b) Importer(815301076,1909f56bfc062723c751e8b465ee728b)  -> (artifact id: '9f515bd1de0356fe942d911849dfa302') in 0.149971 seconds 
Number of asset objects unloaded after import = 3
========================================================================
Received Import Request.
  Time since last request: 0.000020 seconds.
  path: Assets/Neon Blitz/Assets/Textures/Top_Down_Survivor/shotgun/idle/survivor-idle_shotgun_3.png
  artifactKey: Guid(bcf64bd68c2fc8d418152481825b258d) Importer(815301076,1909f56bfc062723c751e8b465ee728b)
Number of updated assets reloaded before import = 0
Start importing Assets/Neon Blitz/Assets/Textures/Top_Down_Survivor/shotgun/idle/survivor-idle_shotgun_3.png using Guid(bcf64bd68c2fc8d418152481825b258d) Importer(815301076,1909f56bfc062723c751e8b465ee728b)  -> (artifact id: '8b1a99362e986a36d0a9d5147d01fec2') in 0.078132 seconds 
Number of asset objects unloaded after import = 3
========================================================================
Received Import Request.
  Time since last request: 0.000021 seconds.
  path: Assets/Neon Blitz/Assets/Textures/Top_Down_Survivor/shotgun/reload/survivor-reload_shotgun_19.png
  artifactKey: Guid(c59a9a84e63fa23438c1788d504e4729) Importer(815301076,1909f56bfc062723c751e8b465ee728b)
Number of updated assets reloaded before import = 0
Start importing Assets/Neon Blitz/Assets/Textures/Top_Down_Survivor/shotgun/reload/survivor-reload_shotgun_19.png using Guid(c59a9a84e63fa23438c1788d504e4729) Importer(815301076,1909f56bfc062723c751e8b465ee728b)  -> (artifact id: '45c0360cf96313470a7cad71fb9d234d') in 0.330668 seconds 
Number of asset objects unloaded after import = 3
========================================================================
Received Import Request.
  Time since last request: 0.000022 seconds.
  path: Assets/Neon Blitz/Assets/Textures/Top_Down_Survivor/rifle/reload/survivor-reload_rifle_4.png
  artifactKey: Guid(df8f1a725b6a9464a8f51f2ecbc76188) Importer(815301076,1909f56bfc062723c751e8b465ee728b)
Number of updated assets reloaded before import = 0
Start importing Assets/Neon Blitz/Assets/Textures/Top_Down_Survivor/rifle/reload/survivor-reload_rifle_4.png using Guid(df8f1a725b6a9464a8f51f2ecbc76188) Importer(815301076,1909f56bfc062723c751e8b465ee728b)  -> (artifact id: '33d11030decb0a9bdfa842b082396684') in 0.131979 seconds 
Number of asset objects unloaded after import = 3
========================================================================
Received Import Request.
  Time since last request: 0.000022 seconds.
  path: Assets/Neon Blitz/Assets/Textures/Top_Down_Survivor/shotgun/move/survivor-move_shotgun_0.png
  artifactKey: Guid(a491f59be78349b4e96d3333e3a38008) Importer(815301076,1909f56bfc062723c751e8b465ee728b)
Number of updated assets reloaded before import = 0
Start importing Assets/Neon Blitz/Assets/Textures/Top_Down_Survivor/shotgun/move/survivor-move_shotgun_0.png using Guid(a491f59be78349b4e96d3333e3a38008) Importer(815301076,1909f56bfc062723c751e8b465ee728b)  -> (artifact id: '4e1d3b6b4eeae40985ddc9ec41932f7d') in 0.170831 seconds 
Number of asset objects unloaded after import = 3
========================================================================
Received Import Request.
  Time since last request: 0.000024 seconds.
  path: Assets/Neon Blitz/Assets/Textures/Top_Down_Survivor/rifle/reload/survivor-reload_rifle_19.png
  artifactKey: Guid(3b5deca070f66ac4ba4708c152564640) Importer(815301076,1909f56bfc062723c751e8b465ee728b)
Number of updated assets reloaded before import = 0
Start importing Assets/Neon Blitz/Assets/Textures/Top_Down_Survivor/rifle/reload/survivor-reload_rifle_19.png using Guid(3b5deca070f66ac4ba4708c152564640) Importer(815301076,1909f56bfc062723c751e8b465ee728b)  -> (artifact id: '7fa953bd837ce43d5ba4cfbb26fe953b') in 0.154932 seconds 
Number of asset objects unloaded after import = 3
========================================================================
Received Import Request.
  Time since last request: 0.000017 seconds.
  path: Assets/Neon Blitz/Assets/Textures/Top_Down_Survivor/feet/run/survivor-run_7.png
  artifactKey: Guid(e75a325197548ba4d80b005d7802a188) Importer(815301076,1909f56bfc062723c751e8b465ee728b)
Number of updated assets reloaded before import = 0
Start importing Assets/Neon Blitz/Assets/Textures/Top_Down_Survivor/feet/run/survivor-run_7.png using Guid(e75a325197548ba4d80b005d7802a188) Importer(815301076,1909f56bfc062723c751e8b465ee728b)  -> (artifact id: '2aa26ad495e2e10a5a0c8c6f76c03cee') in 0.046593 seconds 
Number of asset objects unloaded after import = 3
========================================================================
Received Import Request.
  Time since last request: 0.000020 seconds.
  path: Assets/Neon Blitz/Assets/Textures/Top_Down_Survivor/shotgun/reload/survivor-reload_shotgun_7.png
  artifactKey: Guid(974031cf68b73f9448ff0bc3b504f4a0) Importer(815301076,1909f56bfc062723c751e8b465ee728b)
Number of updated assets reloaded before import = 0
Start importing Assets/Neon Blitz/Assets/Textures/Top_Down_Survivor/shotgun/reload/survivor-reload_shotgun_7.png using Guid(974031cf68b73f9448ff0bc3b504f4a0) Importer(815301076,1909f56bfc062723c751e8b465ee728b)  -> (artifact id: 'db47fb1c82a612b61e10a5547501bebb') in 0.129258 seconds 
Number of asset objects unloaded after import = 3
========================================================================
Received Import Request.
  Time since last request: 0.000020 seconds.
  path: Assets/Neon Blitz/Assets/Textures/Top_Down_Survivor/shotgun/idle/survivor-idle_shotgun_12.png
  artifactKey: Guid(4b0162cd8ae9f2547924912efb1b9c45) Importer(815301076,1909f56bfc062723c751e8b465ee728b)
Number of updated assets reloaded before import = 0
Start importing Assets/Neon Blitz/Assets/Textures/Top_Down_Survivor/shotgun/idle/survivor-idle_shotgun_12.png using Guid(4b0162cd8ae9f2547924912efb1b9c45) Importer(815301076,1909f56bfc062723c751e8b465ee728b)  -> (artifact id: 'aa5bd0a8d9dde58b92d141b1580f6939') in 0.034407 seconds 
Number of asset objects unloaded after import = 3
========================================================================
Received Import Request.
  Time since last request: 0.000022 seconds.
  path: Assets/Neon Blitz/Assets/Textures/Top_Down_Survivor/handgun/reload/survivor-reload_handgun_5.png
  artifactKey: Guid(e87a284588fd3744ebbed7d22530dd58) Importer(815301076,1909f56bfc062723c751e8b465ee728b)
Number of updated assets reloaded before import = 0
Start importing Assets/Neon Blitz/Assets/Textures/Top_Down_Survivor/handgun/reload/survivor-reload_handgun_5.png using Guid(e87a284588fd3744ebbed7d22530dd58) Importer(815301076,1909f56bfc062723c751e8b465ee728b)  -> (artifact id: '958d794f59a9965a4abe264b39e04c96') in 0.090103 seconds 
Number of asset objects unloaded after import = 3
========================================================================
Received Import Request.
  Time since last request: 0.000018 seconds.
  path: Assets/Neon Blitz/Assets/Textures/Top_Down_Survivor/shotgun/reload/survivor-reload_shotgun_0.png
  artifactKey: Guid(12e7bc84935d251468761ec9f69d62f5) Importer(815301076,1909f56bfc062723c751e8b465ee728b)
Number of updated assets reloaded before import = 0
Start importing Assets/Neon Blitz/Assets/Textures/Top_Down_Survivor/shotgun/reload/survivor-reload_shotgun_0.png using Guid(12e7bc84935d251468761ec9f69d62f5) Importer(815301076,1909f56bfc062723c751e8b465ee728b)  -> (artifact id: '0509c162ea8f53b2f91488215c017b28') in 0.167353 seconds 
Number of asset objects unloaded after import = 3
========================================================================
Received Import Request.
  Time since last request: 0.000025 seconds.
  path: Assets/Neon Blitz/Assets/Textures/Top_Down_Survivor/handgun/reload/survivor-reload_handgun_6.png
  artifactKey: Guid(3d6a1d63270f65348b1afabbd2df76be) Importer(815301076,1909f56bfc062723c751e8b465ee728b)
Number of updated assets reloaded before import = 0
Start importing Assets/Neon Blitz/Assets/Textures/Top_Down_Survivor/handgun/reload/survivor-reload_handgun_6.png using Guid(3d6a1d63270f65348b1afabbd2df76be) Importer(815301076,1909f56bfc062723c751e8b465ee728b)  -> (artifact id: 'deda338ab492bb2d853ad0536fe875fc') in 0.124351 seconds 
Number of asset objects unloaded after import = 3
========================================================================
Received Import Request.
  Time since last request: 0.000018 seconds.
  path: Assets/Neon Blitz/Assets/Textures/Top_Down_Survivor/handgun/reload/survivor-reload_handgun_13.png
  artifactKey: Guid(0a87aecb903b4a5458552c7365576084) Importer(815301076,1909f56bfc062723c751e8b465ee728b)
Number of updated assets reloaded before import = 0
Start importing Assets/Neon Blitz/Assets/Textures/Top_Down_Survivor/handgun/reload/survivor-reload_handgun_13.png using Guid(0a87aecb903b4a5458552c7365576084) Importer(815301076,1909f56bfc062723c751e8b465ee728b)  -> (artifact id: '068832753fdb8c74866a2595d3164b75') in 0.074247 seconds 
Number of asset objects unloaded after import = 3
========================================================================
Received Import Request.
  Time since last request: 0.000018 seconds.
  path: Assets/Neon Blitz/Assets/Textures/Top_Down_Survivor/shotgun/idle/survivor-idle_shotgun_6.png
  artifactKey: Guid(5a5d2becbdf20774ca506a2fca876433) Importer(815301076,1909f56bfc062723c751e8b465ee728b)
Number of updated assets reloaded before import = 0
Start importing Assets/Neon Blitz/Assets/Textures/Top_Down_Survivor/shotgun/idle/survivor-idle_shotgun_6.png using Guid(5a5d2becbdf20774ca506a2fca876433) Importer(815301076,1909f56bfc062723c751e8b465ee728b)  -> (artifact id: '12bce416a61887235c442db3f9f59174') in 0.121747 seconds 
Number of asset objects unloaded after import = 3
========================================================================
Received Import Request.
  Time since last request: 0.000027 seconds.
  path: Assets/Neon Blitz/Assets/Textures/Top_Down_Survivor/shotgun/idle/survivor-idle_shotgun_16.png
  artifactKey: Guid(abc4963d79d36cd499e4e18e362c1b8f) Importer(815301076,1909f56bfc062723c751e8b465ee728b)
Number of updated assets reloaded before import = 0
Start importing Assets/Neon Blitz/Assets/Textures/Top_Down_Survivor/shotgun/idle/survivor-idle_shotgun_16.png using Guid(abc4963d79d36cd499e4e18e362c1b8f) Importer(815301076,1909f56bfc062723c751e8b465ee728b)  -> (artifact id: '43e206845b1d932c4b2ff16d254ed396') in 0.031784 seconds 
Number of asset objects unloaded after import = 3
========================================================================
Received Import Request.
  Time since last request: 0.000021 seconds.
  path: Assets/Neon Blitz/Assets/Textures/Top_Down_Survivor/shotgun/reload/survivor-reload_shotgun_4.png
  artifactKey: Guid(4e68db7d54e571646b44920b62a59267) Importer(815301076,1909f56bfc062723c751e8b465ee728b)
Number of updated assets reloaded before import = 0
Start importing Assets/Neon Blitz/Assets/Textures/Top_Down_Survivor/shotgun/reload/survivor-reload_shotgun_4.png using Guid(4e68db7d54e571646b44920b62a59267) Importer(815301076,1909f56bfc062723c751e8b465ee728b)  -> (artifact id: '1cc17e6faef102d4720720a371ce7803') in 0.140565 seconds 
Number of asset objects unloaded after import = 3
========================================================================
Received Import Request.
  Time since last request: 0.000016 seconds.
  path: Assets/Neon Blitz/Assets/Textures/Top_Down_Survivor/shotgun/reload/survivor-reload_shotgun_10.png
  artifactKey: Guid(0030510b3ca5093409e0bc92bfcc3338) Importer(815301076,1909f56bfc062723c751e8b465ee728b)
Number of updated assets reloaded before import = 0
Start importing Assets/Neon Blitz/Assets/Textures/Top_Down_Survivor/shotgun/reload/survivor-reload_shotgun_10.png using Guid(0030510b3ca5093409e0bc92bfcc3338) Importer(815301076,1909f56bfc062723c751e8b465ee728b)  -> (artifact id: '299a516aa84c50483212961c5cf10e4d') in 0.117152 seconds 
Number of asset objects unloaded after import = 3
========================================================================
Received Import Request.
  Time since last request: 0.000024 seconds.
  path: Assets/Neon Blitz/Assets/Textures/Top_Down_Survivor/feet/run/survivor-run_8.png
  artifactKey: Guid(2e3b17003d111fa4da1d24df5fd94399) Importer(815301076,1909f56bfc062723c751e8b465ee728b)
Number of updated assets reloaded before import = 0
Start importing Assets/Neon Blitz/Assets/Textures/Top_Down_Survivor/feet/run/survivor-run_8.png using Guid(2e3b17003d111fa4da1d24df5fd94399) Importer(815301076,1909f56bfc062723c751e8b465ee728b)  -> (artifact id: '8a37965b928fc5bbaafcbd781797a2ee') in 0.050435 seconds 
Number of asset objects unloaded after import = 3
========================================================================
Received Import Request.
  Time since last request: 0.000019 seconds.
  path: Assets/Neon Blitz/Assets/Textures/Top_Down_Survivor/rifle/reload/survivor-reload_rifle_17.png
  artifactKey: Guid(12cfcd23469d0c2488968d172eb3b2b8) Importer(815301076,1909f56bfc062723c751e8b465ee728b)
Number of updated assets reloaded before import = 0
Start importing Assets/Neon Blitz/Assets/Textures/Top_Down_Survivor/rifle/reload/survivor-reload_rifle_17.png using Guid(12cfcd23469d0c2488968d172eb3b2b8) Importer(815301076,1909f56bfc062723c751e8b465ee728b)  -> (artifact id: 'b4c0e337f3b01c082b0e0a13b1caf3cc') in 0.041629 seconds 
Number of asset objects unloaded after import = 3
========================================================================
Received Import Request.
  Time since last request: 0.000012 seconds.
  path: Assets/Neon Blitz/Assets/Textures/Top_Down_Survivor/shotgun/idle/survivor-idle_shotgun_1.png
  artifactKey: Guid(4ae704ec746264e47959f4c07403fcb5) Importer(815301076,1909f56bfc062723c751e8b465ee728b)
Number of updated assets reloaded before import = 0
Start importing Assets/Neon Blitz/Assets/Textures/Top_Down_Survivor/shotgun/idle/survivor-idle_shotgun_1.png using Guid(4ae704ec746264e47959f4c07403fcb5) Importer(815301076,1909f56bfc062723c751e8b465ee728b)  -> (artifact id: 'c1ca06703eddb67b16909aa1de28226b') in 0.048656 seconds 
Number of asset objects unloaded after import = 3
========================================================================
Received Import Request.
  Time since last request: 0.000025 seconds.
  path: Assets/Neon Blitz/Assets/Textures/Top_Down_Survivor/shotgun/reload/survivor-reload_shotgun_14.png
  artifactKey: Guid(4c004a4d65270fd478f53ad2ab4b4b1c) Importer(815301076,1909f56bfc062723c751e8b465ee728b)
Number of updated assets reloaded before import = 0
Start importing Assets/Neon Blitz/Assets/Textures/Top_Down_Survivor/shotgun/reload/survivor-reload_shotgun_14.png using Guid(4c004a4d65270fd478f53ad2ab4b4b1c) Importer(815301076,1909f56bfc062723c751e8b465ee728b)  -> (artifact id: '4237feee516697168791531cdb905861') in 0.152992 seconds 
Number of asset objects unloaded after import = 3
========================================================================
Received Import Request.
  Time since last request: 0.000023 seconds.
  path: Assets/Neon Blitz/Assets/Textures/Top_Down_Survivor/shotgun/move/survivor-move_shotgun_7.png
  artifactKey: Guid(2b81ddf80c631254cb5fe934fede347a) Importer(815301076,1909f56bfc062723c751e8b465ee728b)
Number of updated assets reloaded before import = 0
Start importing Assets/Neon Blitz/Assets/Textures/Top_Down_Survivor/shotgun/move/survivor-move_shotgun_7.png using Guid(2b81ddf80c631254cb5fe934fede347a) Importer(815301076,1909f56bfc062723c751e8b465ee728b)  -> (artifact id: '236aa49d1674ea09620105754209ef73') in 0.125850 seconds 
Number of asset objects unloaded after import = 3
========================================================================
Received Import Request.
  Time since last request: 0.000020 seconds.
  path: Assets/Neon Blitz/Assets/Textures/Top_Down_Survivor/rifle/reload/survivor-reload_rifle_11.png
  artifactKey: Guid(cd8f8b58114ed2941a4a96840f73823c) Importer(815301076,1909f56bfc062723c751e8b465ee728b)
Number of updated assets reloaded before import = 0
Start importing Assets/Neon Blitz/Assets/Textures/Top_Down_Survivor/rifle/reload/survivor-reload_rifle_11.png using Guid(cd8f8b58114ed2941a4a96840f73823c) Importer(815301076,1909f56bfc062723c751e8b465ee728b)  -> (artifact id: '76b40ad3ed7698eb45cb70bd9c8c2e99') in 0.210353 seconds 
Number of asset objects unloaded after import = 3
========================================================================
Received Import Request.
  Time since last request: 0.000032 seconds.
  path: Assets/Neon Blitz/Assets/Textures/Top_Down_Survivor/handgun/reload/survivor-reload_handgun_14.png
  artifactKey: Guid(f9ed9ff423ed85d479e8196a38b0b49b) Importer(815301076,1909f56bfc062723c751e8b465ee728b)
Number of updated assets reloaded before import = 0
Start importing Assets/Neon Blitz/Assets/Textures/Top_Down_Survivor/handgun/reload/survivor-reload_handgun_14.png using Guid(f9ed9ff423ed85d479e8196a38b0b49b) Importer(815301076,1909f56bfc062723c751e8b465ee728b)  -> (artifact id: 'f6595842922864e19ca2c3fe0d6858c1') in 0.079242 seconds 
Number of asset objects unloaded after import = 3
========================================================================
Received Import Request.
  Time since last request: 0.000019 seconds.
  path: Assets/Neon Blitz/Assets/Textures/Top_Down_Survivor/shotgun/idle/survivor-idle_shotgun_14.png
  artifactKey: Guid(12d0b5f5dae5fa240a062c6ece941c2c) Importer(815301076,1909f56bfc062723c751e8b465ee728b)
Number of updated assets reloaded before import = 0
Start importing Assets/Neon Blitz/Assets/Textures/Top_Down_Survivor/shotgun/idle/survivor-idle_shotgun_14.png using Guid(12d0b5f5dae5fa240a062c6ece941c2c) Importer(815301076,1909f56bfc062723c751e8b465ee728b)  -> (artifact id: '816990b3c9a86c100448895bc3b7d29a') in 0.024674 seconds 
Number of asset objects unloaded after import = 3
========================================================================
Received Import Request.
  Time since last request: 52.816486 seconds.
  path: Assets/Neon Blitz/Assets/Textures/Top_Down_Survivor/rifle/shoot/survivor-shoot_rifle_0.png
  artifactKey: Guid(70cce837ca359534ab2ddc92500d0ce2) Importer(815301076,1909f56bfc062723c751e8b465ee728b)
Number of updated assets reloaded before import = 0
Start importing Assets/Neon Blitz/Assets/Textures/Top_Down_Survivor/rifle/shoot/survivor-shoot_rifle_0.png using Guid(70cce837ca359534ab2ddc92500d0ce2) Importer(815301076,1909f56bfc062723c751e8b465ee728b)  -> (artifact id: '369ec17806c496852ea3fe0dad0c7444') in 0.197378 seconds 
Number of asset objects unloaded after import = 3
========================================================================
Received Import Request.
  Time since last request: 0.000031 seconds.
  path: Assets/Neon Blitz/Assets/Textures/Top_Down_Survivor/shotgun/shoot/survivor-shoot_shotgun_1.png
  artifactKey: Guid(c417b431db135dc4da7dd939712e35fa) Importer(815301076,1909f56bfc062723c751e8b465ee728b)
Number of updated assets reloaded before import = 0
Start importing Assets/Neon Blitz/Assets/Textures/Top_Down_Survivor/shotgun/shoot/survivor-shoot_shotgun_1.png using Guid(c417b431db135dc4da7dd939712e35fa) Importer(815301076,1909f56bfc062723c751e8b465ee728b)  -> (artifact id: '3142799211168e45f6968f612ce4432c') in 0.076558 seconds 
Number of asset objects unloaded after import = 3
========================================================================
Received Import Request.
  Time since last request: 0.000027 seconds.
  path: Assets/Neon Blitz/Assets/Textures/Top_Down_Survivor/feet/strafe_left/survivor-strafe_left_3.png
  artifactKey: Guid(308246788a1ccd8439b214bce9bff13c) Importer(815301076,1909f56bfc062723c751e8b465ee728b)
Number of updated assets reloaded before import = 0
Start importing Assets/Neon Blitz/Assets/Textures/Top_Down_Survivor/feet/strafe_left/survivor-strafe_left_3.png using Guid(308246788a1ccd8439b214bce9bff13c) Importer(815301076,1909f56bfc062723c751e8b465ee728b)  -> (artifact id: '7dd332fd3f8445f7af153cf9ce0eb397') in 0.169125 seconds 
Number of asset objects unloaded after import = 3
========================================================================
Received Import Request.
  Time since last request: 0.000020 seconds.
  path: Assets/Neon Blitz/Assets/Textures/Top_Down_Survivor/feet/strafe_left/survivor-strafe_left_1.png
  artifactKey: Guid(a1a2e508929c31242b0b713e8255f2b8) Importer(815301076,1909f56bfc062723c751e8b465ee728b)
Number of updated assets reloaded before import = 0
Start importing Assets/Neon Blitz/Assets/Textures/Top_Down_Survivor/feet/strafe_left/survivor-strafe_left_1.png using Guid(a1a2e508929c31242b0b713e8255f2b8) Importer(815301076,1909f56bfc062723c751e8b465ee728b)  -> (artifact id: '3592c13ae0fb53bd5090089e16cacc66') in 0.057975 seconds 
Number of asset objects unloaded after import = 3
========================================================================
Received Prepare
Registering precompiled user dll's ...
Registered in 0.003688 seconds.
Begin MonoManager ReloadAssembly
Native extension for WindowsStandalone target not found
Refreshing native plugins compatible for Editor in 1.67 ms, found 3 plugins.
Preloading 0 native plugins for Editor in 0.00 ms.
[Package Manager] Server::EnsureServerProcessIsRunning -- launch failed, reason: Unity was launched with the -noUpm command-line argument
[Package Manager] Cannot connect to Unity Package Manager local server
Mono: successfully reloaded assembly
- Completed reload, in  1.356 seconds
Domain Reload Profiling:
	ReloadAssembly (1356ms)
		BeginReloadAssembly (164ms)
			ExecutionOrderSort (0ms)
			DisableScriptedObjects (5ms)
			BackupInstance (0ms)
			ReleaseScriptingObjects (0ms)
			CreateAndSetChildDomain (36ms)
		EndReloadAssembly (1105ms)
			LoadAssemblies (115ms)
			RebuildTransferFunctionScriptingTraits (0ms)
			SetupTypeCache (211ms)
			ReleaseScriptCaches (2ms)
			RebuildScriptCaches (63ms)
			SetupLoadedEditorAssemblies (710ms)
				LogAssemblyErrors (0ms)
				InitializePlatformSupportModulesInManaged (4ms)
				SetLoadedEditorAssemblies (0ms)
				RefreshPlugins (2ms)
				BeforeProcessingInitializeOnLoad (71ms)
				ProcessInitializeOnLoadAttributes (599ms)
				ProcessInitializeOnLoadMethodAttributes (30ms)
				AfterProcessingInitializeOnLoad (3ms)
				EditorAssembliesLoaded (0ms)
			ExecutionOrderSort2 (0ms)
			AwakeInstancesAfterBackupRestoration (9ms)
Platform modules already initialized, skipping
Refreshing native plugins compatible for Editor in 3.85 ms, found 3 plugins.
Preloading 0 native plugins for Editor in 0.00 ms.
Unloading 2845 Unused Serialized files (Serialized files now loaded: 0)
Unloading 35 unused Assets / (130.3 KB). Loaded Objects now: 3423.
Memory consumption went from 168.1 MB to 168.0 MB.
Total: 5.657700 ms (FindLiveObjects: 0.527200 ms CreateObjectMapping: 0.123200 ms MarkObjects: 4.846700 ms  DeleteObjects: 0.159300 ms)

AssetImportParameters requested are different than current active one (requested -> active):
  custom:video-decoder-ogg-theora: a1e56fd34408186e4bbccfd4996cb3dc -> 
  custom:container-muxer-webm: aa71ff27fc2769a1b78a27578f13a17b -> 
  custom:container-demuxer-webm: 4f35f7cbe854078d1ac9338744f61a02 -> 
  custom:video-encoder-webm-vp8: eb34c28f22e8b96e1ab97ce403110664 -> 
  custom:CustomObjectIndexerAttribute: bc11b3a6c3213fcdd17b65e7da85e133 -> 
  custom:audio-encoder-webm-vorbis: bf7c407c2cedff20999df2af8eb42d56 -> 
  custom:framework-win-MediaFoundation: 216162199b28c13a410421893ffa2e32 -> 
  custom:SearchIndexIgnoredProperties: e643bd26f0fe6173181afceb89e7c659 -> 
  custom:container-demuxer-ogg: 62fdf1f143b41e24485cea50d1cbac27 -> 
  custom:video-decoder-webm-vp8: 9c59270c3fd7afecdb556c50c9e8de78 -> 
  custom:audio-decoder-ogg-vorbis: bf7c407c2cedff20999df2af8eb42d56 -> 
========================================================================
Received Prepare
Registering precompiled user dll's ...
Registered in 0.004062 seconds.
Begin MonoManager ReloadAssembly
Native extension for WindowsStandalone target not found
Refreshing native plugins compatible for Editor in 2.26 ms, found 3 plugins.
Preloading 0 native plugins for Editor in 0.00 ms.
[Package Manager] Server::EnsureServerProcessIsRunning -- launch failed, reason: Unity was launched with the -noUpm command-line argument
[Package Manager] Cannot connect to Unity Package Manager local server
Mono: successfully reloaded assembly
- Completed reload, in  1.360 seconds
Domain Reload Profiling:
	ReloadAssembly (1360ms)
		BeginReloadAssembly (168ms)
			ExecutionOrderSort (0ms)
			DisableScriptedObjects (7ms)
			BackupInstance (0ms)
			ReleaseScriptingObjects (0ms)
			CreateAndSetChildDomain (35ms)
		EndReloadAssembly (1101ms)
			LoadAssemblies (119ms)
			RebuildTransferFunctionScriptingTraits (0ms)
			SetupTypeCache (209ms)
			ReleaseScriptCaches (2ms)
			RebuildScriptCaches (60ms)
			SetupLoadedEditorAssemblies (718ms)
				LogAssemblyErrors (0ms)
				InitializePlatformSupportModulesInManaged (4ms)
				SetLoadedEditorAssemblies (1ms)
				RefreshPlugins (2ms)
				BeforeProcessingInitializeOnLoad (69ms)
				ProcessInitializeOnLoadAttributes (603ms)
				ProcessInitializeOnLoadMethodAttributes (35ms)
				AfterProcessingInitializeOnLoad (4ms)
				EditorAssembliesLoaded (0ms)
			ExecutionOrderSort2 (0ms)
			AwakeInstancesAfterBackupRestoration (10ms)
Platform modules already initialized, skipping
Refreshing native plugins compatible for Editor in 3.66 ms, found 3 plugins.
Preloading 0 native plugins for Editor in 0.00 ms.
Unloading 2844 Unused Serialized files (Serialized files now loaded: 0)
Unloading 35 unused Assets / (130.3 KB). Loaded Objects now: 3426.
Memory consumption went from 168.1 MB to 168.0 MB.
Total: 5.489500 ms (FindLiveObjects: 0.496800 ms CreateObjectMapping: 0.116400 ms MarkObjects: 4.695500 ms  DeleteObjects: 0.179500 ms)

AssetImportParameters requested are different than current active one (requested -> active):
  custom:video-decoder-ogg-theora: a1e56fd34408186e4bbccfd4996cb3dc -> 
  custom:container-muxer-webm: aa71ff27fc2769a1b78a27578f13a17b -> 
  custom:container-demuxer-webm: 4f35f7cbe854078d1ac9338744f61a02 -> 
  custom:video-encoder-webm-vp8: eb34c28f22e8b96e1ab97ce403110664 -> 
  custom:CustomObjectIndexerAttribute: bc11b3a6c3213fcdd17b65e7da85e133 -> 
  custom:audio-encoder-webm-vorbis: bf7c407c2cedff20999df2af8eb42d56 -> 
  custom:framework-win-MediaFoundation: 216162199b28c13a410421893ffa2e32 -> 
  custom:SearchIndexIgnoredProperties: e643bd26f0fe6173181afceb89e7c659 -> 
  custom:container-demuxer-ogg: 62fdf1f143b41e24485cea50d1cbac27 -> 
  custom:video-decoder-webm-vp8: 9c59270c3fd7afecdb556c50c9e8de78 -> 
  custom:audio-decoder-ogg-vorbis: bf7c407c2cedff20999df2af8eb42d56 -> 
========================================================================
Received Prepare
Registering precompiled user dll's ...
Registered in 0.003879 seconds.
Begin MonoManager ReloadAssembly
Native extension for WindowsStandalone target not found
Refreshing native plugins compatible for Editor in 1.78 ms, found 3 plugins.
Preloading 0 native plugins for Editor in 0.00 ms.
[Package Manager] Server::EnsureServerProcessIsRunning -- launch failed, reason: Unity was launched with the -noUpm command-line argument
[Package Manager] Cannot connect to Unity Package Manager local server
Mono: successfully reloaded assembly
- Completed reload, in  1.332 seconds
Domain Reload Profiling:
	ReloadAssembly (1333ms)
		BeginReloadAssembly (164ms)
			ExecutionOrderSort (0ms)
			DisableScriptedObjects (7ms)
			BackupInstance (0ms)
			ReleaseScriptingObjects (0ms)
			CreateAndSetChildDomain (34ms)
		EndReloadAssembly (1075ms)
			LoadAssemblies (117ms)
			RebuildTransferFunctionScriptingTraits (0ms)
			SetupTypeCache (206ms)
			ReleaseScriptCaches (2ms)
			RebuildScriptCaches (54ms)
			SetupLoadedEditorAssemblies (708ms)
				LogAssemblyErrors (0ms)
				InitializePlatformSupportModulesInManaged (4ms)
				SetLoadedEditorAssemblies (0ms)
				RefreshPlugins (2ms)
				BeforeProcessingInitializeOnLoad (67ms)
				ProcessInitializeOnLoadAttributes (602ms)
				ProcessInitializeOnLoadMethodAttributes (30ms)
				AfterProcessingInitializeOnLoad (3ms)
				EditorAssembliesLoaded (0ms)
			ExecutionOrderSort2 (0ms)
			AwakeInstancesAfterBackupRestoration (8ms)
Platform modules already initialized, skipping
Refreshing native plugins compatible for Editor in 3.50 ms, found 3 plugins.
Preloading 0 native plugins for Editor in 0.00 ms.
Unloading 2844 Unused Serialized files (Serialized files now loaded: 0)
Unloading 35 unused Assets / (138.0 KB). Loaded Objects now: 3429.
Memory consumption went from 168.1 MB to 168.0 MB.
Total: 5.017200 ms (FindLiveObjects: 0.436800 ms CreateObjectMapping: 0.106700 ms MarkObjects: 4.296100 ms  DeleteObjects: 0.176200 ms)

AssetImportParameters requested are different than current active one (requested -> active):
  custom:video-decoder-ogg-theora: a1e56fd34408186e4bbccfd4996cb3dc -> 
  custom:container-muxer-webm: aa71ff27fc2769a1b78a27578f13a17b -> 
  custom:container-demuxer-webm: 4f35f7cbe854078d1ac9338744f61a02 -> 
  custom:video-encoder-webm-vp8: eb34c28f22e8b96e1ab97ce403110664 -> 
  custom:CustomObjectIndexerAttribute: bc11b3a6c3213fcdd17b65e7da85e133 -> 
  custom:audio-encoder-webm-vorbis: bf7c407c2cedff20999df2af8eb42d56 -> 
  custom:framework-win-MediaFoundation: 216162199b28c13a410421893ffa2e32 -> 
  custom:SearchIndexIgnoredProperties: e643bd26f0fe6173181afceb89e7c659 -> 
  custom:container-demuxer-ogg: 62fdf1f143b41e24485cea50d1cbac27 -> 
  custom:video-decoder-webm-vp8: 9c59270c3fd7afecdb556c50c9e8de78 -> 
  custom:audio-decoder-ogg-vorbis: bf7c407c2cedff20999df2af8eb42d56 -> 
========================================================================
Received Prepare
Registering precompiled user dll's ...
Registered in 0.003769 seconds.
Begin MonoManager ReloadAssembly
Native extension for WindowsStandalone target not found
Refreshing native plugins compatible for Editor in 2.39 ms, found 3 plugins.
Preloading 0 native plugins for Editor in 0.00 ms.
[Package Manager] Server::EnsureServerProcessIsRunning -- launch failed, reason: Unity was launched with the -noUpm command-line argument
[Package Manager] Cannot connect to Unity Package Manager local server
Mono: successfully reloaded assembly
- Completed reload, in  1.398 seconds
Domain Reload Profiling:
	ReloadAssembly (1399ms)
		BeginReloadAssembly (159ms)
			ExecutionOrderSort (0ms)
			DisableScriptedObjects (5ms)
			BackupInstance (0ms)
			ReleaseScriptingObjects (0ms)
			CreateAndSetChildDomain (33ms)
		EndReloadAssembly (1136ms)
			LoadAssemblies (117ms)
			RebuildTransferFunctionScriptingTraits (0ms)
			SetupTypeCache (224ms)
			ReleaseScriptCaches (2ms)
			RebuildScriptCaches (63ms)
			SetupLoadedEditorAssemblies (731ms)
				LogAssemblyErrors (0ms)
				InitializePlatformSupportModulesInManaged (5ms)
				SetLoadedEditorAssemblies (1ms)
				RefreshPlugins (2ms)
				BeforeProcessingInitializeOnLoad (67ms)
				ProcessInitializeOnLoadAttributes (617ms)
				ProcessInitializeOnLoadMethodAttributes (36ms)
				AfterProcessingInitializeOnLoad (3ms)
				EditorAssembliesLoaded (0ms)
			ExecutionOrderSort2 (0ms)
			AwakeInstancesAfterBackupRestoration (8ms)
Platform modules already initialized, skipping
Refreshing native plugins compatible for Editor in 4.06 ms, found 3 plugins.
Preloading 0 native plugins for Editor in 0.00 ms.
Unloading 2844 Unused Serialized files (Serialized files now loaded: 0)
Unloading 35 unused Assets / (130.4 KB). Loaded Objects now: 3432.
Memory consumption went from 168.1 MB to 168.0 MB.
Total: 6.039300 ms (FindLiveObjects: 0.699100 ms CreateObjectMapping: 0.129900 ms MarkObjects: 5.043900 ms  DeleteObjects: 0.164800 ms)

AssetImportParameters requested are different than current active one (requested -> active):
  custom:video-decoder-ogg-theora: a1e56fd34408186e4bbccfd4996cb3dc -> 
  custom:container-muxer-webm: aa71ff27fc2769a1b78a27578f13a17b -> 
  custom:container-demuxer-webm: 4f35f7cbe854078d1ac9338744f61a02 -> 
  custom:video-encoder-webm-vp8: eb34c28f22e8b96e1ab97ce403110664 -> 
  custom:CustomObjectIndexerAttribute: bc11b3a6c3213fcdd17b65e7da85e133 -> 
  custom:audio-encoder-webm-vorbis: bf7c407c2cedff20999df2af8eb42d56 -> 
  custom:framework-win-MediaFoundation: 216162199b28c13a410421893ffa2e32 -> 
  custom:SearchIndexIgnoredProperties: e643bd26f0fe6173181afceb89e7c659 -> 
  custom:container-demuxer-ogg: 62fdf1f143b41e24485cea50d1cbac27 -> 
  custom:video-decoder-webm-vp8: 9c59270c3fd7afecdb556c50c9e8de78 -> 
  custom:audio-decoder-ogg-vorbis: bf7c407c2cedff20999df2af8eb42d56 -> 
========================================================================
Received Import Request.
  Time since last request: 2005.366812 seconds.
  path: Assets/Basic Shooter Pack/hit reaction.fbx
  artifactKey: Guid(5ed2539ed440f574ea66c7b0cb0bd479) Importer(815301076,1909f56bfc062723c751e8b465ee728b)
Number of updated assets reloaded before import = 0
Start importing Assets/Basic Shooter Pack/hit reaction.fbx using Guid(5ed2539ed440f574ea66c7b0cb0bd479) Importer(815301076,1909f56bfc062723c751e8b465ee728b)  -> (artifact id: 'dbea6a9629766d91670c18abec393908') in 0.050550 seconds 
Number of asset objects unloaded after import = 135
========================================================================
Received Import Request.
  Time since last request: 0.000030 seconds.
  path: Assets/Basic Shooter Pack/strafe.fbx
  artifactKey: Guid(83544582ec229d74186784a0bf377cb2) Importer(815301076,1909f56bfc062723c751e8b465ee728b)
Number of updated assets reloaded before import = 0
Start importing Assets/Basic Shooter Pack/strafe.fbx using Guid(83544582ec229d74186784a0bf377cb2) Importer(815301076,1909f56bfc062723c751e8b465ee728b)  -> (artifact id: '3bd55826e042e9c445ccea5a22f2309e') in 0.004189 seconds 
Number of asset objects unloaded after import = 135
========================================================================
Received Import Request.
  Time since last request: 0.000029 seconds.
  path: Assets/Basic Shooter Pack/rifle aiming idle.fbx
  artifactKey: Guid(c3def5e29033b12438a2e33ae9713e23) Importer(815301076,1909f56bfc062723c751e8b465ee728b)
Number of updated assets reloaded before import = 0
Start importing Assets/Basic Shooter Pack/rifle aiming idle.fbx using Guid(c3def5e29033b12438a2e33ae9713e23) Importer(815301076,1909f56bfc062723c751e8b465ee728b)  -> (artifact id: 'a1574003301f4d872b9070c7e42ae832') in 0.558007 seconds 
Number of asset objects unloaded after import = 135
========================================================================
Received Import Request.
  Time since last request: 0.000028 seconds.
  path: Assets/Basic Shooter Pack/turning right 45 degrees.fbx
  artifactKey: Guid(9f88a1b35d2963d409dc8794639a81be) Importer(815301076,1909f56bfc062723c751e8b465ee728b)
Number of updated assets reloaded before import = 0
Start importing Assets/Basic Shooter Pack/turning right 45 degrees.fbx using Guid(9f88a1b35d2963d409dc8794639a81be) Importer(815301076,1909f56bfc062723c751e8b465ee728b)  -> (artifact id: '61f4057bfa064d1224de68a44068a4af') in 0.005189 seconds 
Number of asset objects unloaded after import = 135
========================================================================
Received Import Request.
  Time since last request: 0.000031 seconds.
  path: Assets/Basic Shooter Pack/strafe left.fbx
  artifactKey: Guid(221ef55888e5f7246b222904b6992f8d) Importer(815301076,1909f56bfc062723c751e8b465ee728b)
Number of updated assets reloaded before import = 0
Start importing Assets/Basic Shooter Pack/strafe left.fbx using Guid(221ef55888e5f7246b222904b6992f8d) Importer(815301076,1909f56bfc062723c751e8b465ee728b)  -> (artifact id: '7796120265901f60844d1e5a57ce8c95') in 0.005305 seconds 
Number of asset objects unloaded after import = 135
========================================================================
Received Import Request.
  Time since last request: 0.000020 seconds.
  path: Assets/Basic Shooter Pack/reloading.fbx
  artifactKey: Guid(c4dffcd3ef203994f898cd1b4c8d9646) Importer(815301076,1909f56bfc062723c751e8b465ee728b)
Number of updated assets reloaded before import = 0
Start importing Assets/Basic Shooter Pack/reloading.fbx using Guid(c4dffcd3ef203994f898cd1b4c8d9646) Importer(815301076,1909f56bfc062723c751e8b465ee728b)  -> (artifact id: '9dd5bffdc62d2752970d7c319c50b8a3') in 0.004797 seconds 
Number of asset objects unloaded after import = 135
========================================================================
Received Import Request.
  Time since last request: 0.000026 seconds.
  path: Assets/Basic Shooter Pack/turn left.fbx
  artifactKey: Guid(117148617c94de5499f0ca7b38320c00) Importer(815301076,1909f56bfc062723c751e8b465ee728b)
Number of updated assets reloaded before import = 0
Start importing Assets/Basic Shooter Pack/turn left.fbx using Guid(117148617c94de5499f0ca7b38320c00) Importer(815301076,1909f56bfc062723c751e8b465ee728b)  -> (artifact id: '1fc1193e47b9ce939a435ecc3b9fef8e') in 0.004019 seconds 
Number of asset objects unloaded after import = 135
========================================================================
Received Import Request.
  Time since last request: 23.334046 seconds.
  path: Assets/Polytope Studio/Lowpoly_Environments/Sources/Meshes/Rocks/PT_Ore_Rock_01.fbx
  artifactKey: Guid(a9129ae83f8faf646961b70c4b103833) Importer(815301076,1909f56bfc062723c751e8b465ee728b)
Number of updated assets reloaded before import = 0
Start importing Assets/Polytope Studio/Lowpoly_Environments/Sources/Meshes/Rocks/PT_Ore_Rock_01.fbx using Guid(a9129ae83f8faf646961b70c4b103833) Importer(815301076,1909f56bfc062723c751e8b465ee728b)  -> (artifact id: 'd32fce77072286b471cdaa578df1e10b') in 0.730287 seconds 
Number of asset objects unloaded after import = 23
========================================================================
Received Import Request.
  Time since last request: 0.000027 seconds.
  path: Assets/Polytope Studio/Lowpoly_Environments/Sources/Meshes/Rocks/PT_Ore_Rock_01_split.fbx
  artifactKey: Guid(e011a827265c38e44baeae9310a2a9e2) Importer(815301076,1909f56bfc062723c751e8b465ee728b)
Number of updated assets reloaded before import = 0
Start importing Assets/Polytope Studio/Lowpoly_Environments/Sources/Meshes/Rocks/PT_Ore_Rock_01_split.fbx using Guid(e011a827265c38e44baeae9310a2a9e2) Importer(815301076,1909f56bfc062723c751e8b465ee728b)  -> (artifact id: 'fe4e49912cc4fa20031fdf7fadd559ab') in 0.350923 seconds 
Number of asset objects unloaded after import = 23
========================================================================
Received Import Request.
  Time since last request: 0.000024 seconds.
  path: Assets/Medieval houses/Timber house/Timber house.fbx
  artifactKey: Guid(304620c2a96ce1043bc12531ed0125d2) Importer(815301076,1909f56bfc062723c751e8b465ee728b)
Number of updated assets reloaded before import = 0
Start importing Assets/Medieval houses/Timber house/Timber house.fbx using Guid(304620c2a96ce1043bc12531ed0125d2) Importer(815301076,1909f56bfc062723c751e8b465ee728b)  -> (artifact id: '743387eb3700d2ccbeeea8039d5fe168') in 0.807443 seconds 
Number of asset objects unloaded after import = 11
========================================================================
Received Import Request.
  Time since last request: 2.216575 seconds.
  path: Assets/Polytope Studio/Lowpoly_Environments/Sources/Meshes/Trees/PT_Fruit_Tree_01_pears.fbx
  artifactKey: Guid(ab5654911e4a8494190af9551d81ea81) Importer(815301076,1909f56bfc062723c751e8b465ee728b)
Number of updated assets reloaded before import = 0
Start importing Assets/Polytope Studio/Lowpoly_Environments/Sources/Meshes/Trees/PT_Fruit_Tree_01_pears.fbx using Guid(ab5654911e4a8494190af9551d81ea81) Importer(815301076,1909f56bfc062723c751e8b465ee728b)  -> (artifact id: 'a8965beebe0465e4432258f1fb16e20f') in 0.570364 seconds 
Number of asset objects unloaded after import = 24
Editor requested this worker to shutdown with reason: Scaling down because of idle timeout
AssetImportWorker is now disconnected from the server
Process exiting
Exiting without the bug reporter. Application will terminate with return code 0