Using pre-set license
Built from '2021.3/staging' branch; Version is '2021.3.35f1 (157b46ce122a) revision 1407814'; Using compiler version '192829333'; Build Type 'Release'
OS: 'Windows 10  (10.0.19045) 64bit Core' Language: 'en' Physical Memory: 16166 MB
BatchMode: 1, IsHumanControllingUs: 0, StartBugReporterOnCrash: 0, Is64bit: 1, IsPro: 1

COMMAND LINE ARGUMENTS:
C:\Program Files\Unity\Hub\Editor\2021.3.35f1\Editor\Unity.exe
-adb2
-batchMode
-noUpm
-name
AssetImportWorker1
-projectPath
C:/Users/alikh/jeu-final/NeonBlitz3D
-logFile
Logs/AssetImportWorker1.log
-srvPort
55187
Successfully changed project path to: C:/Users/alikh/jeu-final/NeonBlitz3D
C:/Users/alikh/jeu-final/NeonBlitz3D
[UnityMemory] Configuration Parameters - Can be set up in boot.config
    "memorysetup-bucket-allocator-granularity=16"
    "memorysetup-bucket-allocator-bucket-count=8"
    "memorysetup-bucket-allocator-block-size=33554432"
    "memorysetup-bucket-allocator-block-count=8"
    "memorysetup-main-allocator-block-size=16777216"
    "memorysetup-thread-allocator-block-size=16777216"
    "memorysetup-gfx-main-allocator-block-size=16777216"
    "memorysetup-gfx-thread-allocator-block-size=16777216"
    "memorysetup-cache-allocator-block-size=4194304"
    "memorysetup-typetree-allocator-block-size=2097152"
    "memorysetup-profiler-bucket-allocator-granularity=16"
    "memorysetup-profiler-bucket-allocator-bucket-count=8"
    "memorysetup-profiler-bucket-allocator-block-size=33554432"
    "memorysetup-profiler-bucket-allocator-block-count=8"
    "memorysetup-profiler-allocator-block-size=16777216"
    "memorysetup-profiler-editor-allocator-block-size=1048576"
    "memorysetup-temp-allocator-size-main=16777216"
    "memorysetup-job-temp-allocator-block-size=2097152"
    "memorysetup-job-temp-allocator-block-size-background=1048576"
    "memorysetup-job-temp-allocator-reduction-small-platforms=262144"
    "memorysetup-temp-allocator-size-background-worker=32768"
    "memorysetup-temp-allocator-size-job-worker=262144"
    "memorysetup-temp-allocator-size-preload-manager=33554432"
    "memorysetup-temp-allocator-size-nav-mesh-worker=65536"
    "memorysetup-temp-allocator-size-audio-worker=65536"
    "memorysetup-temp-allocator-size-cloud-worker=32768"
    "memorysetup-temp-allocator-size-gi-baking-worker=262144"
    "memorysetup-temp-allocator-size-gfx=262144"
Player connection [10568] Host "[IP] 192.168.10.1 [Port] 0 [Flags] 2 [Guid] 1234955677 [EditorId] 1234955677 [Version] 1048832 [Id] WindowsEditor(7,DESKTOP-SP5VMU1) [Debug] 1 [PackageName] WindowsEditor [ProjectName] Editor" joined multi-casting on [225.0.0.222:54997]...

Player connection [10568] Host "[IP] 192.168.10.1 [Port] 0 [Flags] 2 [Guid] 1234955677 [EditorId] 1234955677 [Version] 1048832 [Id] WindowsEditor(7,DESKTOP-SP5VMU1) [Debug] 1 [PackageName] WindowsEditor [ProjectName] Editor" joined alternative multi-casting on [225.0.0.222:34997]...

[Physics::Module] Initialized MultithreadedJobDispatcher with {0} workers.
Refreshing native plugins compatible for Editor in 80.11 ms, found 2 plugins.
Preloading 0 native plugins for Editor in 0.00 ms.
Initialize engine version: 2021.3.35f1 (157b46ce122a)
[Subsystems] Discovering subsystems at path C:/Program Files/Unity/Hub/Editor/2021.3.35f1/Editor/Data/Resources/UnitySubsystems
[Subsystems] Discovering subsystems at path C:/Users/alikh/jeu-final/NeonBlitz3D/Assets
GfxDevice: creating device client; threaded=0; jobified=0
Direct3D:
    Version:  Direct3D 11.0 [level 11.1]
    Renderer: NVIDIA GeForce RTX 3060 (ID=0x2503)
    Vendor:   NVIDIA
    VRAM:     12115 MB
    Driver:   31.0.15.5134
Initialize mono
Mono path[0] = 'C:/Program Files/Unity/Hub/Editor/2021.3.35f1/Editor/Data/Managed'
Mono path[1] = 'C:/Program Files/Unity/Hub/Editor/2021.3.35f1/Editor/Data/MonoBleedingEdge/lib/mono/unityjit-win32'
Mono config path = 'C:/Program Files/Unity/Hub/Editor/2021.3.35f1/Editor/Data/MonoBleedingEdge/etc'
Using monoOptions --debugger-agent=transport=dt_socket,embedding=1,server=y,suspend=n,address=127.0.0.1:56192
Begin MonoManager ReloadAssembly
Registering precompiled unity dll's ...
Register platform support module: C:/Program Files/Unity/Hub/Editor/2021.3.35f1/Editor/Data/PlaybackEngines/WindowsStandaloneSupport/UnityEditor.WindowsStandalone.Extensions.dll
Registered in 0.006463 seconds.
Native extension for WindowsStandalone target not found
Refreshing native plugins compatible for Editor in 74.29 ms, found 2 plugins.
Preloading 0 native plugins for Editor in 0.00 ms.
Mono: successfully reloaded assembly
- Completed reload, in  0.567 seconds
Domain Reload Profiling:
	ReloadAssembly (567ms)
		BeginReloadAssembly (76ms)
			ExecutionOrderSort (0ms)
			DisableScriptedObjects (0ms)
			BackupInstance (0ms)
			ReleaseScriptingObjects (0ms)
			CreateAndSetChildDomain (1ms)
		EndReloadAssembly (392ms)
			LoadAssemblies (74ms)
			RebuildTransferFunctionScriptingTraits (0ms)
			SetupTypeCache (91ms)
			ReleaseScriptCaches (0ms)
			RebuildScriptCaches (23ms)
			SetupLoadedEditorAssemblies (242ms)
				LogAssemblyErrors (0ms)
				InitializePlatformSupportModulesInManaged (7ms)
				SetLoadedEditorAssemblies (0ms)
				RefreshPlugins (74ms)
				BeforeProcessingInitializeOnLoad (1ms)
				ProcessInitializeOnLoadAttributes (121ms)
				ProcessInitializeOnLoadMethodAttributes (38ms)
				AfterProcessingInitializeOnLoad (0ms)
				EditorAssembliesLoaded (0ms)
			ExecutionOrderSort2 (0ms)
			AwakeInstancesAfterBackupRestoration (0ms)
Platform modules already initialized, skipping
Registering precompiled user dll's ...
Registered in 0.002365 seconds.
Begin MonoManager ReloadAssembly
Native extension for WindowsStandalone target not found
Refreshing native plugins compatible for Editor in 0.82 ms, found 2 plugins.
Preloading 0 native plugins for Editor in 0.00 ms.
Package Manager log level set to [2]
[Package Manager] Server::EnsureServerProcessIsRunning -- launch failed, reason: Unity was launched with the -noUpm command-line argument
[Package Manager] Cannot connect to Unity Package Manager local server
Mono: successfully reloaded assembly
- Completed reload, in  1.090 seconds
Domain Reload Profiling:
	ReloadAssembly (1091ms)
		BeginReloadAssembly (102ms)
			ExecutionOrderSort (0ms)
			DisableScriptedObjects (5ms)
			BackupInstance (0ms)
			ReleaseScriptingObjects (0ms)
			CreateAndSetChildDomain (17ms)
		EndReloadAssembly (906ms)
			LoadAssemblies (72ms)
			RebuildTransferFunctionScriptingTraits (0ms)
			SetupTypeCache (149ms)
			ReleaseScriptCaches (0ms)
			RebuildScriptCaches (39ms)
			SetupLoadedEditorAssemblies (633ms)
				LogAssemblyErrors (0ms)
				InitializePlatformSupportModulesInManaged (5ms)
				SetLoadedEditorAssemblies (0ms)
				RefreshPlugins (1ms)
				BeforeProcessingInitializeOnLoad (47ms)
				ProcessInitializeOnLoadAttributes (556ms)
				ProcessInitializeOnLoadMethodAttributes (16ms)
				AfterProcessingInitializeOnLoad (7ms)
				EditorAssembliesLoaded (0ms)
			ExecutionOrderSort2 (0ms)
			AwakeInstancesAfterBackupRestoration (5ms)
Platform modules already initialized, skipping
========================================================================
Worker process is ready to serve import requests
Launched and connected shader compiler UnityShaderCompiler.exe after 0.03 seconds
Refreshing native plugins compatible for Editor in 1.15 ms, found 2 plugins.
Preloading 0 native plugins for Editor in 0.00 ms.
Unloading 1981 Unused Serialized files (Serialized files now loaded: 0)
Unloading 32 unused Assets / (171.5 KB). Loaded Objects now: 2467.
Memory consumption went from 124.4 MB to 124.2 MB.
Total: 1.983200 ms (FindLiveObjects: 0.141300 ms CreateObjectMapping: 0.045700 ms MarkObjects: 1.694900 ms  DeleteObjects: 0.100100 ms)

AssetImportParameters requested are different than current active one (requested -> active):
  custom:video-decoder-ogg-theora: a1e56fd34408186e4bbccfd4996cb3dc -> 
  custom:container-muxer-webm: aa71ff27fc2769a1b78a27578f13a17b -> 
  custom:container-demuxer-webm: 4f35f7cbe854078d1ac9338744f61a02 -> 
  custom:video-encoder-webm-vp8: eb34c28f22e8b96e1ab97ce403110664 -> 
  custom:video-codec-MediaFoundation-h265: 746d11721c4dcdbdad8f713fa42b33f4 -> 
  custom:CustomObjectIndexerAttribute: bc11b3a6c3213fcdd17b65e7da85e133 -> 
  custom:audio-encoder-webm-vorbis: bf7c407c2cedff20999df2af8eb42d56 -> 
  custom:framework-win-MediaFoundation: 216162199b28c13a410421893ffa2e32 -> 
  custom:SearchIndexIgnoredProperties: e643bd26f0fe6173181afceb89e7c659 -> 
  custom:container-demuxer-ogg: 62fdf1f143b41e24485cea50d1cbac27 -> 
  custom:video-decoder-webm-vp8: 9c59270c3fd7afecdb556c50c9e8de78 -> 
  custom:audio-decoder-ogg-vorbis: bf7c407c2cedff20999df2af8eb42d56 -> 
========================================================================
Received Prepare
Registering precompiled user dll's ...
Registered in 0.002321 seconds.
Begin MonoManager ReloadAssembly
Native extension for WindowsStandalone target not found
Refreshing native plugins compatible for Editor in 0.96 ms, found 2 plugins.
Preloading 0 native plugins for Editor in 0.00 ms.
[Package Manager] Server::EnsureServerProcessIsRunning -- launch failed, reason: Unity was launched with the -noUpm command-line argument
[Package Manager] Cannot connect to Unity Package Manager local server
Mono: successfully reloaded assembly
- Completed reload, in  1.245 seconds
Domain Reload Profiling:
	ReloadAssembly (1246ms)
		BeginReloadAssembly (138ms)
			ExecutionOrderSort (0ms)
			DisableScriptedObjects (3ms)
			BackupInstance (0ms)
			ReleaseScriptingObjects (0ms)
			CreateAndSetChildDomain (26ms)
		EndReloadAssembly (1025ms)
			LoadAssemblies (88ms)
			RebuildTransferFunctionScriptingTraits (0ms)
			SetupTypeCache (189ms)
			ReleaseScriptCaches (1ms)
			RebuildScriptCaches (50ms)
			SetupLoadedEditorAssemblies (689ms)
				LogAssemblyErrors (0ms)
				InitializePlatformSupportModulesInManaged (7ms)
				SetLoadedEditorAssemblies (0ms)
				RefreshPlugins (1ms)
				BeforeProcessingInitializeOnLoad (63ms)
				ProcessInitializeOnLoadAttributes (592ms)
				ProcessInitializeOnLoadMethodAttributes (16ms)
				AfterProcessingInitializeOnLoad (9ms)
				EditorAssembliesLoaded (0ms)
			ExecutionOrderSort2 (0ms)
			AwakeInstancesAfterBackupRestoration (6ms)
Platform modules already initialized, skipping
Refreshing native plugins compatible for Editor in 1.20 ms, found 2 plugins.
Preloading 0 native plugins for Editor in 0.00 ms.
Unloading 1948 Unused Serialized files (Serialized files now loaded: 0)
Unloading 27 unused Assets / (137.2 KB). Loaded Objects now: 2471.
Memory consumption went from 120.3 MB to 120.2 MB.
Total: 2.170700 ms (FindLiveObjects: 0.137100 ms CreateObjectMapping: 0.050600 ms MarkObjects: 1.905800 ms  DeleteObjects: 0.076000 ms)

AssetImportParameters requested are different than current active one (requested -> active):
  custom:video-decoder-ogg-theora: a1e56fd34408186e4bbccfd4996cb3dc -> 
  custom:container-muxer-webm: aa71ff27fc2769a1b78a27578f13a17b -> 
  custom:container-demuxer-webm: 4f35f7cbe854078d1ac9338744f61a02 -> 
  custom:video-encoder-webm-vp8: eb34c28f22e8b96e1ab97ce403110664 -> 
  custom:video-codec-MediaFoundation-h265: 746d11721c4dcdbdad8f713fa42b33f4 -> 
  custom:CustomObjectIndexerAttribute: bc11b3a6c3213fcdd17b65e7da85e133 -> 
  custom:audio-encoder-webm-vorbis: bf7c407c2cedff20999df2af8eb42d56 -> 
  custom:framework-win-MediaFoundation: 216162199b28c13a410421893ffa2e32 -> 
  custom:SearchIndexIgnoredProperties: e643bd26f0fe6173181afceb89e7c659 -> 
  custom:container-demuxer-ogg: 62fdf1f143b41e24485cea50d1cbac27 -> 
  custom:video-decoder-webm-vp8: 9c59270c3fd7afecdb556c50c9e8de78 -> 
  custom:audio-decoder-ogg-vorbis: bf7c407c2cedff20999df2af8eb42d56 -> 
========================================================================
Received Prepare
Registering precompiled user dll's ...
Registered in 0.003499 seconds.
Begin MonoManager ReloadAssembly
Native extension for WindowsStandalone target not found
Refreshing native plugins compatible for Editor in 1.05 ms, found 2 plugins.
Preloading 0 native plugins for Editor in 0.00 ms.
[Package Manager] Server::EnsureServerProcessIsRunning -- launch failed, reason: Unity was launched with the -noUpm command-line argument
[Package Manager] Cannot connect to Unity Package Manager local server
Mono: successfully reloaded assembly
- Completed reload, in  1.168 seconds
Domain Reload Profiling:
	ReloadAssembly (1168ms)
		BeginReloadAssembly (117ms)
			ExecutionOrderSort (0ms)
			DisableScriptedObjects (3ms)
			BackupInstance (0ms)
			ReleaseScriptingObjects (0ms)
			CreateAndSetChildDomain (22ms)
		EndReloadAssembly (979ms)
			LoadAssemblies (75ms)
			RebuildTransferFunctionScriptingTraits (0ms)
			SetupTypeCache (168ms)
			ReleaseScriptCaches (1ms)
			RebuildScriptCaches (48ms)
			SetupLoadedEditorAssemblies (666ms)
				LogAssemblyErrors (0ms)
				InitializePlatformSupportModulesInManaged (6ms)
				SetLoadedEditorAssemblies (1ms)
				RefreshPlugins (1ms)
				BeforeProcessingInitializeOnLoad (59ms)
				ProcessInitializeOnLoadAttributes (571ms)
				ProcessInitializeOnLoadMethodAttributes (19ms)
				AfterProcessingInitializeOnLoad (9ms)
				EditorAssembliesLoaded (0ms)
			ExecutionOrderSort2 (0ms)
			AwakeInstancesAfterBackupRestoration (5ms)
Platform modules already initialized, skipping
Refreshing native plugins compatible for Editor in 1.03 ms, found 2 plugins.
Preloading 0 native plugins for Editor in 0.00 ms.
Unloading 1947 Unused Serialized files (Serialized files now loaded: 0)
Unloading 27 unused Assets / (145.0 KB). Loaded Objects now: 2474.
Memory consumption went from 120.3 MB to 120.2 MB.
Total: 2.144600 ms (FindLiveObjects: 0.156900 ms CreateObjectMapping: 0.060800 ms MarkObjects: 1.837500 ms  DeleteObjects: 0.088300 ms)

AssetImportParameters requested are different than current active one (requested -> active):
  custom:video-decoder-ogg-theora: a1e56fd34408186e4bbccfd4996cb3dc -> 
  custom:container-muxer-webm: aa71ff27fc2769a1b78a27578f13a17b -> 
  custom:container-demuxer-webm: 4f35f7cbe854078d1ac9338744f61a02 -> 
  custom:video-encoder-webm-vp8: eb34c28f22e8b96e1ab97ce403110664 -> 
  custom:video-codec-MediaFoundation-h265: 746d11721c4dcdbdad8f713fa42b33f4 -> 
  custom:CustomObjectIndexerAttribute: bc11b3a6c3213fcdd17b65e7da85e133 -> 
  custom:audio-encoder-webm-vorbis: bf7c407c2cedff20999df2af8eb42d56 -> 
  custom:framework-win-MediaFoundation: 216162199b28c13a410421893ffa2e32 -> 
  custom:SearchIndexIgnoredProperties: e643bd26f0fe6173181afceb89e7c659 -> 
  custom:container-demuxer-ogg: 62fdf1f143b41e24485cea50d1cbac27 -> 
  custom:video-decoder-webm-vp8: 9c59270c3fd7afecdb556c50c9e8de78 -> 
  custom:audio-decoder-ogg-vorbis: bf7c407c2cedff20999df2af8eb42d56 -> 
========================================================================
Received Prepare
Registering precompiled user dll's ...
Registered in 0.002479 seconds.
Begin MonoManager ReloadAssembly
Native extension for WindowsStandalone target not found
Refreshing native plugins compatible for Editor in 1.37 ms, found 2 plugins.
Preloading 0 native plugins for Editor in 0.00 ms.
[Package Manager] Server::EnsureServerProcessIsRunning -- launch failed, reason: Unity was launched with the -noUpm command-line argument
[Package Manager] Cannot connect to Unity Package Manager local server
Mono: successfully reloaded assembly
- Completed reload, in  1.314 seconds
Domain Reload Profiling:
	ReloadAssembly (1314ms)
		BeginReloadAssembly (140ms)
			ExecutionOrderSort (0ms)
			DisableScriptedObjects (3ms)
			BackupInstance (0ms)
			ReleaseScriptingObjects (0ms)
			CreateAndSetChildDomain (32ms)
		EndReloadAssembly (1091ms)
			LoadAssemblies (84ms)
			RebuildTransferFunctionScriptingTraits (0ms)
			SetupTypeCache (189ms)
			ReleaseScriptCaches (1ms)
			RebuildScriptCaches (68ms)
			SetupLoadedEditorAssemblies (712ms)
				LogAssemblyErrors (0ms)
				InitializePlatformSupportModulesInManaged (7ms)
				SetLoadedEditorAssemblies (0ms)
				RefreshPlugins (1ms)
				BeforeProcessingInitializeOnLoad (66ms)
				ProcessInitializeOnLoadAttributes (607ms)
				ProcessInitializeOnLoadMethodAttributes (21ms)
				AfterProcessingInitializeOnLoad (9ms)
				EditorAssembliesLoaded (0ms)
			ExecutionOrderSort2 (0ms)
			AwakeInstancesAfterBackupRestoration (6ms)
Platform modules already initialized, skipping
Refreshing native plugins compatible for Editor in 1.70 ms, found 2 plugins.
Preloading 0 native plugins for Editor in 0.00 ms.
Unloading 1947 Unused Serialized files (Serialized files now loaded: 0)
Unloading 27 unused Assets / (145.0 KB). Loaded Objects now: 2477.
Memory consumption went from 120.3 MB to 120.2 MB.
Total: 3.467400 ms (FindLiveObjects: 0.188200 ms CreateObjectMapping: 0.089100 ms MarkObjects: 3.043500 ms  DeleteObjects: 0.145300 ms)

AssetImportParameters requested are different than current active one (requested -> active):
  custom:video-decoder-ogg-theora: a1e56fd34408186e4bbccfd4996cb3dc -> 
  custom:container-muxer-webm: aa71ff27fc2769a1b78a27578f13a17b -> 
  custom:container-demuxer-webm: 4f35f7cbe854078d1ac9338744f61a02 -> 
  custom:video-encoder-webm-vp8: eb34c28f22e8b96e1ab97ce403110664 -> 
  custom:video-codec-MediaFoundation-h265: 746d11721c4dcdbdad8f713fa42b33f4 -> 
  custom:CustomObjectIndexerAttribute: bc11b3a6c3213fcdd17b65e7da85e133 -> 
  custom:audio-encoder-webm-vorbis: bf7c407c2cedff20999df2af8eb42d56 -> 
  custom:framework-win-MediaFoundation: 216162199b28c13a410421893ffa2e32 -> 
  custom:SearchIndexIgnoredProperties: e643bd26f0fe6173181afceb89e7c659 -> 
  custom:container-demuxer-ogg: 62fdf1f143b41e24485cea50d1cbac27 -> 
  custom:video-decoder-webm-vp8: 9c59270c3fd7afecdb556c50c9e8de78 -> 
  custom:audio-decoder-ogg-vorbis: bf7c407c2cedff20999df2af8eb42d56 -> 
========================================================================
Received Import Request.
  Time since last request: 213189.984977 seconds.
  path: Assets/Neon Blitz/Assets/Textures/Level Assets/Apocalypse.png
  artifactKey: Guid(17e0210a112fc3144b5c723216c0407f) Importer(815301076,1909f56bfc062723c751e8b465ee728b)
Number of updated assets reloaded before import = 0
Start importing Assets/Neon Blitz/Assets/Textures/Level Assets/Apocalypse.png using Guid(17e0210a112fc3144b5c723216c0407f) Importer(815301076,1909f56bfc062723c751e8b465ee728b)  -> (artifact id: 'c773e9157592b1d14f6225dc33374936') in 1.938497 seconds 
Number of asset objects unloaded after import = 2243
========================================================================
Received Import Request.
  Time since last request: 0.000026 seconds.
  path: Assets/Neon Blitz/Assets/Textures/Level Assets/rmNickeStore.png
  artifactKey: Guid(62c517f0385db7d499fd896aa765c1f4) Importer(815301076,1909f56bfc062723c751e8b465ee728b)
Number of updated assets reloaded before import = 0
Start importing Assets/Neon Blitz/Assets/Textures/Level Assets/rmNickeStore.png using Guid(62c517f0385db7d499fd896aa765c1f4) Importer(815301076,1909f56bfc062723c751e8b465ee728b)  -> (artifact id: 'faa41ff7c29ced6efe0db5c7ef6c5266') in 0.040896 seconds 
Number of asset objects unloaded after import = 3
========================================================================
Received Import Request.
  Time since last request: 0.000025 seconds.
  path: Assets/Neon Blitz/Assets/Textures/Level Assets/rmEndCamp1.png
  artifactKey: Guid(3db58109e92fd1949be2ac73e7e89f39) Importer(815301076,1909f56bfc062723c751e8b465ee728b)
Number of updated assets reloaded before import = 0
Start importing Assets/Neon Blitz/Assets/Textures/Level Assets/rmEndCamp1.png using Guid(3db58109e92fd1949be2ac73e7e89f39) Importer(815301076,1909f56bfc062723c751e8b465ee728b)  -> (artifact id: 'd4141e896d2408fc3f4cf7d43cf82209') in 0.041237 seconds 
Number of asset objects unloaded after import = 3
========================================================================
Received Import Request.
  Time since last request: 0.000019 seconds.
  path: Assets/Neon Blitz/Assets/Textures/Level Assets/rmHipsterBar.png
  artifactKey: Guid(aa1b5c5a3d733e54cbe8b2d7361b22d9) Importer(815301076,1909f56bfc062723c751e8b465ee728b)
Number of updated assets reloaded before import = 0
Start importing Assets/Neon Blitz/Assets/Textures/Level Assets/rmHipsterBar.png using Guid(aa1b5c5a3d733e54cbe8b2d7361b22d9) Importer(815301076,1909f56bfc062723c751e8b465ee728b)  -> (artifact id: '237d1cb07badcfd0734f0b6c12af171e') in 0.035932 seconds 
Number of asset objects unloaded after import = 3
========================================================================
Received Import Request.
  Time since last request: 0.000019 seconds.
  path: Assets/Neon Blitz/Assets/Textures/Level Assets/BloodMoney_Intro.png
  artifactKey: Guid(efff3dbe676a01047866fbfcf9313d3f) Importer(815301076,1909f56bfc062723c751e8b465ee728b)
Number of updated assets reloaded before import = 0
Start importing Assets/Neon Blitz/Assets/Textures/Level Assets/BloodMoney_Intro.png using Guid(efff3dbe676a01047866fbfcf9313d3f) Importer(815301076,1909f56bfc062723c751e8b465ee728b)  -> (artifact id: 'b755fd332428936dca4ebc898191baa7') in 0.050610 seconds 
Number of asset objects unloaded after import = 3
========================================================================
Received Import Request.
  Time since last request: 0.000014 seconds.
  path: Assets/Neon Blitz/Assets/Textures/Level Assets/Casualties.png
  artifactKey: Guid(71b2095152a803a41b4155f3818329da) Importer(815301076,1909f56bfc062723c751e8b465ee728b)
Number of updated assets reloaded before import = 0
Start importing Assets/Neon Blitz/Assets/Textures/Level Assets/Casualties.png using Guid(71b2095152a803a41b4155f3818329da) Importer(815301076,1909f56bfc062723c751e8b465ee728b)  -> (artifact id: 'd0b89e84f5c8d2b4862f450f43ca7132') in 0.031462 seconds 
Number of asset objects unloaded after import = 5
========================================================================
Received Import Request.
  Time since last request: 0.000015 seconds.
  path: Assets/Neon Blitz/Assets/Textures/Level Assets/Homicide_Outro.png
  artifactKey: Guid(40983aafb38670544ac4cf3d213a23d0) Importer(815301076,1909f56bfc062723c751e8b465ee728b)
Number of updated assets reloaded before import = 0
Start importing Assets/Neon Blitz/Assets/Textures/Level Assets/Homicide_Outro.png using Guid(40983aafb38670544ac4cf3d213a23d0) Importer(815301076,1909f56bfc062723c751e8b465ee728b)  -> (artifact id: 'ce917108e2230bd6e09ccbce2154a41e') in 0.046156 seconds 
Number of asset objects unloaded after import = 3
========================================================================
Received Import Request.
  Time since last request: 0.000017 seconds.
  path: Assets/Image/redpill.png
  artifactKey: Guid(b100545f9d2c3c349994e9d6f19fbb2f) Importer(815301076,1909f56bfc062723c751e8b465ee728b)
Number of updated assets reloaded before import = 0
Start importing Assets/Image/redpill.png using Guid(b100545f9d2c3c349994e9d6f19fbb2f) Importer(815301076,1909f56bfc062723c751e8b465ee728b)  -> (artifact id: 'f6ef4b21ae94675a2f71b04c2499c4cb') in 0.035639 seconds 
Number of asset objects unloaded after import = 3
========================================================================
Received Import Request.
  Time since last request: 0.000024 seconds.
  path: Assets/Neon Blitz/Assets/Textures/Level Assets/NoMercy_Intro.png
  artifactKey: Guid(f097ecbb98fda584db4f4305370382a4) Importer(815301076,1909f56bfc062723c751e8b465ee728b)
Number of updated assets reloaded before import = 0
Start importing Assets/Neon Blitz/Assets/Textures/Level Assets/NoMercy_Intro.png using Guid(f097ecbb98fda584db4f4305370382a4) Importer(815301076,1909f56bfc062723c751e8b465ee728b)  -> (artifact id: 'ba37dc45043479ab79dabc1f5f8c686f') in 0.046874 seconds 
Number of asset objects unloaded after import = 3
========================================================================
Received Import Request.
  Time since last request: 0.000015 seconds.
  path: Assets/Neon Blitz/Assets/Textures/Level Assets/NoMercy.png
  artifactKey: Guid(e51774e935219a44ebe25d1ca98c883b) Importer(815301076,1909f56bfc062723c751e8b465ee728b)
Number of updated assets reloaded before import = 0
Start importing Assets/Neon Blitz/Assets/Textures/Level Assets/NoMercy.png using Guid(e51774e935219a44ebe25d1ca98c883b) Importer(815301076,1909f56bfc062723c751e8b465ee728b)  -> (artifact id: '5891aaec144a118534f861f9ab2b19b3') in 0.050479 seconds 
Number of asset objects unloaded after import = 3
========================================================================
Received Import Request.
  Time since last request: 0.000015 seconds.
  path: Assets/Neon Blitz/Assets/Textures/Level Assets/rmDiner.png
  artifactKey: Guid(7dda6b5a91daf1b41b55f92de8134e92) Importer(815301076,1909f56bfc062723c751e8b465ee728b)
Number of updated assets reloaded before import = 0
Start importing Assets/Neon Blitz/Assets/Textures/Level Assets/rmDiner.png using Guid(7dda6b5a91daf1b41b55f92de8134e92) Importer(815301076,1909f56bfc062723c751e8b465ee728b)  -> (artifact id: '48507b4f45beab201159cfb8cc005ce1') in 0.037828 seconds 
Number of asset objects unloaded after import = 3
========================================================================
Received Import Request.
  Time since last request: 0.000015 seconds.
  path: Assets/Neon Blitz/Assets/Textures/Level Assets/DeathWish.png
  artifactKey: Guid(f1521fff449707743ad3004bff85300c) Importer(815301076,1909f56bfc062723c751e8b465ee728b)
Number of updated assets reloaded before import = 0
Start importing Assets/Neon Blitz/Assets/Textures/Level Assets/DeathWish.png using Guid(f1521fff449707743ad3004bff85300c) Importer(815301076,1909f56bfc062723c751e8b465ee728b)  -> (artifact id: '8096ef47646277f3d499384f6199fd11') in 0.062462 seconds 
Number of asset objects unloaded after import = 3
========================================================================
Received Import Request.
  Time since last request: 0.000016 seconds.
  path: Assets/Neon Blitz/Assets/Textures/Level Assets/IntoThePit.png
  artifactKey: Guid(2a672320482808b4ebc6f968bbea80a3) Importer(815301076,1909f56bfc062723c751e8b465ee728b)
Number of updated assets reloaded before import = 0
Start importing Assets/Neon Blitz/Assets/Textures/Level Assets/IntoThePit.png using Guid(2a672320482808b4ebc6f968bbea80a3) Importer(815301076,1909f56bfc062723c751e8b465ee728b)  -> (artifact id: 'f996e04b42cb6ecf384cd0317e39024f') in 0.072341 seconds 
Number of asset objects unloaded after import = 3
========================================================================
Received Import Request.
  Time since last request: 0.000015 seconds.
  path: Assets/Neon Blitz/Assets/Textures/Level Assets/blue lips icon.png
  artifactKey: Guid(c684390e3f95ec640873f348da2f4446) Importer(815301076,1909f56bfc062723c751e8b465ee728b)
Number of updated assets reloaded before import = 0
Start importing Assets/Neon Blitz/Assets/Textures/Level Assets/blue lips icon.png using Guid(c684390e3f95ec640873f348da2f4446) Importer(815301076,1909f56bfc062723c751e8b465ee728b)  -> (artifact id: '134d3dc4b4e8d683ebe5f040b3465407') in 0.043878 seconds 
Number of asset objects unloaded after import = 3
========================================================================
Received Import Request.
  Time since last request: 0.000023 seconds.
  path: Assets/Neon Blitz/Assets/Textures/Level Assets/rmTattoo.png
  artifactKey: Guid(0c396c0ecaef65c4fa8c5ed645d1ea8e) Importer(815301076,1909f56bfc062723c751e8b465ee728b)
Number of updated assets reloaded before import = 0
Start importing Assets/Neon Blitz/Assets/Textures/Level Assets/rmTattoo.png using Guid(0c396c0ecaef65c4fa8c5ed645d1ea8e) Importer(815301076,1909f56bfc062723c751e8b465ee728b)  -> (artifact id: 'e0f799da25b0583cbe76e9ac751d46a9') in 0.053609 seconds 
Number of asset objects unloaded after import = 3
========================================================================
Received Import Request.
  Time since last request: 0.000017 seconds.
  path: Assets/Neon Blitz/Assets/Textures/Level Assets/Seizure.png
  artifactKey: Guid(5827feb5bfc34e9418816802d753e7ac) Importer(815301076,1909f56bfc062723c751e8b465ee728b)
Number of updated assets reloaded before import = 0
Start importing Assets/Neon Blitz/Assets/Textures/Level Assets/Seizure.png using Guid(5827feb5bfc34e9418816802d753e7ac) Importer(815301076,1909f56bfc062723c751e8b465ee728b)  -> (artifact id: '97606840bc4d2d13b814a0c311cbc5b8') in 1.379663 seconds 
Number of asset objects unloaded after import = 1422
========================================================================
Received Import Request.
  Time since last request: 0.000027 seconds.
  path: Assets/Neon Blitz/Assets/Textures/Level Assets/rmSwanApartment.png
  artifactKey: Guid(4499b096013f999449abf24cf2da27d2) Importer(815301076,1909f56bfc062723c751e8b465ee728b)
Number of updated assets reloaded before import = 0
Start importing Assets/Neon Blitz/Assets/Textures/Level Assets/rmSwanApartment.png using Guid(4499b096013f999449abf24cf2da27d2) Importer(815301076,1909f56bfc062723c751e8b465ee728b)  -> (artifact id: 'bde02ffba05fb34ff99c7f48790330fd') in 0.045850 seconds 
Number of asset objects unloaded after import = 3
========================================================================
Received Import Request.
  Time since last request: 0.000027 seconds.
  path: Assets/Neon Blitz/Assets/Textures/Level Assets/Caught.png
  artifactKey: Guid(ca5fe9a1f69c0264c977f8ddb87dcf50) Importer(815301076,1909f56bfc062723c751e8b465ee728b)
Number of updated assets reloaded before import = 0
Start importing Assets/Neon Blitz/Assets/Textures/Level Assets/Caught.png using Guid(ca5fe9a1f69c0264c977f8ddb87dcf50) Importer(815301076,1909f56bfc062723c751e8b465ee728b)  -> (artifact id: '650e1f410443efce5d7f0a91624e4d4c') in 0.065170 seconds 
Number of asset objects unloaded after import = 3
========================================================================
Received Import Request.
  Time since last request: 0.000018 seconds.
  path: Assets/Neon Blitz/Assets/Textures/Level Assets/HouseCall.png
  artifactKey: Guid(f7d15193aaf841749a11f3da2b52b0b7) Importer(815301076,1909f56bfc062723c751e8b465ee728b)
Number of updated assets reloaded before import = 0
Start importing Assets/Neon Blitz/Assets/Textures/Level Assets/HouseCall.png using Guid(f7d15193aaf841749a11f3da2b52b0b7) Importer(815301076,1909f56bfc062723c751e8b465ee728b)  -> (artifact id: 'a74d6696841696591d1c28eeb2a62e5e') in 0.026505 seconds 
Number of asset objects unloaded after import = 6
========================================================================
Received Import Request.
  Time since last request: 0.000017 seconds.
  path: Assets/Neon Blitz/Assets/Textures/Level Assets/Casualties_Intro.png
  artifactKey: Guid(77f14dda1bf5bc74492f61350ab8e5b0) Importer(815301076,1909f56bfc062723c751e8b465ee728b)
Number of updated assets reloaded before import = 0
Start importing Assets/Neon Blitz/Assets/Textures/Level Assets/Casualties_Intro.png using Guid(77f14dda1bf5bc74492f61350ab8e5b0) Importer(815301076,1909f56bfc062723c751e8b465ee728b)  -> (artifact id: '300f5738058a2897726ea97be5783134') in 0.038525 seconds 
Number of asset objects unloaded after import = 3
========================================================================
Received Import Request.
  Time since last request: 0.000015 seconds.
  path: Assets/Neon Blitz/Assets/Textures/Level Assets/Credits.png
  artifactKey: Guid(f2faf1264e75c36428b547e23dfcd33a) Importer(815301076,1909f56bfc062723c751e8b465ee728b)
Number of updated assets reloaded before import = 0
Start importing Assets/Neon Blitz/Assets/Textures/Level Assets/Credits.png using Guid(f2faf1264e75c36428b547e23dfcd33a) Importer(815301076,1909f56bfc062723c751e8b465ee728b)  -> (artifact id: 'c457401a60eae98918365c9a7b4fa917') in 0.082356 seconds 
Number of asset objects unloaded after import = 3
========================================================================
Received Import Request.
  Time since last request: 0.000018 seconds.
  path: Assets/Neon Blitz/Assets/Textures/Level Assets/Demolition.png
  artifactKey: Guid(15ed551af5afe4c4f966ab9be6c5368a) Importer(815301076,1909f56bfc062723c751e8b465ee728b)
Number of updated assets reloaded before import = 0
Start importing Assets/Neon Blitz/Assets/Textures/Level Assets/Demolition.png using Guid(15ed551af5afe4c4f966ab9be6c5368a) Importer(815301076,1909f56bfc062723c751e8b465ee728b)  -> (artifact id: 'fcd264790ca0238270ceca2d413db8ed') in 0.052444 seconds 
Number of asset objects unloaded after import = 3
========================================================================
Received Import Request.
  Time since last request: 0.000023 seconds.
  path: Assets/Neon Blitz/Assets/Textures/Level Assets/rmBikerBar.png
  artifactKey: Guid(9ea8ef33010858f44b232fc815bcb851) Importer(815301076,1909f56bfc062723c751e8b465ee728b)
Number of updated assets reloaded before import = 0
Start importing Assets/Neon Blitz/Assets/Textures/Level Assets/rmBikerBar.png using Guid(9ea8ef33010858f44b232fc815bcb851) Importer(815301076,1909f56bfc062723c751e8b465ee728b)  -> (artifact id: 'cd88de2244a996620d0133f797347b33') in 0.066791 seconds 
Number of asset objects unloaded after import = 3
========================================================================
Received Import Request.
  Time since last request: 0.000016 seconds.
  path: Assets/Neon Blitz/Assets/Textures/Level Assets/rmOceanSide.png
  artifactKey: Guid(a00a99f7c0591b64f8c0950cf606023e) Importer(815301076,1909f56bfc062723c751e8b465ee728b)
Number of updated assets reloaded before import = 0
Start importing Assets/Neon Blitz/Assets/Textures/Level Assets/rmOceanSide.png using Guid(a00a99f7c0591b64f8c0950cf606023e) Importer(815301076,1909f56bfc062723c751e8b465ee728b)  -> (artifact id: '8c8475aafc4976b59071f52d3a3851a4') in 0.039995 seconds 
Number of asset objects unloaded after import = 3
========================================================================
Received Import Request.
  Time since last request: 0.000016 seconds.
  path: Assets/Neon Blitz/Assets/Textures/Level Assets/rmCrimeScene2.png
  artifactKey: Guid(0c6db77349c2354409ff2977cd125b63) Importer(815301076,1909f56bfc062723c751e8b465ee728b)
Number of updated assets reloaded before import = 0
Start importing Assets/Neon Blitz/Assets/Textures/Level Assets/rmCrimeScene2.png using Guid(0c6db77349c2354409ff2977cd125b63) Importer(815301076,1909f56bfc062723c751e8b465ee728b)  -> (artifact id: '90c169e98010d86926c86d416ab985d2') in 0.038793 seconds 
Number of asset objects unloaded after import = 3
========================================================================
Received Import Request.
  Time since last request: 0.000015 seconds.
  path: Assets/Neon Blitz/Assets/Textures/Level Assets/RatHome.png
  artifactKey: Guid(1b2bd145e5a894b4e9ed84ff40061fc4) Importer(815301076,1909f56bfc062723c751e8b465ee728b)
Number of updated assets reloaded before import = 0
Start importing Assets/Neon Blitz/Assets/Textures/Level Assets/RatHome.png using Guid(1b2bd145e5a894b4e9ed84ff40061fc4) Importer(815301076,1909f56bfc062723c751e8b465ee728b)  -> (artifact id: '9e54d037fba3526dac1fac6a7a823d18') in 0.058667 seconds 
Number of asset objects unloaded after import = 3
========================================================================
Received Import Request.
  Time since last request: 0.000024 seconds.
  path: Assets/Neon Blitz/Assets/Textures/Level Assets/Release.png
  artifactKey: Guid(f85d7c53f0f39264bbdc700cb943c1c3) Importer(815301076,1909f56bfc062723c751e8b465ee728b)
Number of updated assets reloaded before import = 0
Start importing Assets/Neon Blitz/Assets/Textures/Level Assets/Release.png using Guid(f85d7c53f0f39264bbdc700cb943c1c3) Importer(815301076,1909f56bfc062723c751e8b465ee728b)  -> (artifact id: 'd9e32cd0c575fbd4f97fcbfa342f0a65') in 0.071612 seconds 
Number of asset objects unloaded after import = 3
========================================================================
Received Import Request.
  Time since last request: 0.000028 seconds.
  path: Assets/Neon Blitz/Assets/Textures/Level Assets/rmHighwayNight.png
  artifactKey: Guid(2f7adb2aafe3d72429f5e48dc4e258fa) Importer(815301076,1909f56bfc062723c751e8b465ee728b)
Number of updated assets reloaded before import = 0
Start importing Assets/Neon Blitz/Assets/Textures/Level Assets/rmHighwayNight.png using Guid(2f7adb2aafe3d72429f5e48dc4e258fa) Importer(815301076,1909f56bfc062723c751e8b465ee728b)  -> (artifact id: '9e0fe05e16c3c7cf6d0f64f7e82a7487') in 0.053578 seconds 
Number of asset objects unloaded after import = 3
========================================================================
Received Import Request.
  Time since last request: 0.000031 seconds.
  path: Assets/Neon Blitz/Assets/Textures/Pillules/redpill.png
  artifactKey: Guid(731cae68c2687f5428fd3e1fa18b0ed7) Importer(815301076,1909f56bfc062723c751e8b465ee728b)
Number of updated assets reloaded before import = 0
Start importing Assets/Neon Blitz/Assets/Textures/Pillules/redpill.png using Guid(731cae68c2687f5428fd3e1fa18b0ed7) Importer(815301076,1909f56bfc062723c751e8b465ee728b)  -> (artifact id: 'dda219116f934c29dd0d6d8372933718') in 0.046543 seconds 
Number of asset objects unloaded after import = 3
========================================================================
Received Import Request.
  Time since last request: 0.000027 seconds.
  path: Assets/Neon Blitz/Assets/Textures/Level Assets/MovingUp.png
  artifactKey: Guid(585cfec4367fac54e932184ed699caab) Importer(815301076,1909f56bfc062723c751e8b465ee728b)
Number of updated assets reloaded before import = 0
Start importing Assets/Neon Blitz/Assets/Textures/Level Assets/MovingUp.png using Guid(585cfec4367fac54e932184ed699caab) Importer(815301076,1909f56bfc062723c751e8b465ee728b)  -> (artifact id: 'efaab86a6b3c9989610da4947678e079') in 0.080477 seconds 
Number of asset objects unloaded after import = 3
Editor requested this worker to shutdown with reason: Scaling down because of idle timeout
AssetImportWorker is now disconnected from the server
Process exiting
Exiting without the bug reporter. Application will terminate with return code 0