Using pre-set license
Built from '2021.3/staging' branch; Version is '2021.3.35f1 (157b46ce122a) revision 1407814'; Using compiler version '192829333'; Build Type 'Release'
OS: 'Windows 10  (10.0.19045) 64bit Core' Language: 'en' Physical Memory: 16166 MB
BatchMode: 1, IsHumanControllingUs: 0, StartBugReporterOnCrash: 0, Is64bit: 1, IsPro: 1

COMMAND LINE ARGUMENTS:
C:\Program Files\Unity\Hub\Editor\2021.3.35f1\Editor\Unity.exe
-adb2
-batchMode
-noUpm
-name
AssetImportWorker0
-projectPath
C:/Users/alikh/jeu-final/NeonBlitz3D
-logFile
Logs/AssetImportWorker0.log
-srvPort
55187
Successfully changed project path to: C:/Users/alikh/jeu-final/NeonBlitz3D
C:/Users/alikh/jeu-final/NeonBlitz3D
[UnityMemory] Configuration Parameters - Can be set up in boot.config
    "memorysetup-bucket-allocator-granularity=16"
    "memorysetup-bucket-allocator-bucket-count=8"
    "memorysetup-bucket-allocator-block-size=33554432"
    "memorysetup-bucket-allocator-block-count=8"
    "memorysetup-main-allocator-block-size=16777216"
    "memorysetup-thread-allocator-block-size=16777216"
    "memorysetup-gfx-main-allocator-block-size=16777216"
    "memorysetup-gfx-thread-allocator-block-size=16777216"
    "memorysetup-cache-allocator-block-size=4194304"
    "memorysetup-typetree-allocator-block-size=2097152"
    "memorysetup-profiler-bucket-allocator-granularity=16"
    "memorysetup-profiler-bucket-allocator-bucket-count=8"
    "memorysetup-profiler-bucket-allocator-block-size=33554432"
    "memorysetup-profiler-bucket-allocator-block-count=8"
    "memorysetup-profiler-allocator-block-size=16777216"
    "memorysetup-profiler-editor-allocator-block-size=1048576"
    "memorysetup-temp-allocator-size-main=16777216"
    "memorysetup-job-temp-allocator-block-size=2097152"
    "memorysetup-job-temp-allocator-block-size-background=1048576"
    "memorysetup-job-temp-allocator-reduction-small-platforms=262144"
    "memorysetup-temp-allocator-size-background-worker=32768"
    "memorysetup-temp-allocator-size-job-worker=262144"
    "memorysetup-temp-allocator-size-preload-manager=33554432"
    "memorysetup-temp-allocator-size-nav-mesh-worker=65536"
    "memorysetup-temp-allocator-size-audio-worker=65536"
    "memorysetup-temp-allocator-size-cloud-worker=32768"
    "memorysetup-temp-allocator-size-gi-baking-worker=262144"
    "memorysetup-temp-allocator-size-gfx=262144"
Player connection [13148] Host "[IP] 192.168.10.1 [Port] 0 [Flags] 2 [Guid] 3445048068 [EditorId] 3445048068 [Version] 1048832 [Id] WindowsEditor(7,DESKTOP-SP5VMU1) [Debug] 1 [PackageName] WindowsEditor [ProjectName] Editor" joined multi-casting on [225.0.0.222:54997]...

Player connection [13148] Host "[IP] 192.168.10.1 [Port] 0 [Flags] 2 [Guid] 3445048068 [EditorId] 3445048068 [Version] 1048832 [Id] WindowsEditor(7,DESKTOP-SP5VMU1) [Debug] 1 [PackageName] WindowsEditor [ProjectName] Editor" joined alternative multi-casting on [225.0.0.222:34997]...

[Physics::Module] Initialized MultithreadedJobDispatcher with {0} workers.
Refreshing native plugins compatible for Editor in 80.17 ms, found 2 plugins.
Preloading 0 native plugins for Editor in 0.00 ms.
Initialize engine version: 2021.3.35f1 (157b46ce122a)
[Subsystems] Discovering subsystems at path C:/Program Files/Unity/Hub/Editor/2021.3.35f1/Editor/Data/Resources/UnitySubsystems
[Subsystems] Discovering subsystems at path C:/Users/alikh/jeu-final/NeonBlitz3D/Assets
GfxDevice: creating device client; threaded=0; jobified=0
Direct3D:
    Version:  Direct3D 11.0 [level 11.1]
    Renderer: NVIDIA GeForce RTX 3060 (ID=0x2503)
    Vendor:   NVIDIA
    VRAM:     12115 MB
    Driver:   31.0.15.5134
Initialize mono
Mono path[0] = 'C:/Program Files/Unity/Hub/Editor/2021.3.35f1/Editor/Data/Managed'
Mono path[1] = 'C:/Program Files/Unity/Hub/Editor/2021.3.35f1/Editor/Data/MonoBleedingEdge/lib/mono/unityjit-win32'
Mono config path = 'C:/Program Files/Unity/Hub/Editor/2021.3.35f1/Editor/Data/MonoBleedingEdge/etc'
Using monoOptions --debugger-agent=transport=dt_socket,embedding=1,server=y,suspend=n,address=127.0.0.1:56968
Begin MonoManager ReloadAssembly
Registering precompiled unity dll's ...
Register platform support module: C:/Program Files/Unity/Hub/Editor/2021.3.35f1/Editor/Data/PlaybackEngines/WindowsStandaloneSupport/UnityEditor.WindowsStandalone.Extensions.dll
Registered in 0.006729 seconds.
Native extension for WindowsStandalone target not found
Refreshing native plugins compatible for Editor in 77.23 ms, found 2 plugins.
Preloading 0 native plugins for Editor in 0.00 ms.
Mono: successfully reloaded assembly
- Completed reload, in  0.569 seconds
Domain Reload Profiling:
	ReloadAssembly (569ms)
		BeginReloadAssembly (75ms)
			ExecutionOrderSort (0ms)
			DisableScriptedObjects (0ms)
			BackupInstance (0ms)
			ReleaseScriptingObjects (0ms)
			CreateAndSetChildDomain (1ms)
		EndReloadAssembly (411ms)
			LoadAssemblies (73ms)
			RebuildTransferFunctionScriptingTraits (0ms)
			SetupTypeCache (95ms)
			ReleaseScriptCaches (0ms)
			RebuildScriptCaches (24ms)
			SetupLoadedEditorAssemblies (255ms)
				LogAssemblyErrors (0ms)
				InitializePlatformSupportModulesInManaged (7ms)
				SetLoadedEditorAssemblies (0ms)
				RefreshPlugins (77ms)
				BeforeProcessingInitializeOnLoad (1ms)
				ProcessInitializeOnLoadAttributes (132ms)
				ProcessInitializeOnLoadMethodAttributes (37ms)
				AfterProcessingInitializeOnLoad (0ms)
				EditorAssembliesLoaded (0ms)
			ExecutionOrderSort2 (0ms)
			AwakeInstancesAfterBackupRestoration (0ms)
Platform modules already initialized, skipping
Registering precompiled user dll's ...
Registered in 0.003502 seconds.
Begin MonoManager ReloadAssembly
Native extension for WindowsStandalone target not found
Refreshing native plugins compatible for Editor in 0.97 ms, found 2 plugins.
Preloading 0 native plugins for Editor in 0.00 ms.
Package Manager log level set to [2]
[Package Manager] Server::EnsureServerProcessIsRunning -- launch failed, reason: Unity was launched with the -noUpm command-line argument
[Package Manager] Cannot connect to Unity Package Manager local server
Mono: successfully reloaded assembly
- Completed reload, in  1.092 seconds
Domain Reload Profiling:
	ReloadAssembly (1093ms)
		BeginReloadAssembly (104ms)
			ExecutionOrderSort (0ms)
			DisableScriptedObjects (5ms)
			BackupInstance (0ms)
			ReleaseScriptingObjects (0ms)
			CreateAndSetChildDomain (16ms)
		EndReloadAssembly (907ms)
			LoadAssemblies (71ms)
			RebuildTransferFunctionScriptingTraits (0ms)
			SetupTypeCache (147ms)
			ReleaseScriptCaches (0ms)
			RebuildScriptCaches (40ms)
			SetupLoadedEditorAssemblies (639ms)
				LogAssemblyErrors (0ms)
				InitializePlatformSupportModulesInManaged (5ms)
				SetLoadedEditorAssemblies (0ms)
				RefreshPlugins (1ms)
				BeforeProcessingInitializeOnLoad (51ms)
				ProcessInitializeOnLoadAttributes (559ms)
				ProcessInitializeOnLoadMethodAttributes (16ms)
				AfterProcessingInitializeOnLoad (7ms)
				EditorAssembliesLoaded (0ms)
			ExecutionOrderSort2 (0ms)
			AwakeInstancesAfterBackupRestoration (5ms)
Platform modules already initialized, skipping
========================================================================
Worker process is ready to serve import requests
Launched and connected shader compiler UnityShaderCompiler.exe after 0.04 seconds
Refreshing native plugins compatible for Editor in 0.85 ms, found 2 plugins.
Preloading 0 native plugins for Editor in 0.00 ms.
Unloading 1981 Unused Serialized files (Serialized files now loaded: 0)
Unloading 32 unused Assets / (179.2 KB). Loaded Objects now: 2467.
Memory consumption went from 124.5 MB to 124.3 MB.
Total: 2.494300 ms (FindLiveObjects: 0.132000 ms CreateObjectMapping: 0.044200 ms MarkObjects: 2.202100 ms  DeleteObjects: 0.114900 ms)

AssetImportParameters requested are different than current active one (requested -> active):
  custom:video-decoder-ogg-theora: a1e56fd34408186e4bbccfd4996cb3dc -> 
  custom:container-muxer-webm: aa71ff27fc2769a1b78a27578f13a17b -> 
  custom:container-demuxer-webm: 4f35f7cbe854078d1ac9338744f61a02 -> 
  custom:video-encoder-webm-vp8: eb34c28f22e8b96e1ab97ce403110664 -> 
  custom:video-codec-MediaFoundation-h265: 746d11721c4dcdbdad8f713fa42b33f4 -> 
  custom:CustomObjectIndexerAttribute: bc11b3a6c3213fcdd17b65e7da85e133 -> 
  custom:audio-encoder-webm-vorbis: bf7c407c2cedff20999df2af8eb42d56 -> 
  custom:framework-win-MediaFoundation: 216162199b28c13a410421893ffa2e32 -> 
  custom:SearchIndexIgnoredProperties: e643bd26f0fe6173181afceb89e7c659 -> 
  custom:container-demuxer-ogg: 62fdf1f143b41e24485cea50d1cbac27 -> 
  custom:video-decoder-webm-vp8: 9c59270c3fd7afecdb556c50c9e8de78 -> 
  custom:audio-decoder-ogg-vorbis: bf7c407c2cedff20999df2af8eb42d56 -> 
========================================================================
Received Import Request.
  Time since last request: 213026.513616 seconds.
  path: Assets/Neon Blitz/Assets/Scenes/Niveau_2.unity
  artifactKey: Guid(ac68dc328582bab4db715c82e824bacc) Importer(815301076,1909f56bfc062723c751e8b465ee728b)
Number of updated assets reloaded before import = 0
Start importing Assets/Neon Blitz/Assets/Scenes/Niveau_2.unity using Guid(ac68dc328582bab4db715c82e824bacc) Importer(815301076,1909f56bfc062723c751e8b465ee728b)  -> (artifact id: '2b0d67e389a8339c18d911395c329ff8') in 0.011351 seconds 
Number of asset objects unloaded after import = 0
========================================================================
Received Prepare
Registering precompiled user dll's ...
Registered in 0.003319 seconds.
Begin MonoManager ReloadAssembly
Native extension for WindowsStandalone target not found
Refreshing native plugins compatible for Editor in 1.59 ms, found 2 plugins.
Preloading 0 native plugins for Editor in 0.00 ms.
[Package Manager] Server::EnsureServerProcessIsRunning -- launch failed, reason: Unity was launched with the -noUpm command-line argument
[Package Manager] Cannot connect to Unity Package Manager local server
Mono: successfully reloaded assembly
- Completed reload, in  1.255 seconds
Domain Reload Profiling:
	ReloadAssembly (1255ms)
		BeginReloadAssembly (134ms)
			ExecutionOrderSort (0ms)
			DisableScriptedObjects (3ms)
			BackupInstance (0ms)
			ReleaseScriptingObjects (0ms)
			CreateAndSetChildDomain (26ms)
		EndReloadAssembly (1024ms)
			LoadAssemblies (85ms)
			RebuildTransferFunctionScriptingTraits (0ms)
			SetupTypeCache (171ms)
			ReleaseScriptCaches (1ms)
			RebuildScriptCaches (50ms)
			SetupLoadedEditorAssemblies (708ms)
				LogAssemblyErrors (0ms)
				InitializePlatformSupportModulesInManaged (6ms)
				SetLoadedEditorAssemblies (1ms)
				RefreshPlugins (2ms)
				BeforeProcessingInitializeOnLoad (66ms)
				ProcessInitializeOnLoadAttributes (605ms)
				ProcessInitializeOnLoadMethodAttributes (16ms)
				AfterProcessingInitializeOnLoad (11ms)
				EditorAssembliesLoaded (0ms)
			ExecutionOrderSort2 (0ms)
			AwakeInstancesAfterBackupRestoration (6ms)
Platform modules already initialized, skipping
Refreshing native plugins compatible for Editor in 1.03 ms, found 2 plugins.
Preloading 0 native plugins for Editor in 0.00 ms.
Unloading 1948 Unused Serialized files (Serialized files now loaded: 0)
Unloading 27 unused Assets / (152.8 KB). Loaded Objects now: 2471.
Memory consumption went from 120.4 MB to 120.3 MB.
Total: 2.344400 ms (FindLiveObjects: 0.188000 ms CreateObjectMapping: 0.068300 ms MarkObjects: 1.991800 ms  DeleteObjects: 0.094700 ms)

AssetImportParameters requested are different than current active one (requested -> active):
  custom:video-decoder-ogg-theora: a1e56fd34408186e4bbccfd4996cb3dc -> 
  custom:container-muxer-webm: aa71ff27fc2769a1b78a27578f13a17b -> 
  custom:container-demuxer-webm: 4f35f7cbe854078d1ac9338744f61a02 -> 
  custom:video-encoder-webm-vp8: eb34c28f22e8b96e1ab97ce403110664 -> 
  custom:video-codec-MediaFoundation-h265: 746d11721c4dcdbdad8f713fa42b33f4 -> 
  custom:CustomObjectIndexerAttribute: bc11b3a6c3213fcdd17b65e7da85e133 -> 
  custom:audio-encoder-webm-vorbis: bf7c407c2cedff20999df2af8eb42d56 -> 
  custom:framework-win-MediaFoundation: 216162199b28c13a410421893ffa2e32 -> 
  custom:SearchIndexIgnoredProperties: e643bd26f0fe6173181afceb89e7c659 -> 
  custom:container-demuxer-ogg: 62fdf1f143b41e24485cea50d1cbac27 -> 
  custom:video-decoder-webm-vp8: 9c59270c3fd7afecdb556c50c9e8de78 -> 
  custom:audio-decoder-ogg-vorbis: bf7c407c2cedff20999df2af8eb42d56 -> 
========================================================================
Received Import Request.
  Time since last request: 6.691433 seconds.
  path: Assets/Neon Blitz/Assets/Scenes/Niveau_1.unity
  artifactKey: Guid(a83935be1640f3245aedad357e450f57) Importer(815301076,1909f56bfc062723c751e8b465ee728b)
Number of updated assets reloaded before import = 0
Start importing Assets/Neon Blitz/Assets/Scenes/Niveau_1.unity using Guid(a83935be1640f3245aedad357e450f57) Importer(815301076,1909f56bfc062723c751e8b465ee728b)  -> (artifact id: '1fc28076322524b4ddcae304ee095851') in 0.013155 seconds 
Number of asset objects unloaded after import = 0
========================================================================
Received Prepare
Registering precompiled user dll's ...
Registered in 0.002173 seconds.
Begin MonoManager ReloadAssembly
Native extension for WindowsStandalone target not found
Refreshing native plugins compatible for Editor in 1.37 ms, found 2 plugins.
Preloading 0 native plugins for Editor in 0.00 ms.
[Package Manager] Server::EnsureServerProcessIsRunning -- launch failed, reason: Unity was launched with the -noUpm command-line argument
[Package Manager] Cannot connect to Unity Package Manager local server
Mono: successfully reloaded assembly
- Completed reload, in  1.172 seconds
Domain Reload Profiling:
	ReloadAssembly (1173ms)
		BeginReloadAssembly (116ms)
			ExecutionOrderSort (0ms)
			DisableScriptedObjects (3ms)
			BackupInstance (0ms)
			ReleaseScriptingObjects (0ms)
			CreateAndSetChildDomain (23ms)
		EndReloadAssembly (981ms)
			LoadAssemblies (71ms)
			RebuildTransferFunctionScriptingTraits (0ms)
			SetupTypeCache (170ms)
			ReleaseScriptCaches (1ms)
			RebuildScriptCaches (47ms)
			SetupLoadedEditorAssemblies (668ms)
				LogAssemblyErrors (0ms)
				InitializePlatformSupportModulesInManaged (6ms)
				SetLoadedEditorAssemblies (0ms)
				RefreshPlugins (1ms)
				BeforeProcessingInitializeOnLoad (59ms)
				ProcessInitializeOnLoadAttributes (573ms)
				ProcessInitializeOnLoadMethodAttributes (18ms)
				AfterProcessingInitializeOnLoad (9ms)
				EditorAssembliesLoaded (0ms)
			ExecutionOrderSort2 (0ms)
			AwakeInstancesAfterBackupRestoration (6ms)
Platform modules already initialized, skipping
Refreshing native plugins compatible for Editor in 1.10 ms, found 2 plugins.
Preloading 0 native plugins for Editor in 0.00 ms.
Unloading 1947 Unused Serialized files (Serialized files now loaded: 0)
Unloading 27 unused Assets / (137.3 KB). Loaded Objects now: 2474.
Memory consumption went from 120.4 MB to 120.3 MB.
Total: 2.497100 ms (FindLiveObjects: 0.141300 ms CreateObjectMapping: 0.046200 ms MarkObjects: 2.207000 ms  DeleteObjects: 0.101600 ms)

AssetImportParameters requested are different than current active one (requested -> active):
  custom:video-decoder-ogg-theora: a1e56fd34408186e4bbccfd4996cb3dc -> 
  custom:container-muxer-webm: aa71ff27fc2769a1b78a27578f13a17b -> 
  custom:container-demuxer-webm: 4f35f7cbe854078d1ac9338744f61a02 -> 
  custom:video-encoder-webm-vp8: eb34c28f22e8b96e1ab97ce403110664 -> 
  custom:video-codec-MediaFoundation-h265: 746d11721c4dcdbdad8f713fa42b33f4 -> 
  custom:CustomObjectIndexerAttribute: bc11b3a6c3213fcdd17b65e7da85e133 -> 
  custom:audio-encoder-webm-vorbis: bf7c407c2cedff20999df2af8eb42d56 -> 
  custom:framework-win-MediaFoundation: 216162199b28c13a410421893ffa2e32 -> 
  custom:SearchIndexIgnoredProperties: e643bd26f0fe6173181afceb89e7c659 -> 
  custom:container-demuxer-ogg: 62fdf1f143b41e24485cea50d1cbac27 -> 
  custom:video-decoder-webm-vp8: 9c59270c3fd7afecdb556c50c9e8de78 -> 
  custom:audio-decoder-ogg-vorbis: bf7c407c2cedff20999df2af8eb42d56 -> 
========================================================================
Received Import Request.
  Time since last request: 44.943891 seconds.
  path: Assets/Neon Blitz/Assets/Scenes/Niveau_3.unity
  artifactKey: Guid(4ccf2483213db8546b513feb5f262973) Importer(815301076,1909f56bfc062723c751e8b465ee728b)
Number of updated assets reloaded before import = 0
Start importing Assets/Neon Blitz/Assets/Scenes/Niveau_3.unity using Guid(4ccf2483213db8546b513feb5f262973) Importer(815301076,1909f56bfc062723c751e8b465ee728b)  -> (artifact id: '7864cbc11857e47099293ed19ef05a13') in 0.011628 seconds 
Number of asset objects unloaded after import = 0
========================================================================
Received Import Request.
  Time since last request: 1.958782 seconds.
  path: Assets/Neon Blitz/Assets/Scenes/Niveau_fin.unity
  artifactKey: Guid(81ec4a29538dcde4e9cc98e4b99d0d5a) Importer(815301076,1909f56bfc062723c751e8b465ee728b)
Number of updated assets reloaded before import = 0
Start importing Assets/Neon Blitz/Assets/Scenes/Niveau_fin.unity using Guid(81ec4a29538dcde4e9cc98e4b99d0d5a) Importer(815301076,1909f56bfc062723c751e8b465ee728b)  -> (artifact id: '7e1d994c78aca68df902c1a976811d71') in 0.006836 seconds 
Number of asset objects unloaded after import = 0
========================================================================
Received Prepare
Registering precompiled user dll's ...
Registered in 0.002309 seconds.
Begin MonoManager ReloadAssembly
Native extension for WindowsStandalone target not found
Refreshing native plugins compatible for Editor in 1.34 ms, found 2 plugins.
Preloading 0 native plugins for Editor in 0.00 ms.
[Package Manager] Server::EnsureServerProcessIsRunning -- launch failed, reason: Unity was launched with the -noUpm command-line argument
[Package Manager] Cannot connect to Unity Package Manager local server
Mono: successfully reloaded assembly
- Completed reload, in  1.294 seconds
Domain Reload Profiling:
	ReloadAssembly (1295ms)
		BeginReloadAssembly (141ms)
			ExecutionOrderSort (0ms)
			DisableScriptedObjects (5ms)
			BackupInstance (0ms)
			ReleaseScriptingObjects (0ms)
			CreateAndSetChildDomain (31ms)
		EndReloadAssembly (1072ms)
			LoadAssemblies (83ms)
			RebuildTransferFunctionScriptingTraits (0ms)
			SetupTypeCache (188ms)
			ReleaseScriptCaches (1ms)
			RebuildScriptCaches (56ms)
			SetupLoadedEditorAssemblies (718ms)
				LogAssemblyErrors (0ms)
				InitializePlatformSupportModulesInManaged (8ms)
				SetLoadedEditorAssemblies (0ms)
				RefreshPlugins (1ms)
				BeforeProcessingInitializeOnLoad (65ms)
				ProcessInitializeOnLoadAttributes (614ms)
				ProcessInitializeOnLoadMethodAttributes (18ms)
				AfterProcessingInitializeOnLoad (10ms)
				EditorAssembliesLoaded (0ms)
			ExecutionOrderSort2 (0ms)
			AwakeInstancesAfterBackupRestoration (6ms)
Platform modules already initialized, skipping
Refreshing native plugins compatible for Editor in 1.56 ms, found 2 plugins.
Preloading 0 native plugins for Editor in 0.00 ms.
Unloading 1947 Unused Serialized files (Serialized files now loaded: 0)
Unloading 27 unused Assets / (152.8 KB). Loaded Objects now: 2477.
Memory consumption went from 120.4 MB to 120.3 MB.
Total: 3.224900 ms (FindLiveObjects: 0.260100 ms CreateObjectMapping: 0.149900 ms MarkObjects: 2.702200 ms  DeleteObjects: 0.111300 ms)

AssetImportParameters requested are different than current active one (requested -> active):
  custom:video-decoder-ogg-theora: a1e56fd34408186e4bbccfd4996cb3dc -> 
  custom:container-muxer-webm: aa71ff27fc2769a1b78a27578f13a17b -> 
  custom:container-demuxer-webm: 4f35f7cbe854078d1ac9338744f61a02 -> 
  custom:video-encoder-webm-vp8: eb34c28f22e8b96e1ab97ce403110664 -> 
  custom:video-codec-MediaFoundation-h265: 746d11721c4dcdbdad8f713fa42b33f4 -> 
  custom:CustomObjectIndexerAttribute: bc11b3a6c3213fcdd17b65e7da85e133 -> 
  custom:audio-encoder-webm-vorbis: bf7c407c2cedff20999df2af8eb42d56 -> 
  custom:framework-win-MediaFoundation: 216162199b28c13a410421893ffa2e32 -> 
  custom:SearchIndexIgnoredProperties: e643bd26f0fe6173181afceb89e7c659 -> 
  custom:container-demuxer-ogg: 62fdf1f143b41e24485cea50d1cbac27 -> 
  custom:video-decoder-webm-vp8: 9c59270c3fd7afecdb556c50c9e8de78 -> 
  custom:audio-decoder-ogg-vorbis: bf7c407c2cedff20999df2af8eb42d56 -> 
========================================================================
Received Import Request.
  Time since last request: 106.866564 seconds.
  path: Assets/Neon Blitz/Assets/Textures/Level Assets/Ambush.png
  artifactKey: Guid(4c4b500340744824eade0ebfcdfeb790) Importer(815301076,1909f56bfc062723c751e8b465ee728b)
Number of updated assets reloaded before import = 0
Start importing Assets/Neon Blitz/Assets/Textures/Level Assets/Ambush.png using Guid(4c4b500340744824eade0ebfcdfeb790) Importer(815301076,1909f56bfc062723c751e8b465ee728b)  -> (artifact id: '2686e82518f9a97af399ca06509511f2') in 0.922465 seconds 
Number of asset objects unloaded after import = 973
========================================================================
Received Import Request.
  Time since last request: 2.032263 seconds.
  path: Assets/Neon Blitz/Assets/Textures/Level Assets/Ambush_Intro.png
  artifactKey: Guid(a7524b7c01dc2c14c8132afdb8bd14c4) Importer(815301076,1909f56bfc062723c751e8b465ee728b)
Number of updated assets reloaded before import = 0
Start importing Assets/Neon Blitz/Assets/Textures/Level Assets/Ambush_Intro.png using Guid(a7524b7c01dc2c14c8132afdb8bd14c4) Importer(815301076,1909f56bfc062723c751e8b465ee728b)  -> (artifact id: '195a25a238a8a93c8014d6e9a9894402') in 0.072337 seconds 
Number of asset objects unloaded after import = 3
========================================================================
Received Import Request.
  Time since last request: 1.268234 seconds.
  path: Assets/Neon Blitz/Assets/Textures/Level Assets/BloodMoney.png
  artifactKey: Guid(e53eadd08e4e9d946baf567c61a128a0) Importer(815301076,1909f56bfc062723c751e8b465ee728b)
Number of updated assets reloaded before import = 0
Start importing Assets/Neon Blitz/Assets/Textures/Level Assets/BloodMoney.png using Guid(e53eadd08e4e9d946baf567c61a128a0) Importer(815301076,1909f56bfc062723c751e8b465ee728b)  -> (artifact id: 'ff0692964d1a340d66b04e718714eb18') in 0.055214 seconds 
Number of asset objects unloaded after import = 3
========================================================================
Received Import Request.
  Time since last request: 0.000017 seconds.
  path: Assets/Neon Blitz/Assets/Textures/Level Assets/DeathWish_Outro.png
  artifactKey: Guid(15bd0887297c2854bac4b353abf4ba18) Importer(815301076,1909f56bfc062723c751e8b465ee728b)
Number of updated assets reloaded before import = 0
Start importing Assets/Neon Blitz/Assets/Textures/Level Assets/DeathWish_Outro.png using Guid(15bd0887297c2854bac4b353abf4ba18) Importer(815301076,1909f56bfc062723c751e8b465ee728b)  -> (artifact id: 'b4ab44115281381df3cd837230230bdd') in 0.060209 seconds 
Number of asset objects unloaded after import = 3
========================================================================
Received Import Request.
  Time since last request: 0.000018 seconds.
  path: Assets/Neon Blitz/Assets/Textures/Level Assets/DeadAhead.png
  artifactKey: Guid(115d0d19e5042bb4fb1b6fd7d9400771) Importer(815301076,1909f56bfc062723c751e8b465ee728b)
Number of updated assets reloaded before import = 0
Start importing Assets/Neon Blitz/Assets/Textures/Level Assets/DeadAhead.png using Guid(115d0d19e5042bb4fb1b6fd7d9400771) Importer(815301076,1909f56bfc062723c751e8b465ee728b)  -> (artifact id: 'c122281a895ebb1a64c0adaac728aa08') in 0.172267 seconds 
Number of asset objects unloaded after import = 3
========================================================================
Received Import Request.
  Time since last request: 0.000020 seconds.
  path: Assets/Neon Blitz/Assets/Textures/Level Assets/BloodMoney_Outro.png
  artifactKey: Guid(2cb1bdd8a74a48d4f902914a22bd7e55) Importer(815301076,1909f56bfc062723c751e8b465ee728b)
Number of updated assets reloaded before import = 0
Start importing Assets/Neon Blitz/Assets/Textures/Level Assets/BloodMoney_Outro.png using Guid(2cb1bdd8a74a48d4f902914a22bd7e55) Importer(815301076,1909f56bfc062723c751e8b465ee728b)  -> (artifact id: 'c234d0ab55f5dd4a3deb84e42b9bb94d') in 0.068152 seconds 
Number of asset objects unloaded after import = 3
========================================================================
Received Import Request.
  Time since last request: 0.000031 seconds.
  path: Assets/Neon Blitz/Assets/Textures/Level Assets/rmPizzaPlace.png
  artifactKey: Guid(18770825cf709ff4bb4ba59441b3fc4e) Importer(815301076,1909f56bfc062723c751e8b465ee728b)
Number of updated assets reloaded before import = 0
Start importing Assets/Neon Blitz/Assets/Textures/Level Assets/rmPizzaPlace.png using Guid(18770825cf709ff4bb4ba59441b3fc4e) Importer(815301076,1909f56bfc062723c751e8b465ee728b)  -> (artifact id: '8472a50e5142aa67365c882cc3608d78') in 0.045838 seconds 
Number of asset objects unloaded after import = 3
========================================================================
Received Import Request.
  Time since last request: 0.000016 seconds.
  path: Assets/Neon Blitz/Assets/Textures/Level Assets/Execution.png
  artifactKey: Guid(aa4e62a3595cca946b549b68b2e1a681) Importer(815301076,1909f56bfc062723c751e8b465ee728b)
Number of updated assets reloaded before import = 0
Start importing Assets/Neon Blitz/Assets/Textures/Level Assets/Execution.png using Guid(aa4e62a3595cca946b549b68b2e1a681) Importer(815301076,1909f56bfc062723c751e8b465ee728b)  -> (artifact id: '793859940eeadbaee3b75fda21bdedcc') in 0.050432 seconds 
Number of asset objects unloaded after import = 3
========================================================================
Received Import Request.
  Time since last request: 0.000015 seconds.
  path: Assets/Neon Blitz/Assets/Textures/Level Assets/rmReturnIntro.png
  artifactKey: Guid(abf58275dbd7d114a998d6bf2661b462) Importer(815301076,1909f56bfc062723c751e8b465ee728b)
Number of updated assets reloaded before import = 0
Start importing Assets/Neon Blitz/Assets/Textures/Level Assets/rmReturnIntro.png using Guid(abf58275dbd7d114a998d6bf2661b462) Importer(815301076,1909f56bfc062723c751e8b465ee728b)  -> (artifact id: '7e08476293f01bba053095e6b25d26aa') in 0.040704 seconds 
Number of asset objects unloaded after import = 3
========================================================================
Received Import Request.
  Time since last request: 0.000016 seconds.
  path: Assets/Neon Blitz/Assets/Textures/Level Assets/NoMercy_Outro.png
  artifactKey: Guid(e2761027f8cf3a644a8e29d9572b323c) Importer(815301076,1909f56bfc062723c751e8b465ee728b)
Number of updated assets reloaded before import = 0
Start importing Assets/Neon Blitz/Assets/Textures/Level Assets/NoMercy_Outro.png using Guid(e2761027f8cf3a644a8e29d9572b323c) Importer(815301076,1909f56bfc062723c751e8b465ee728b)  -> (artifact id: '83073cbe5696570e9b8a150c1b5ab29d') in 0.057477 seconds 
Number of asset objects unloaded after import = 3
========================================================================
Received Import Request.
  Time since last request: 0.000016 seconds.
  path: Assets/Neon Blitz/Assets/Textures/Level Assets/rmCopyFlash.png
  artifactKey: Guid(2a1dde5a74b49794189d3c0010452e04) Importer(815301076,1909f56bfc062723c751e8b465ee728b)
Number of updated assets reloaded before import = 0
Start importing Assets/Neon Blitz/Assets/Textures/Level Assets/rmCopyFlash.png using Guid(2a1dde5a74b49794189d3c0010452e04) Importer(815301076,1909f56bfc062723c751e8b465ee728b)  -> (artifact id: 'cd9e0033976ce557c4dd5488a6500365') in 0.039364 seconds 
Number of asset objects unloaded after import = 3
========================================================================
Received Import Request.
  Time since last request: 0.000019 seconds.
  path: Assets/Neon Blitz/Assets/Textures/Level Assets/DownUnder.png
  artifactKey: Guid(a961b72c7758b4149a1f1e480eec1f90) Importer(815301076,1909f56bfc062723c751e8b465ee728b)
Number of updated assets reloaded before import = 0
Start importing Assets/Neon Blitz/Assets/Textures/Level Assets/DownUnder.png using Guid(a961b72c7758b4149a1f1e480eec1f90) Importer(815301076,1909f56bfc062723c751e8b465ee728b)  -> (artifact id: 'ce0f3bcdd16e8f7f6fef7889e4240f59') in 0.061701 seconds 
Number of asset objects unloaded after import = 3
========================================================================
Received Import Request.
  Time since last request: 0.000069 seconds.
  path: Assets/Neon Blitz/Assets/Textures/Level Assets/Homicide.png
  artifactKey: Guid(13454d6d0daf80448a5e6ddab48ae260) Importer(815301076,1909f56bfc062723c751e8b465ee728b)
Number of updated assets reloaded before import = 0
Start importing Assets/Neon Blitz/Assets/Textures/Level Assets/Homicide.png using Guid(13454d6d0daf80448a5e6ddab48ae260) Importer(815301076,1909f56bfc062723c751e8b465ee728b)  -> (artifact id: '2be8a166d2b5bf126b177852744e0123') in 3.018555 seconds 
Number of asset objects unloaded after import = 3063
========================================================================
Received Import Request.
  Time since last request: 63.321795 seconds.
  path: Assets/Neon Blitz/Assets/New Physics Material 2D.physicsMaterial2D
  artifactKey: Guid(ccaa0d5f8aef2aa4191dcabfc9b172fb) Importer(815301076,1909f56bfc062723c751e8b465ee728b)
Number of updated assets reloaded before import = 0
Start importing Assets/Neon Blitz/Assets/New Physics Material 2D.physicsMaterial2D using Guid(ccaa0d5f8aef2aa4191dcabfc9b172fb) Importer(815301076,1909f56bfc062723c751e8b465ee728b)  -> (artifact id: 'ed852eea0342b2dfcec568963e53d7c3') in 0.008063 seconds 
Number of asset objects unloaded after import = 1
========================================================================
Received Import Request.
  Time since last request: 39.535238 seconds.
  path: Assets/Neon Blitz/Assets/Textures/Level Assets/FinalCut.png
  artifactKey: Guid(6a0cfd1984a7f8346a0a812e85551d0c) Importer(815301076,1909f56bfc062723c751e8b465ee728b)
Number of updated assets reloaded before import = 0
Start importing Assets/Neon Blitz/Assets/Textures/Level Assets/FinalCut.png using Guid(6a0cfd1984a7f8346a0a812e85551d0c) Importer(815301076,1909f56bfc062723c751e8b465ee728b)  -> (artifact id: '9b7fcddf29bfddc01af4e67d9e6b81ac') in 0.043446 seconds 
Number of asset objects unloaded after import = 3
========================================================================
Received Import Request.
  Time since last request: 82.536599 seconds.
  path: Assets/Neon Blitz/Assets/Textures/Level Assets/HardNews_Intro 1.png
  artifactKey: Guid(47b9ae5d6de99424094b8fb3c6c18531) Importer(815301076,1909f56bfc062723c751e8b465ee728b)
Number of updated assets reloaded before import = 0
Start importing Assets/Neon Blitz/Assets/Textures/Level Assets/HardNews_Intro 1.png using Guid(47b9ae5d6de99424094b8fb3c6c18531) Importer(815301076,1909f56bfc062723c751e8b465ee728b)  -> (artifact id: '7a4a0b664ece76dc1edda5acb62aa2c8') in 0.059331 seconds 
Number of asset objects unloaded after import = 34
========================================================================
Received Import Request.
  Time since last request: 0.121442 seconds.
  path: Assets/Neon Blitz/Assets/Textures/Level Assets/Seizure_Intro_Outro.png
  artifactKey: Guid(a4b6b9e1abbff1849ba9bbf2f424a231) Importer(815301076,1909f56bfc062723c751e8b465ee728b)
Number of updated assets reloaded before import = 0
Start importing Assets/Neon Blitz/Assets/Textures/Level Assets/Seizure_Intro_Outro.png using Guid(a4b6b9e1abbff1849ba9bbf2f424a231) Importer(815301076,1909f56bfc062723c751e8b465ee728b)  -> (artifact id: '79b9228b2b577eb04b24da0f2fa6995f') in 0.056089 seconds 
Number of asset objects unloaded after import = 3
========================================================================
Received Import Request.
  Time since last request: 0.000023 seconds.
  path: Assets/Neon Blitz/Assets/Textures/Top_Down_Survivor/handgun/reload/survivor-reload_handgun_7.png
  artifactKey: Guid(f3f0f69a2b0664e44bdc98661b68df56) Importer(815301076,1909f56bfc062723c751e8b465ee728b)
Number of updated assets reloaded before import = 0
Start importing Assets/Neon Blitz/Assets/Textures/Top_Down_Survivor/handgun/reload/survivor-reload_handgun_7.png using Guid(f3f0f69a2b0664e44bdc98661b68df56) Importer(815301076,1909f56bfc062723c751e8b465ee728b)  -> (artifact id: '7487d70e0b946a726687fae02515f7db') in 0.022173 seconds 
Number of asset objects unloaded after import = 3
========================================================================
Received Import Request.
  Time since last request: 0.000015 seconds.
  path: Assets/Neon Blitz/Assets/Textures/Top_Down_Survivor/handgun/idle/survivor-idle_handgun_15.png
  artifactKey: Guid(8bdb7adca7d72c949a692302d60bd786) Importer(815301076,1909f56bfc062723c751e8b465ee728b)
Number of updated assets reloaded before import = 0
Start importing Assets/Neon Blitz/Assets/Textures/Top_Down_Survivor/handgun/idle/survivor-idle_handgun_15.png using Guid(8bdb7adca7d72c949a692302d60bd786) Importer(815301076,1909f56bfc062723c751e8b465ee728b)  -> (artifact id: 'ca8a06f91cc172681493db33de71d7ef') in 0.022493 seconds 
Number of asset objects unloaded after import = 3
========================================================================
Received Import Request.
  Time since last request: 0.000023 seconds.
  path: Assets/Neon Blitz/Assets/Textures/Top_Down_Survivor/feet/strafe_left/survivor-strafe_left_18.png
  artifactKey: Guid(e8bb5c0fad6be544081c4e9a38ca0267) Importer(815301076,1909f56bfc062723c751e8b465ee728b)
Number of updated assets reloaded before import = 0
Start importing Assets/Neon Blitz/Assets/Textures/Top_Down_Survivor/feet/strafe_left/survivor-strafe_left_18.png using Guid(e8bb5c0fad6be544081c4e9a38ca0267) Importer(815301076,1909f56bfc062723c751e8b465ee728b)  -> (artifact id: '186840948d17237da937995f9ca260ca') in 0.025180 seconds 
Number of asset objects unloaded after import = 3
========================================================================
Received Import Request.
  Time since last request: 0.000016 seconds.
  path: Assets/Neon Blitz/Assets/Textures/Top_Down_Survivor/handgun/idle/survivor-idle_handgun_13.png
  artifactKey: Guid(d39bf64f5fa56284dbea0b3e78cdf3b2) Importer(815301076,1909f56bfc062723c751e8b465ee728b)
Number of updated assets reloaded before import = 0
Start importing Assets/Neon Blitz/Assets/Textures/Top_Down_Survivor/handgun/idle/survivor-idle_handgun_13.png using Guid(d39bf64f5fa56284dbea0b3e78cdf3b2) Importer(815301076,1909f56bfc062723c751e8b465ee728b)  -> (artifact id: '36e3b414508ae2d53aace8a76e27ea05') in 0.020697 seconds 
Number of asset objects unloaded after import = 3
========================================================================
Received Import Request.
  Time since last request: 0.000023 seconds.
  path: Assets/Neon Blitz/Assets/Textures/Top_Down_Survivor/rifle/reload/survivor-reload_rifle_10.png
  artifactKey: Guid(3b0d02b8ac57ad04fa54d2db7409013c) Importer(815301076,1909f56bfc062723c751e8b465ee728b)
Number of updated assets reloaded before import = 0
Start importing Assets/Neon Blitz/Assets/Textures/Top_Down_Survivor/rifle/reload/survivor-reload_rifle_10.png using Guid(3b0d02b8ac57ad04fa54d2db7409013c) Importer(815301076,1909f56bfc062723c751e8b465ee728b)  -> (artifact id: '2c0bb2a1dadda53f2a9634fc71ad285f') in 0.024751 seconds 
Number of asset objects unloaded after import = 3
========================================================================
Received Import Request.
  Time since last request: 0.000017 seconds.
  path: Assets/Neon Blitz/Assets/Textures/Top_Down_Survivor/flashlight/idle/survivor-idle_flashlight_4.png
  artifactKey: Guid(6898563c963e4c64b843366da5514ba7) Importer(815301076,1909f56bfc062723c751e8b465ee728b)
Number of updated assets reloaded before import = 0
Start importing Assets/Neon Blitz/Assets/Textures/Top_Down_Survivor/flashlight/idle/survivor-idle_flashlight_4.png using Guid(6898563c963e4c64b843366da5514ba7) Importer(815301076,1909f56bfc062723c751e8b465ee728b)  -> (artifact id: '2feeee54e70536d32cc28f7446bfdad1') in 0.024493 seconds 
Number of asset objects unloaded after import = 3
========================================================================
Received Import Request.
  Time since last request: 0.000020 seconds.
  path: Assets/Neon Blitz/Assets/Textures/Top_Down_Survivor/feet/strafe_right/survivor-strafe_right_11.png
  artifactKey: Guid(4ba4c9ca16efcc245aa4a880ab0217b0) Importer(815301076,1909f56bfc062723c751e8b465ee728b)
Number of updated assets reloaded before import = 0
Start importing Assets/Neon Blitz/Assets/Textures/Top_Down_Survivor/feet/strafe_right/survivor-strafe_right_11.png using Guid(4ba4c9ca16efcc245aa4a880ab0217b0) Importer(815301076,1909f56bfc062723c751e8b465ee728b)  -> (artifact id: '457c99893e406a74b1a41ebae096a71b') in 0.020470 seconds 
Number of asset objects unloaded after import = 3
========================================================================
Received Import Request.
  Time since last request: 0.000021 seconds.
  path: Assets/Neon Blitz/Assets/Textures/Top_Down_Survivor/shotgun/move/survivor-move_shotgun_2.png
  artifactKey: Guid(4a67f7a6e43a53a4aaed394b6fc5827b) Importer(815301076,1909f56bfc062723c751e8b465ee728b)
Number of updated assets reloaded before import = 0
Start importing Assets/Neon Blitz/Assets/Textures/Top_Down_Survivor/shotgun/move/survivor-move_shotgun_2.png using Guid(4a67f7a6e43a53a4aaed394b6fc5827b) Importer(815301076,1909f56bfc062723c751e8b465ee728b)  -> (artifact id: '4f93562c2cde8409a19db27e649dd68b') in 0.024289 seconds 
Number of asset objects unloaded after import = 3
========================================================================
Received Import Request.
  Time since last request: 0.000016 seconds.
  path: Assets/Neon Blitz/Assets/Textures/Top_Down_Survivor/rifle/reload/survivor-reload_rifle_4.png
  artifactKey: Guid(df8f1a725b6a9464a8f51f2ecbc76188) Importer(815301076,1909f56bfc062723c751e8b465ee728b)
Number of updated assets reloaded before import = 0
Start importing Assets/Neon Blitz/Assets/Textures/Top_Down_Survivor/rifle/reload/survivor-reload_rifle_4.png using Guid(df8f1a725b6a9464a8f51f2ecbc76188) Importer(815301076,1909f56bfc062723c751e8b465ee728b)  -> (artifact id: '6c85d854c5f1a461ca1a9ae49ae6c889') in 0.021627 seconds 
Number of asset objects unloaded after import = 3
========================================================================
Received Import Request.
  Time since last request: 0.000017 seconds.
  path: Assets/Neon Blitz/Assets/Textures/Top_Down_Survivor/rifle/reload/survivor-reload_rifle_9.png
  artifactKey: Guid(688523ca6f61f944397ffa3de325797f) Importer(815301076,1909f56bfc062723c751e8b465ee728b)
Number of updated assets reloaded before import = 0
Start importing Assets/Neon Blitz/Assets/Textures/Top_Down_Survivor/rifle/reload/survivor-reload_rifle_9.png using Guid(688523ca6f61f944397ffa3de325797f) Importer(815301076,1909f56bfc062723c751e8b465ee728b)  -> (artifact id: '558329dad89d7efd889fb55182838010') in 0.024080 seconds 
Number of asset objects unloaded after import = 3
========================================================================
Received Import Request.
  Time since last request: 0.000017 seconds.
  path: Assets/Neon Blitz/Assets/Textures/Top_Down_Survivor/feet/strafe_left/survivor-strafe_left_7.png
  artifactKey: Guid(8eae4ff0c929a6d488a086755ec92eb4) Importer(815301076,1909f56bfc062723c751e8b465ee728b)
Number of updated assets reloaded before import = 0
Start importing Assets/Neon Blitz/Assets/Textures/Top_Down_Survivor/feet/strafe_left/survivor-strafe_left_7.png using Guid(8eae4ff0c929a6d488a086755ec92eb4) Importer(815301076,1909f56bfc062723c751e8b465ee728b)  -> (artifact id: 'd01908a9cf99323c10472f33e0c51218') in 0.021505 seconds 
Number of asset objects unloaded after import = 3
========================================================================
Received Import Request.
  Time since last request: 0.000018 seconds.
  path: Assets/Neon Blitz/Assets/Textures/Top_Down_Survivor/flashlight/idle/survivor-idle_flashlight_14.png
  artifactKey: Guid(18bf789fb82e303418908976159c4995) Importer(815301076,1909f56bfc062723c751e8b465ee728b)
Number of updated assets reloaded before import = 0
Start importing Assets/Neon Blitz/Assets/Textures/Top_Down_Survivor/flashlight/idle/survivor-idle_flashlight_14.png using Guid(18bf789fb82e303418908976159c4995) Importer(815301076,1909f56bfc062723c751e8b465ee728b)  -> (artifact id: '984dad52b41781585b7946a8235bd33e') in 0.025455 seconds 
Number of asset objects unloaded after import = 3
========================================================================
Received Import Request.
  Time since last request: 0.000021 seconds.
  path: Assets/Neon Blitz/Assets/Textures/Top_Down_Survivor/shotgun/move/survivor-move_shotgun_18.png
  artifactKey: Guid(d00f1250f4747a74693bfe00a09f59c9) Importer(815301076,1909f56bfc062723c751e8b465ee728b)
Number of updated assets reloaded before import = 0
Start importing Assets/Neon Blitz/Assets/Textures/Top_Down_Survivor/shotgun/move/survivor-move_shotgun_18.png using Guid(d00f1250f4747a74693bfe00a09f59c9) Importer(815301076,1909f56bfc062723c751e8b465ee728b)  -> (artifact id: '42c4a13753f9dd450b4689db9b555918') in 0.024232 seconds 
Number of asset objects unloaded after import = 3
========================================================================
Received Import Request.
  Time since last request: 0.000032 seconds.
  path: Assets/Neon Blitz/Assets/Textures/Top_Down_Survivor/feet/walk/survivor-walk_1.png
  artifactKey: Guid(9315889b46754f848abf637f2a8e885e) Importer(815301076,1909f56bfc062723c751e8b465ee728b)
Number of updated assets reloaded before import = 0
Start importing Assets/Neon Blitz/Assets/Textures/Top_Down_Survivor/feet/walk/survivor-walk_1.png using Guid(9315889b46754f848abf637f2a8e885e) Importer(815301076,1909f56bfc062723c751e8b465ee728b)  -> (artifact id: '57bc9129fabc18bdb285f48d8c59003a') in 0.025621 seconds 
Number of asset objects unloaded after import = 3
========================================================================
Received Import Request.
  Time since last request: 0.000036 seconds.
  path: Assets/Neon Blitz/Assets/Textures/Top_Down_Survivor/feet/walk/survivor-walk_12.png
  artifactKey: Guid(224a2e70ffdfc6d4295648d51ddce1b9) Importer(815301076,1909f56bfc062723c751e8b465ee728b)
Number of updated assets reloaded before import = 0
Start importing Assets/Neon Blitz/Assets/Textures/Top_Down_Survivor/feet/walk/survivor-walk_12.png using Guid(224a2e70ffdfc6d4295648d51ddce1b9) Importer(815301076,1909f56bfc062723c751e8b465ee728b)  -> (artifact id: 'ea74f287115111fa032b3b03c947e850') in 0.022460 seconds 
Number of asset objects unloaded after import = 3
========================================================================
Received Import Request.
  Time since last request: 0.000019 seconds.
  path: Assets/Neon Blitz/Assets/Textures/Top_Down_Survivor/flashlight/idle/survivor-idle_flashlight_17.png
  artifactKey: Guid(8acd90a4cbcb04842909bab8fb5bdc0a) Importer(815301076,1909f56bfc062723c751e8b465ee728b)
Number of updated assets reloaded before import = 0
Start importing Assets/Neon Blitz/Assets/Textures/Top_Down_Survivor/flashlight/idle/survivor-idle_flashlight_17.png using Guid(8acd90a4cbcb04842909bab8fb5bdc0a) Importer(815301076,1909f56bfc062723c751e8b465ee728b)  -> (artifact id: '18894791a3b50b36d0bcd58b3bbe71c8') in 0.026119 seconds 
Number of asset objects unloaded after import = 3
========================================================================
Received Import Request.
  Time since last request: 0.000019 seconds.
  path: Assets/Neon Blitz/Assets/Textures/Top_Down_Survivor/handgun/reload/survivor-reload_handgun_11.png
  artifactKey: Guid(1bae11c78328f154ca381570dcd53482) Importer(815301076,1909f56bfc062723c751e8b465ee728b)
Number of updated assets reloaded before import = 0
Start importing Assets/Neon Blitz/Assets/Textures/Top_Down_Survivor/handgun/reload/survivor-reload_handgun_11.png using Guid(1bae11c78328f154ca381570dcd53482) Importer(815301076,1909f56bfc062723c751e8b465ee728b)  -> (artifact id: 'e5cfb9af74a82c1eb14f7adfa634e057') in 0.021877 seconds 
Number of asset objects unloaded after import = 3
========================================================================
Received Import Request.
  Time since last request: 0.000017 seconds.
  path: Assets/Neon Blitz/Assets/Textures/Top_Down_Survivor/flashlight/idle/survivor-idle_flashlight_16.png
  artifactKey: Guid(2a89370c6c90017469974fc2a64372c3) Importer(815301076,1909f56bfc062723c751e8b465ee728b)
Number of updated assets reloaded before import = 0
Start importing Assets/Neon Blitz/Assets/Textures/Top_Down_Survivor/flashlight/idle/survivor-idle_flashlight_16.png using Guid(2a89370c6c90017469974fc2a64372c3) Importer(815301076,1909f56bfc062723c751e8b465ee728b)  -> (artifact id: '3de78f6cb59095caaae2c04f00651589') in 0.023582 seconds 
Number of asset objects unloaded after import = 3
========================================================================
Received Import Request.
  Time since last request: 0.000017 seconds.
  path: Assets/Neon Blitz/Assets/Textures/Top_Down_Survivor/feet/walk/survivor-walk_4.png
  artifactKey: Guid(a37647ee7a3f31944a1dc3b613b83315) Importer(815301076,1909f56bfc062723c751e8b465ee728b)
Number of updated assets reloaded before import = 0
Start importing Assets/Neon Blitz/Assets/Textures/Top_Down_Survivor/feet/walk/survivor-walk_4.png using Guid(a37647ee7a3f31944a1dc3b613b83315) Importer(815301076,1909f56bfc062723c751e8b465ee728b)  -> (artifact id: 'e85e18b0de586b80dca1ebdaeddc45d8') in 0.022121 seconds 
Number of asset objects unloaded after import = 3
========================================================================
Received Import Request.
  Time since last request: 0.000016 seconds.
  path: Assets/Neon Blitz/Assets/Textures/Top_Down_Survivor/feet/strafe_left/survivor-strafe_left_11.png
  artifactKey: Guid(88c3ac54a85557049996cbf981c51145) Importer(815301076,1909f56bfc062723c751e8b465ee728b)
Number of updated assets reloaded before import = 0
Start importing Assets/Neon Blitz/Assets/Textures/Top_Down_Survivor/feet/strafe_left/survivor-strafe_left_11.png using Guid(88c3ac54a85557049996cbf981c51145) Importer(815301076,1909f56bfc062723c751e8b465ee728b)  -> (artifact id: '7426eaf466701659600a170a621274dc') in 0.025769 seconds 
Number of asset objects unloaded after import = 3
========================================================================
Received Import Request.
  Time since last request: 0.000017 seconds.
  path: Assets/Neon Blitz/Assets/Textures/Top_Down_Survivor/feet/walk/survivor-walk_0.png
  artifactKey: Guid(76fcb4b45d9eaf34ab3cfdf4238919b5) Importer(815301076,1909f56bfc062723c751e8b465ee728b)
Number of updated assets reloaded before import = 0
Start importing Assets/Neon Blitz/Assets/Textures/Top_Down_Survivor/feet/walk/survivor-walk_0.png using Guid(76fcb4b45d9eaf34ab3cfdf4238919b5) Importer(815301076,1909f56bfc062723c751e8b465ee728b)  -> (artifact id: 'a7f9fc10716b598927c3242a5fdb88e9') in 0.021265 seconds 
Number of asset objects unloaded after import = 3
========================================================================
Received Import Request.
  Time since last request: 0.000016 seconds.
  path: Assets/Neon Blitz/Assets/Textures/Top_Down_Survivor/feet/walk/survivor-walk_6.png
  artifactKey: Guid(8b4c117ac72e9a9408b367bb81698e52) Importer(815301076,1909f56bfc062723c751e8b465ee728b)
Number of updated assets reloaded before import = 0
Start importing Assets/Neon Blitz/Assets/Textures/Top_Down_Survivor/feet/walk/survivor-walk_6.png using Guid(8b4c117ac72e9a9408b367bb81698e52) Importer(815301076,1909f56bfc062723c751e8b465ee728b)  -> (artifact id: 'c7f2626bd4b765eda1f11bf414b2e5df') in 0.019991 seconds 
Number of asset objects unloaded after import = 3
========================================================================
Received Import Request.
  Time since last request: 0.000017 seconds.
  path: Assets/Neon Blitz/Assets/Textures/Top_Down_Survivor/shotgun/move/survivor-move_shotgun_4.png
  artifactKey: Guid(62220d8188fd45644b7b5edfabf286e5) Importer(815301076,1909f56bfc062723c751e8b465ee728b)
Number of updated assets reloaded before import = 0
Start importing Assets/Neon Blitz/Assets/Textures/Top_Down_Survivor/shotgun/move/survivor-move_shotgun_4.png using Guid(62220d8188fd45644b7b5edfabf286e5) Importer(815301076,1909f56bfc062723c751e8b465ee728b)  -> (artifact id: '467b015020255f3b330bf376ad72a547') in 0.023501 seconds 
Number of asset objects unloaded after import = 3
========================================================================
Received Import Request.
  Time since last request: 0.000023 seconds.
  path: Assets/Neon Blitz/Assets/Textures/Top_Down_Survivor/handgun/reload/survivor-reload_handgun_14.png
  artifactKey: Guid(f9ed9ff423ed85d479e8196a38b0b49b) Importer(815301076,1909f56bfc062723c751e8b465ee728b)
Number of updated assets reloaded before import = 0
Start importing Assets/Neon Blitz/Assets/Textures/Top_Down_Survivor/handgun/reload/survivor-reload_handgun_14.png using Guid(f9ed9ff423ed85d479e8196a38b0b49b) Importer(815301076,1909f56bfc062723c751e8b465ee728b)  -> (artifact id: '9a19110feece24425afce4b22bb2cb77') in 0.023264 seconds 
Number of asset objects unloaded after import = 3
========================================================================
Received Import Request.
  Time since last request: 0.000027 seconds.
  path: Assets/Neon Blitz/Assets/Textures/Top_Down_Survivor/feet/strafe_left/survivor-strafe_left_19.png
  artifactKey: Guid(91b5a7fa84307cd4aa55fb497feeb6af) Importer(815301076,1909f56bfc062723c751e8b465ee728b)
Number of updated assets reloaded before import = 0
Start importing Assets/Neon Blitz/Assets/Textures/Top_Down_Survivor/feet/strafe_left/survivor-strafe_left_19.png using Guid(91b5a7fa84307cd4aa55fb497feeb6af) Importer(815301076,1909f56bfc062723c751e8b465ee728b)  -> (artifact id: '3de59601ac9f33159be47f64eec864fd') in 0.019862 seconds 
Number of asset objects unloaded after import = 3
========================================================================
Received Import Request.
  Time since last request: 0.000019 seconds.
  path: Assets/Neon Blitz/Assets/Textures/Top_Down_Survivor/feet/walk/survivor-walk_14.png
  artifactKey: Guid(e0d5daca5403cbf43a736ddfbee3a773) Importer(815301076,1909f56bfc062723c751e8b465ee728b)
Number of updated assets reloaded before import = 0
Start importing Assets/Neon Blitz/Assets/Textures/Top_Down_Survivor/feet/walk/survivor-walk_14.png using Guid(e0d5daca5403cbf43a736ddfbee3a773) Importer(815301076,1909f56bfc062723c751e8b465ee728b)  -> (artifact id: 'cd1e7b68c101c332a5cfea973f7d4a3c') in 0.025726 seconds 
Number of asset objects unloaded after import = 3
========================================================================
Received Import Request.
  Time since last request: 0.000015 seconds.
  path: Assets/Neon Blitz/Assets/Textures/Top_Down_Survivor/feet/strafe_right/survivor-strafe_right_10.png
  artifactKey: Guid(d63385ce930bc234492fc8f77e8386dd) Importer(815301076,1909f56bfc062723c751e8b465ee728b)
Number of updated assets reloaded before import = 0
Start importing Assets/Neon Blitz/Assets/Textures/Top_Down_Survivor/feet/strafe_right/survivor-strafe_right_10.png using Guid(d63385ce930bc234492fc8f77e8386dd) Importer(815301076,1909f56bfc062723c751e8b465ee728b)  -> (artifact id: 'd8c7b9d7083094ed321e1f05362d3009') in 0.023524 seconds 
Number of asset objects unloaded after import = 3
========================================================================
Received Import Request.
  Time since last request: 0.000018 seconds.
  path: Assets/Neon Blitz/Assets/Textures/Top_Down_Survivor/feet/idle/survivor-idle_0.png
  artifactKey: Guid(19f779fa82589c1499eccc10dfe977d6) Importer(815301076,1909f56bfc062723c751e8b465ee728b)
Number of updated assets reloaded before import = 0
Start importing Assets/Neon Blitz/Assets/Textures/Top_Down_Survivor/feet/idle/survivor-idle_0.png using Guid(19f779fa82589c1499eccc10dfe977d6) Importer(815301076,1909f56bfc062723c751e8b465ee728b)  -> (artifact id: 'eafe837a59e146223b7b73dcbac9f0fd') in 0.022898 seconds 
Number of asset objects unloaded after import = 3
========================================================================
Received Import Request.
  Time since last request: 0.000015 seconds.
  path: Assets/Neon Blitz/Assets/Textures/Top_Down_Survivor/rifle/reload/survivor-reload_rifle_7.png
  artifactKey: Guid(b7f3c9e9afef7784fbb8d784f202bbcd) Importer(815301076,1909f56bfc062723c751e8b465ee728b)
Number of updated assets reloaded before import = 0
Start importing Assets/Neon Blitz/Assets/Textures/Top_Down_Survivor/rifle/reload/survivor-reload_rifle_7.png using Guid(b7f3c9e9afef7784fbb8d784f202bbcd) Importer(815301076,1909f56bfc062723c751e8b465ee728b)  -> (artifact id: '475a4dd8cab8d081ec64c37902ad5b26') in 0.021435 seconds 
Number of asset objects unloaded after import = 3
========================================================================
Received Import Request.
  Time since last request: 0.000013 seconds.
  path: Assets/Neon Blitz/Assets/Textures/Top_Down_Survivor/feet/walk/survivor-walk_11.png
  artifactKey: Guid(33d3173ead25f8749a1c1c773bf0f59b) Importer(815301076,1909f56bfc062723c751e8b465ee728b)
Number of updated assets reloaded before import = 0
Start importing Assets/Neon Blitz/Assets/Textures/Top_Down_Survivor/feet/walk/survivor-walk_11.png using Guid(33d3173ead25f8749a1c1c773bf0f59b) Importer(815301076,1909f56bfc062723c751e8b465ee728b)  -> (artifact id: '81208c87822d4fbe98dfa1e385d5db9c') in 0.020269 seconds 
Number of asset objects unloaded after import = 3
========================================================================
Received Import Request.
  Time since last request: 0.000015 seconds.
  path: Assets/Neon Blitz/Assets/Textures/Top_Down_Survivor/shotgun/move/survivor-move_shotgun_9.png
  artifactKey: Guid(3198848aeae1b0e49b5fc9feea1ec220) Importer(815301076,1909f56bfc062723c751e8b465ee728b)
Number of updated assets reloaded before import = 0
Start importing Assets/Neon Blitz/Assets/Textures/Top_Down_Survivor/shotgun/move/survivor-move_shotgun_9.png using Guid(3198848aeae1b0e49b5fc9feea1ec220) Importer(815301076,1909f56bfc062723c751e8b465ee728b)  -> (artifact id: 'a459a02158e44992be14e038881ff543') in 0.022211 seconds 
Number of asset objects unloaded after import = 3
========================================================================
Received Import Request.
  Time since last request: 0.000027 seconds.
  path: Assets/Neon Blitz/Assets/Textures/Top_Down_Survivor/feet/strafe_left/survivor-strafe_left_16.png
  artifactKey: Guid(480525bb27cb4ec418733bde566be3fd) Importer(815301076,1909f56bfc062723c751e8b465ee728b)
Number of updated assets reloaded before import = 0
Start importing Assets/Neon Blitz/Assets/Textures/Top_Down_Survivor/feet/strafe_left/survivor-strafe_left_16.png using Guid(480525bb27cb4ec418733bde566be3fd) Importer(815301076,1909f56bfc062723c751e8b465ee728b)  -> (artifact id: 'af226759e4c41911cf5281673474c073') in 0.020895 seconds 
Number of asset objects unloaded after import = 3
========================================================================
Received Import Request.
  Time since last request: 0.000017 seconds.
  path: Assets/Neon Blitz/Assets/Textures/Top_Down_Survivor/feet/strafe_right/survivor-strafe_right_13.png
  artifactKey: Guid(457435c0a7b4a9b44b39538040d55506) Importer(815301076,1909f56bfc062723c751e8b465ee728b)
Number of updated assets reloaded before import = 0
Start importing Assets/Neon Blitz/Assets/Textures/Top_Down_Survivor/feet/strafe_right/survivor-strafe_right_13.png using Guid(457435c0a7b4a9b44b39538040d55506) Importer(815301076,1909f56bfc062723c751e8b465ee728b)  -> (artifact id: 'c070e2d681938ad759bb843f97af3533') in 0.021014 seconds 
Number of asset objects unloaded after import = 3
========================================================================
Received Import Request.
  Time since last request: 0.000021 seconds.
  path: Assets/Neon Blitz/Assets/Textures/Top_Down_Survivor/handgun/reload/survivor-reload_handgun_6.png
  artifactKey: Guid(3d6a1d63270f65348b1afabbd2df76be) Importer(815301076,1909f56bfc062723c751e8b465ee728b)
Number of updated assets reloaded before import = 0
Start importing Assets/Neon Blitz/Assets/Textures/Top_Down_Survivor/handgun/reload/survivor-reload_handgun_6.png using Guid(3d6a1d63270f65348b1afabbd2df76be) Importer(815301076,1909f56bfc062723c751e8b465ee728b)  -> (artifact id: '20455c65f277c5834868c215c1ddd3fa') in 0.023246 seconds 
Number of asset objects unloaded after import = 3
========================================================================
Received Import Request.
  Time since last request: 0.000026 seconds.
  path: Assets/Neon Blitz/Assets/Textures/Top_Down_Survivor/handgun/reload/survivor-reload_handgun_8.png
  artifactKey: Guid(44f5e88772c2a1d48ac957e090dee3f4) Importer(815301076,1909f56bfc062723c751e8b465ee728b)
Number of updated assets reloaded before import = 0
Start importing Assets/Neon Blitz/Assets/Textures/Top_Down_Survivor/handgun/reload/survivor-reload_handgun_8.png using Guid(44f5e88772c2a1d48ac957e090dee3f4) Importer(815301076,1909f56bfc062723c751e8b465ee728b)  -> (artifact id: '1cc91063130a27b6a338da1ee5ba5a08') in 0.027584 seconds 
Number of asset objects unloaded after import = 3
========================================================================
Received Import Request.
  Time since last request: 0.000028 seconds.
  path: Assets/Neon Blitz/Assets/Textures/Top_Down_Survivor/feet/strafe_left/survivor-strafe_left_14.png
  artifactKey: Guid(d273c86ece396cc4cb21be6772e38ca0) Importer(815301076,1909f56bfc062723c751e8b465ee728b)
Number of updated assets reloaded before import = 0
Start importing Assets/Neon Blitz/Assets/Textures/Top_Down_Survivor/feet/strafe_left/survivor-strafe_left_14.png using Guid(d273c86ece396cc4cb21be6772e38ca0) Importer(815301076,1909f56bfc062723c751e8b465ee728b)  -> (artifact id: '7ba22917a8b5820396d6943330c79339') in 0.020831 seconds 
Number of asset objects unloaded after import = 3
========================================================================
Received Import Request.
  Time since last request: 0.000028 seconds.
  path: Assets/Neon Blitz/Assets/Textures/Top_Down_Survivor/handgun/idle/survivor-idle_handgun_3.png
  artifactKey: Guid(0c95721407b979943bf81982cee463da) Importer(815301076,1909f56bfc062723c751e8b465ee728b)
Number of updated assets reloaded before import = 0
Start importing Assets/Neon Blitz/Assets/Textures/Top_Down_Survivor/handgun/idle/survivor-idle_handgun_3.png using Guid(0c95721407b979943bf81982cee463da) Importer(815301076,1909f56bfc062723c751e8b465ee728b)  -> (artifact id: '790d6baf87effcde9641dbd3e9747805') in 0.024068 seconds 
Number of asset objects unloaded after import = 3
========================================================================
Received Import Request.
  Time since last request: 0.000018 seconds.
  path: Assets/Neon Blitz/Assets/Textures/Top_Down_Survivor/shotgun/move/survivor-move_shotgun_15.png
  artifactKey: Guid(22093fe645525014296b6409a0591cfd) Importer(815301076,1909f56bfc062723c751e8b465ee728b)
Number of updated assets reloaded before import = 0
Start importing Assets/Neon Blitz/Assets/Textures/Top_Down_Survivor/shotgun/move/survivor-move_shotgun_15.png using Guid(22093fe645525014296b6409a0591cfd) Importer(815301076,1909f56bfc062723c751e8b465ee728b)  -> (artifact id: 'f265498c862a7fef1c0d0225a9ad8f88') in 0.025011 seconds 
Number of asset objects unloaded after import = 3
========================================================================
Received Import Request.
  Time since last request: 0.000020 seconds.
  path: Assets/Neon Blitz/Assets/Textures/Top_Down_Survivor/handgun/idle/survivor-idle_handgun_2.png
  artifactKey: Guid(2277f1a00c4f22342bd06c2f741e6801) Importer(815301076,1909f56bfc062723c751e8b465ee728b)
Number of updated assets reloaded before import = 0
Start importing Assets/Neon Blitz/Assets/Textures/Top_Down_Survivor/handgun/idle/survivor-idle_handgun_2.png using Guid(2277f1a00c4f22342bd06c2f741e6801) Importer(815301076,1909f56bfc062723c751e8b465ee728b)  -> (artifact id: 'ba7cb6be4f90680eb4bb3b5d28d1374b') in 0.027404 seconds 
Number of asset objects unloaded after import = 3
========================================================================
Received Import Request.
  Time since last request: 0.000021 seconds.
  path: Assets/Neon Blitz/Assets/Textures/Top_Down_Survivor/shotgun/move/survivor-move_shotgun_8.png
  artifactKey: Guid(ccafc5334e8b88e4cbbcf1d57fc44730) Importer(815301076,1909f56bfc062723c751e8b465ee728b)
Number of updated assets reloaded before import = 0
Start importing Assets/Neon Blitz/Assets/Textures/Top_Down_Survivor/shotgun/move/survivor-move_shotgun_8.png using Guid(ccafc5334e8b88e4cbbcf1d57fc44730) Importer(815301076,1909f56bfc062723c751e8b465ee728b)  -> (artifact id: 'd448f815020dd191266efb07767832f1') in 0.024689 seconds 
Number of asset objects unloaded after import = 3
========================================================================
Received Import Request.
  Time since last request: 0.000016 seconds.
  path: Assets/Neon Blitz/Assets/Textures/Top_Down_Survivor/feet/walk/survivor-walk_2.png
  artifactKey: Guid(bea174c96ccd6ad429a9994150255cfa) Importer(815301076,1909f56bfc062723c751e8b465ee728b)
Number of updated assets reloaded before import = 0
Start importing Assets/Neon Blitz/Assets/Textures/Top_Down_Survivor/feet/walk/survivor-walk_2.png using Guid(bea174c96ccd6ad429a9994150255cfa) Importer(815301076,1909f56bfc062723c751e8b465ee728b)  -> (artifact id: '72f9f41040b83f9e3afa8a796ea82af1') in 0.020790 seconds 
Number of asset objects unloaded after import = 3
========================================================================
Received Import Request.
  Time since last request: 0.000019 seconds.
  path: Assets/Neon Blitz/Assets/Textures/Top_Down_Survivor/shotgun/move/survivor-move_shotgun_11.png
  artifactKey: Guid(12942a854a9c6b448ad5c59db108ee96) Importer(815301076,1909f56bfc062723c751e8b465ee728b)
Number of updated assets reloaded before import = 0
Start importing Assets/Neon Blitz/Assets/Textures/Top_Down_Survivor/shotgun/move/survivor-move_shotgun_11.png using Guid(12942a854a9c6b448ad5c59db108ee96) Importer(815301076,1909f56bfc062723c751e8b465ee728b)  -> (artifact id: 'e133e1a2f875c1315444a592100caae0') in 0.023815 seconds 
Number of asset objects unloaded after import = 3
========================================================================
Received Import Request.
  Time since last request: 0.000017 seconds.
  path: Assets/Neon Blitz/Assets/Textures/Top_Down_Survivor/flashlight/idle/survivor-idle_flashlight_10.png
  artifactKey: Guid(28b24d0bc88a54343bee017a89e312e0) Importer(815301076,1909f56bfc062723c751e8b465ee728b)
Number of updated assets reloaded before import = 0
Start importing Assets/Neon Blitz/Assets/Textures/Top_Down_Survivor/flashlight/idle/survivor-idle_flashlight_10.png using Guid(28b24d0bc88a54343bee017a89e312e0) Importer(815301076,1909f56bfc062723c751e8b465ee728b)  -> (artifact id: '4a4243a2d7dd6dd31bcb9d2b647fb597') in 0.024205 seconds 
Number of asset objects unloaded after import = 3
========================================================================
Received Import Request.
  Time since last request: 0.000021 seconds.
  path: Assets/Neon Blitz/Assets/Textures/Top_Down_Survivor/flashlight/idle/survivor-idle_flashlight_11.png
  artifactKey: Guid(ce1d782055c0e5e41827dc0568e29b43) Importer(815301076,1909f56bfc062723c751e8b465ee728b)
Number of updated assets reloaded before import = 0
Start importing Assets/Neon Blitz/Assets/Textures/Top_Down_Survivor/flashlight/idle/survivor-idle_flashlight_11.png using Guid(ce1d782055c0e5e41827dc0568e29b43) Importer(815301076,1909f56bfc062723c751e8b465ee728b)  -> (artifact id: '8899796cc1bf2ae750859421f8e12351') in 0.023344 seconds 
Number of asset objects unloaded after import = 3
========================================================================
Received Import Request.
  Time since last request: 0.000023 seconds.
  path: Assets/Neon Blitz/Assets/Textures/Top_Down_Survivor/rifle/reload/survivor-reload_rifle_14.png
  artifactKey: Guid(462ce0f3cf59a1c4ea87b8db6e01b808) Importer(815301076,1909f56bfc062723c751e8b465ee728b)
Number of updated assets reloaded before import = 0
Start importing Assets/Neon Blitz/Assets/Textures/Top_Down_Survivor/rifle/reload/survivor-reload_rifle_14.png using Guid(462ce0f3cf59a1c4ea87b8db6e01b808) Importer(815301076,1909f56bfc062723c751e8b465ee728b)  -> (artifact id: '80150c65b083b64ca871b02a434af1ea') in 0.021817 seconds 
Number of asset objects unloaded after import = 3
========================================================================
Received Import Request.
  Time since last request: 0.000023 seconds.
  path: Assets/Neon Blitz/Assets/Textures/Top_Down_Survivor/feet/strafe_left/survivor-strafe_left_6.png
  artifactKey: Guid(501b5e0895cf2e947bc929e544fc9279) Importer(815301076,1909f56bfc062723c751e8b465ee728b)
Number of updated assets reloaded before import = 0
Start importing Assets/Neon Blitz/Assets/Textures/Top_Down_Survivor/feet/strafe_left/survivor-strafe_left_6.png using Guid(501b5e0895cf2e947bc929e544fc9279) Importer(815301076,1909f56bfc062723c751e8b465ee728b)  -> (artifact id: '1682e85f11e3102cedecaf872bc39c88') in 0.019627 seconds 
Number of asset objects unloaded after import = 3
========================================================================
Received Import Request.
  Time since last request: 0.000021 seconds.
  path: Assets/Neon Blitz/Assets/Textures/Top_Down_Survivor/flashlight/idle/survivor-idle_flashlight_6.png
  artifactKey: Guid(6f4e41726da8d31499669d438d062d0a) Importer(815301076,1909f56bfc062723c751e8b465ee728b)
Number of updated assets reloaded before import = 0
Start importing Assets/Neon Blitz/Assets/Textures/Top_Down_Survivor/flashlight/idle/survivor-idle_flashlight_6.png using Guid(6f4e41726da8d31499669d438d062d0a) Importer(815301076,1909f56bfc062723c751e8b465ee728b)  -> (artifact id: '9d5cf12c3c8fe46a614986581465723d') in 0.021872 seconds 
Number of asset objects unloaded after import = 3
========================================================================
Received Import Request.
  Time since last request: 0.000020 seconds.
  path: Assets/Neon Blitz/Assets/Textures/Top_Down_Survivor/rifle/reload/survivor-reload_rifle_15.png
  artifactKey: Guid(68dd1de25fbb9e942942e4055273459f) Importer(815301076,1909f56bfc062723c751e8b465ee728b)
Number of updated assets reloaded before import = 0
Start importing Assets/Neon Blitz/Assets/Textures/Top_Down_Survivor/rifle/reload/survivor-reload_rifle_15.png using Guid(68dd1de25fbb9e942942e4055273459f) Importer(815301076,1909f56bfc062723c751e8b465ee728b)  -> (artifact id: '2c086c91993d00d3c504510cc70e677f') in 0.022479 seconds 
Number of asset objects unloaded after import = 3
========================================================================
Received Import Request.
  Time since last request: 0.000025 seconds.
  path: Assets/Neon Blitz/Assets/Textures/Top_Down_Survivor/feet/walk/survivor-walk_13.png
  artifactKey: Guid(28c4b82e668b56c4fa61d7c24a6b50cf) Importer(815301076,1909f56bfc062723c751e8b465ee728b)
Number of updated assets reloaded before import = 0
Start importing Assets/Neon Blitz/Assets/Textures/Top_Down_Survivor/feet/walk/survivor-walk_13.png using Guid(28c4b82e668b56c4fa61d7c24a6b50cf) Importer(815301076,1909f56bfc062723c751e8b465ee728b)  -> (artifact id: '8ef180cbc9d26f2982e98aecdd8add6e') in 0.022002 seconds 
Number of asset objects unloaded after import = 3
========================================================================
Received Import Request.
  Time since last request: 0.000015 seconds.
  path: Assets/Neon Blitz/Assets/Textures/Top_Down_Survivor/handgun/idle/survivor-idle_handgun_8.png
  artifactKey: Guid(87fb96ffe9cff34489a762128ae680c5) Importer(815301076,1909f56bfc062723c751e8b465ee728b)
Number of updated assets reloaded before import = 0
Start importing Assets/Neon Blitz/Assets/Textures/Top_Down_Survivor/handgun/idle/survivor-idle_handgun_8.png using Guid(87fb96ffe9cff34489a762128ae680c5) Importer(815301076,1909f56bfc062723c751e8b465ee728b)  -> (artifact id: '8ed2774e59d29efa0a92be99d0f303dc') in 0.022474 seconds 
Number of asset objects unloaded after import = 3
========================================================================
Received Import Request.
  Time since last request: 0.000017 seconds.
  path: Assets/Neon Blitz/Assets/Textures/Top_Down_Survivor/flashlight/idle/survivor-idle_flashlight_1.png
  artifactKey: Guid(a8cbf6778a4b667448e84c380e44bf75) Importer(815301076,1909f56bfc062723c751e8b465ee728b)
Number of updated assets reloaded before import = 0
Start importing Assets/Neon Blitz/Assets/Textures/Top_Down_Survivor/flashlight/idle/survivor-idle_flashlight_1.png using Guid(a8cbf6778a4b667448e84c380e44bf75) Importer(815301076,1909f56bfc062723c751e8b465ee728b)  -> (artifact id: '9fdaa2cb28ac7ce439654889a59613df') in 0.024021 seconds 
Number of asset objects unloaded after import = 3
========================================================================
Received Import Request.
  Time since last request: 0.000013 seconds.
  path: Assets/Neon Blitz/Assets/Textures/Top_Down_Survivor/feet/walk/survivor-walk_15.png
  artifactKey: Guid(ce423d315bb760042a5fa95db0ed58e9) Importer(815301076,1909f56bfc062723c751e8b465ee728b)
Number of updated assets reloaded before import = 0
Start importing Assets/Neon Blitz/Assets/Textures/Top_Down_Survivor/feet/walk/survivor-walk_15.png using Guid(ce423d315bb760042a5fa95db0ed58e9) Importer(815301076,1909f56bfc062723c751e8b465ee728b)  -> (artifact id: '5fbe93116af55ff1c27ab1073ca7d1bf') in 0.020104 seconds 
Number of asset objects unloaded after import = 3
========================================================================
Received Import Request.
  Time since last request: 0.000015 seconds.
  path: Assets/Neon Blitz/Assets/Textures/Level Assets/Subway.png
  artifactKey: Guid(ec9ea2dadf358b94eb61f9ff6f97bdfd) Importer(815301076,1909f56bfc062723c751e8b465ee728b)
Number of updated assets reloaded before import = 0
Start importing Assets/Neon Blitz/Assets/Textures/Level Assets/Subway.png using Guid(ec9ea2dadf358b94eb61f9ff6f97bdfd) Importer(815301076,1909f56bfc062723c751e8b465ee728b)  -> (artifact id: '97aae9dc7f0daa8aa7b0acc23720cbfd') in 0.044785 seconds 
Number of asset objects unloaded after import = 3
========================================================================
Received Import Request.
  Time since last request: 0.000014 seconds.
  path: Assets/Neon Blitz/Assets/Textures/Top_Down_Survivor/flashlight/idle/survivor-idle_flashlight_8.png
  artifactKey: Guid(5c3f735484e18384580369094e4afadb) Importer(815301076,1909f56bfc062723c751e8b465ee728b)
Number of updated assets reloaded before import = 0
Start importing Assets/Neon Blitz/Assets/Textures/Top_Down_Survivor/flashlight/idle/survivor-idle_flashlight_8.png using Guid(5c3f735484e18384580369094e4afadb) Importer(815301076,1909f56bfc062723c751e8b465ee728b)  -> (artifact id: 'c4e2133a27d2a28f9857936c17983513') in 0.023324 seconds 
Number of asset objects unloaded after import = 3
========================================================================
Received Import Request.
  Time since last request: 0.000017 seconds.
  path: Assets/Neon Blitz/Assets/Textures/Top_Down_Survivor/shotgun/move/survivor-move_shotgun_17.png
  artifactKey: Guid(101a263cd04bc2d4eb21572e8aea8862) Importer(815301076,1909f56bfc062723c751e8b465ee728b)
Number of updated assets reloaded before import = 0
Start importing Assets/Neon Blitz/Assets/Textures/Top_Down_Survivor/shotgun/move/survivor-move_shotgun_17.png using Guid(101a263cd04bc2d4eb21572e8aea8862) Importer(815301076,1909f56bfc062723c751e8b465ee728b)  -> (artifact id: 'e1c292f9e96eafdf5ec1b6f1e933e559') in 0.024719 seconds 
Number of asset objects unloaded after import = 3
========================================================================
Received Import Request.
  Time since last request: 0.000029 seconds.
  path: Assets/Neon Blitz/Assets/Textures/Top_Down_Survivor/handgun/reload/survivor-reload_handgun_10.png
  artifactKey: Guid(0fa9897319e038f4b9e8a70a00b019d3) Importer(815301076,1909f56bfc062723c751e8b465ee728b)
Number of updated assets reloaded before import = 0
Start importing Assets/Neon Blitz/Assets/Textures/Top_Down_Survivor/handgun/reload/survivor-reload_handgun_10.png using Guid(0fa9897319e038f4b9e8a70a00b019d3) Importer(815301076,1909f56bfc062723c751e8b465ee728b)  -> (artifact id: '467d2ccc318630c9ce5da841627dfaff') in 0.023429 seconds 
Number of asset objects unloaded after import = 3
========================================================================
Received Import Request.
  Time since last request: 0.000016 seconds.
  path: Assets/Neon Blitz/Assets/Textures/Top_Down_Survivor/shotgun/move/survivor-move_shotgun_16.png
  artifactKey: Guid(8c42fccae8438b84d989fd49eb53a29b) Importer(815301076,1909f56bfc062723c751e8b465ee728b)
Number of updated assets reloaded before import = 0
Start importing Assets/Neon Blitz/Assets/Textures/Top_Down_Survivor/shotgun/move/survivor-move_shotgun_16.png using Guid(8c42fccae8438b84d989fd49eb53a29b) Importer(815301076,1909f56bfc062723c751e8b465ee728b)  -> (artifact id: 'e72aac7a0d46359c2684498c5251ba08') in 0.022823 seconds 
Number of asset objects unloaded after import = 3
========================================================================
Received Import Request.
  Time since last request: 0.000016 seconds.
  path: Assets/Neon Blitz/Assets/Textures/Top_Down_Survivor/handgun/idle/survivor-idle_handgun_9.png
  artifactKey: Guid(c4275c594fa5acf4aa0827d761a1600e) Importer(815301076,1909f56bfc062723c751e8b465ee728b)
Number of updated assets reloaded before import = 0
Start importing Assets/Neon Blitz/Assets/Textures/Top_Down_Survivor/handgun/idle/survivor-idle_handgun_9.png using Guid(c4275c594fa5acf4aa0827d761a1600e) Importer(815301076,1909f56bfc062723c751e8b465ee728b)  -> (artifact id: '20c4da602c8a32e4579cd17e0e3671bd') in 0.022131 seconds 
Number of asset objects unloaded after import = 3
========================================================================
Received Import Request.
  Time since last request: 0.000020 seconds.
  path: Assets/Neon Blitz/Assets/Textures/Top_Down_Survivor/feet/walk/survivor-walk_8.png
  artifactKey: Guid(23b946cc8a327cd4eabdc6a8ae7ba876) Importer(815301076,1909f56bfc062723c751e8b465ee728b)
Number of updated assets reloaded before import = 0
Start importing Assets/Neon Blitz/Assets/Textures/Top_Down_Survivor/feet/walk/survivor-walk_8.png using Guid(23b946cc8a327cd4eabdc6a8ae7ba876) Importer(815301076,1909f56bfc062723c751e8b465ee728b)  -> (artifact id: '2cff60e4d7d7a20153c0e2a8a2713985') in 0.020962 seconds 
Number of asset objects unloaded after import = 3
========================================================================
Received Import Request.
  Time since last request: 0.000016 seconds.
  path: Assets/Neon Blitz/Assets/Textures/Top_Down_Survivor/handgun/idle/survivor-idle_handgun_10.png
  artifactKey: Guid(985bebd7de0f9e34c87cb255ae768507) Importer(815301076,1909f56bfc062723c751e8b465ee728b)
Number of updated assets reloaded before import = 0
Start importing Assets/Neon Blitz/Assets/Textures/Top_Down_Survivor/handgun/idle/survivor-idle_handgun_10.png using Guid(985bebd7de0f9e34c87cb255ae768507) Importer(815301076,1909f56bfc062723c751e8b465ee728b)  -> (artifact id: '76ba30da367a7d515112809f5895d851') in 0.023389 seconds 
Number of asset objects unloaded after import = 3
========================================================================
Received Import Request.
  Time since last request: 0.000015 seconds.
  path: Assets/Neon Blitz/Assets/Textures/Top_Down_Survivor/feet/strafe_right/survivor-strafe_right_16.png
  artifactKey: Guid(b3ead00f2820410418f688ac1c65a292) Importer(815301076,1909f56bfc062723c751e8b465ee728b)
Number of updated assets reloaded before import = 0
Start importing Assets/Neon Blitz/Assets/Textures/Top_Down_Survivor/feet/strafe_right/survivor-strafe_right_16.png using Guid(b3ead00f2820410418f688ac1c65a292) Importer(815301076,1909f56bfc062723c751e8b465ee728b)  -> (artifact id: '9c80f0705c2f45a5d0b75648aab4792d') in 0.021467 seconds 
Number of asset objects unloaded after import = 3
========================================================================
Received Import Request.
  Time since last request: 0.000020 seconds.
  path: Assets/Neon Blitz/Assets/Textures/Top_Down_Survivor/rifle/reload/survivor-reload_rifle_12.png
  artifactKey: Guid(3a1e342b443a44e439f6ad925a062104) Importer(815301076,1909f56bfc062723c751e8b465ee728b)
Number of updated assets reloaded before import = 0
Start importing Assets/Neon Blitz/Assets/Textures/Top_Down_Survivor/rifle/reload/survivor-reload_rifle_12.png using Guid(3a1e342b443a44e439f6ad925a062104) Importer(815301076,1909f56bfc062723c751e8b465ee728b)  -> (artifact id: 'a7ea196b8b2157d73b2e241b16b88448') in 0.023634 seconds 
Number of asset objects unloaded after import = 3
========================================================================
Received Import Request.
  Time since last request: 0.000018 seconds.
  path: Assets/Neon Blitz/Assets/Textures/Top_Down_Survivor/feet/strafe_left/survivor-strafe_left_12.png
  artifactKey: Guid(f1fe64b059d368a48888f34bd40a4aaa) Importer(815301076,1909f56bfc062723c751e8b465ee728b)
Number of updated assets reloaded before import = 0
Start importing Assets/Neon Blitz/Assets/Textures/Top_Down_Survivor/feet/strafe_left/survivor-strafe_left_12.png using Guid(f1fe64b059d368a48888f34bd40a4aaa) Importer(815301076,1909f56bfc062723c751e8b465ee728b)  -> (artifact id: '6b319c0540ba79f98356e55fc7d4bf5e') in 0.021186 seconds 
Number of asset objects unloaded after import = 3
========================================================================
Received Import Request.
  Time since last request: 0.000021 seconds.
  path: Assets/Neon Blitz/Assets/Textures/Top_Down_Survivor/feet/walk/survivor-walk_3.png
  artifactKey: Guid(aa62382d151a9a34bb2ac57030326b42) Importer(815301076,1909f56bfc062723c751e8b465ee728b)
Number of updated assets reloaded before import = 0
Start importing Assets/Neon Blitz/Assets/Textures/Top_Down_Survivor/feet/walk/survivor-walk_3.png using Guid(aa62382d151a9a34bb2ac57030326b42) Importer(815301076,1909f56bfc062723c751e8b465ee728b)  -> (artifact id: '0102059f80355879ee55857bf7b59a82') in 0.022507 seconds 
Number of asset objects unloaded after import = 3
========================================================================
Received Import Request.
  Time since last request: 0.000030 seconds.
  path: Assets/Neon Blitz/Assets/Textures/Top_Down_Survivor/flashlight/idle/survivor-idle_flashlight_0.png
  artifactKey: Guid(7b8037264bbdbc34aba4e76d1480d914) Importer(815301076,1909f56bfc062723c751e8b465ee728b)
Number of updated assets reloaded before import = 0
Start importing Assets/Neon Blitz/Assets/Textures/Top_Down_Survivor/flashlight/idle/survivor-idle_flashlight_0.png using Guid(7b8037264bbdbc34aba4e76d1480d914) Importer(815301076,1909f56bfc062723c751e8b465ee728b)  -> (artifact id: 'b51229f2ea9067527f95745525f01647') in 0.023738 seconds 
Number of asset objects unloaded after import = 3
========================================================================
Received Import Request.
  Time since last request: 0.000032 seconds.
  path: Assets/Neon Blitz/Assets/Textures/Top_Down_Survivor/rifle/reload/survivor-reload_rifle_11.png
  artifactKey: Guid(cd8f8b58114ed2941a4a96840f73823c) Importer(815301076,1909f56bfc062723c751e8b465ee728b)
Number of updated assets reloaded before import = 0
Start importing Assets/Neon Blitz/Assets/Textures/Top_Down_Survivor/rifle/reload/survivor-reload_rifle_11.png using Guid(cd8f8b58114ed2941a4a96840f73823c) Importer(815301076,1909f56bfc062723c751e8b465ee728b)  -> (artifact id: '66d8ebd63814f54ab12d092f834d85a8') in 0.022542 seconds 
Number of asset objects unloaded after import = 3
========================================================================
Received Import Request.
  Time since last request: 0.000019 seconds.
  path: Assets/Neon Blitz/Assets/Textures/Top_Down_Survivor/flashlight/idle/survivor-idle_flashlight_12.png
  artifactKey: Guid(36a734701b5308b40a5ec98c407e86bc) Importer(815301076,1909f56bfc062723c751e8b465ee728b)
Number of updated assets reloaded before import = 0
Start importing Assets/Neon Blitz/Assets/Textures/Top_Down_Survivor/flashlight/idle/survivor-idle_flashlight_12.png using Guid(36a734701b5308b40a5ec98c407e86bc) Importer(815301076,1909f56bfc062723c751e8b465ee728b)  -> (artifact id: 'ad9311a789163d63e2ea66fd02b73c39') in 0.026187 seconds 
Number of asset objects unloaded after import = 3
========================================================================
Received Import Request.
  Time since last request: 0.000016 seconds.
  path: Assets/Neon Blitz/Assets/Textures/Top_Down_Survivor/flashlight/idle/survivor-idle_flashlight_9.png
  artifactKey: Guid(195e2357fc4379343853875d0caae8c0) Importer(815301076,1909f56bfc062723c751e8b465ee728b)
Number of updated assets reloaded before import = 0
Start importing Assets/Neon Blitz/Assets/Textures/Top_Down_Survivor/flashlight/idle/survivor-idle_flashlight_9.png using Guid(195e2357fc4379343853875d0caae8c0) Importer(815301076,1909f56bfc062723c751e8b465ee728b)  -> (artifact id: '76b2a67d51478f2648eb6099163dd894') in 0.023539 seconds 
Number of asset objects unloaded after import = 3
========================================================================
Received Import Request.
  Time since last request: 0.000015 seconds.
  path: Assets/Neon Blitz/Assets/Textures/Top_Down_Survivor/handgun/reload/survivor-reload_handgun_4.png
  artifactKey: Guid(fab9d703afaa8b344947c516b78f6099) Importer(815301076,1909f56bfc062723c751e8b465ee728b)
Number of updated assets reloaded before import = 0
Start importing Assets/Neon Blitz/Assets/Textures/Top_Down_Survivor/handgun/reload/survivor-reload_handgun_4.png using Guid(fab9d703afaa8b344947c516b78f6099) Importer(815301076,1909f56bfc062723c751e8b465ee728b)  -> (artifact id: '2097d548de291b3a6586c892eea0d409') in 0.025615 seconds 
Number of asset objects unloaded after import = 3
========================================================================
Received Import Request.
  Time since last request: 0.000017 seconds.
  path: Assets/Neon Blitz/Assets/Textures/Level Assets/Subway_Outro.png
  artifactKey: Guid(5dfa34aebae28454baa40126034970fb) Importer(815301076,1909f56bfc062723c751e8b465ee728b)
Number of updated assets reloaded before import = 0
Start importing Assets/Neon Blitz/Assets/Textures/Level Assets/Subway_Outro.png using Guid(5dfa34aebae28454baa40126034970fb) Importer(815301076,1909f56bfc062723c751e8b465ee728b)  -> (artifact id: '07afc4066a00972567e3d75d16edb45c') in 0.025184 seconds 
Number of asset objects unloaded after import = 3
========================================================================
Received Import Request.
  Time since last request: 22.979126 seconds.
  path: Assets/Neon Blitz/Assets/Textures/Top_Down_Survivor/feet/walk/survivor-walk_18.png
  artifactKey: Guid(0727878dae636d94d8144a2e368a854d) Importer(815301076,1909f56bfc062723c751e8b465ee728b)
Number of updated assets reloaded before import = 0
Start importing Assets/Neon Blitz/Assets/Textures/Top_Down_Survivor/feet/walk/survivor-walk_18.png using Guid(0727878dae636d94d8144a2e368a854d) Importer(815301076,1909f56bfc062723c751e8b465ee728b)  -> (artifact id: '211fda1ce778da39831414ee1790f164') in 0.024451 seconds 
Number of asset objects unloaded after import = 3
========================================================================
Received Import Request.
  Time since last request: 0.000021 seconds.
  path: Assets/Neon Blitz/Assets/Textures/Level Assets/WriterHome.png
  artifactKey: Guid(7b5906c89a8c0f146b2a005387312448) Importer(815301076,1909f56bfc062723c751e8b465ee728b)
Number of updated assets reloaded before import = 0
Start importing Assets/Neon Blitz/Assets/Textures/Level Assets/WriterHome.png using Guid(7b5906c89a8c0f146b2a005387312448) Importer(815301076,1909f56bfc062723c751e8b465ee728b)  -> (artifact id: 'b097881a13b8cc64ef097b7e70b49a53') in 0.041716 seconds 
Number of asset objects unloaded after import = 3
========================================================================
Received Import Request.
  Time since last request: 0.000019 seconds.
  path: Assets/Neon Blitz/Assets/Textures/Level Assets/TheAbyss.png
  artifactKey: Guid(108bb2c1cfb6d6a418d2d4f468a22dc8) Importer(815301076,1909f56bfc062723c751e8b465ee728b)
Number of updated assets reloaded before import = 0
Start importing Assets/Neon Blitz/Assets/Textures/Level Assets/TheAbyss.png using Guid(108bb2c1cfb6d6a418d2d4f468a22dc8) Importer(815301076,1909f56bfc062723c751e8b465ee728b)  -> (artifact id: '0c26c0d9f0b03dd267a7a4e060700657') in 0.055173 seconds 
Number of asset objects unloaded after import = 3
Editor requested this worker to shutdown with reason: Scaling down because of idle timeout
AssetImportWorker is now disconnected from the server
Process exiting
Exiting without the bug reporter. Application will terminate with return code 0