Using pre-set license
Built from '2021.3/staging' branch; Version is '2021.3.35f1 (157b46ce122a) revision 1407814'; Using compiler version '192829333'; Build Type 'Release'
OS: 'Windows 10  (10.0.19045) 64bit Core' Language: 'en' Physical Memory: 16333 MB
BatchMode: 1, IsHumanControllingUs: 0, StartBugReporterOnCrash: 0, Is64bit: 1, IsPro: 1

COMMAND LINE ARGUMENTS:
Z:\Program Files\2021.3.35f1\Editor\Unity.exe
-adb2
-batchMode
-noUpm
-name
AssetImportWorker12
-projectPath
Z:/Utilisateur/hamid/Bureau/jeu final/jeu-final/NeonBlitz3D
-logFile
Logs/AssetImportWorker12.log
-srvPort
53082
Successfully changed project path to: Z:/Utilisateur/hamid/Bureau/jeu final/jeu-final/NeonBlitz3D
Z:/Utilisateur/hamid/Bureau/jeu final/jeu-final/NeonBlitz3D
[UnityMemory] Configuration Parameters - Can be set up in boot.config
    "memorysetup-bucket-allocator-granularity=16"
    "memorysetup-bucket-allocator-bucket-count=8"
    "memorysetup-bucket-allocator-block-size=33554432"
    "memorysetup-bucket-allocator-block-count=8"
    "memorysetup-main-allocator-block-size=16777216"
    "memorysetup-thread-allocator-block-size=16777216"
    "memorysetup-gfx-main-allocator-block-size=16777216"
    "memorysetup-gfx-thread-allocator-block-size=16777216"
    "memorysetup-cache-allocator-block-size=4194304"
    "memorysetup-typetree-allocator-block-size=2097152"
    "memorysetup-profiler-bucket-allocator-granularity=16"
    "memorysetup-profiler-bucket-allocator-bucket-count=8"
    "memorysetup-profiler-bucket-allocator-block-size=33554432"
    "memorysetup-profiler-bucket-allocator-block-count=8"
    "memorysetup-profiler-allocator-block-size=16777216"
    "memorysetup-profiler-editor-allocator-block-size=1048576"
    "memorysetup-temp-allocator-size-main=16777216"
    "memorysetup-job-temp-allocator-block-size=2097152"
    "memorysetup-job-temp-allocator-block-size-background=1048576"
    "memorysetup-job-temp-allocator-reduction-small-platforms=262144"
    "memorysetup-temp-allocator-size-background-worker=32768"
    "memorysetup-temp-allocator-size-job-worker=262144"
    "memorysetup-temp-allocator-size-preload-manager=33554432"
    "memorysetup-temp-allocator-size-nav-mesh-worker=65536"
    "memorysetup-temp-allocator-size-audio-worker=65536"
    "memorysetup-temp-allocator-size-cloud-worker=32768"
    "memorysetup-temp-allocator-size-gi-baking-worker=262144"
    "memorysetup-temp-allocator-size-gfx=262144"
Player connection [2984] Host "[IP] 192.168.44.1 [Port] 0 [Flags] 2 [Guid] 3207549320 [EditorId] 3207549320 [Version] 1048832 [Id] WindowsEditor(7,DESKTOP-QFF8DP8) [Debug] 1 [PackageName] WindowsEditor [ProjectName] Editor" joined multi-casting on [225.0.0.222:54997]...

Player connection [2984] Host "[IP] 192.168.44.1 [Port] 0 [Flags] 2 [Guid] 3207549320 [EditorId] 3207549320 [Version] 1048832 [Id] WindowsEditor(7,DESKTOP-QFF8DP8) [Debug] 1 [PackageName] WindowsEditor [ProjectName] Editor" joined alternative multi-casting on [225.0.0.222:34997]...

[Physics::Module] Initialized MultithreadedJobDispatcher with {0} workers.
Refreshing native plugins compatible for Editor in 825.34 ms, found 3 plugins.
Preloading 0 native plugins for Editor in 0.00 ms.
Initialize engine version: 2021.3.35f1 (157b46ce122a)
[Subsystems] Discovering subsystems at path Z:/Program Files/2021.3.35f1/Editor/Data/Resources/UnitySubsystems
[Subsystems] Discovering subsystems at path Z:/Utilisateur/hamid/Bureau/jeu final/jeu-final/NeonBlitz3D/Assets
GfxDevice: creating device client; threaded=0; jobified=0
Direct3D:
    Version:  Direct3D 11.0 [level 11.1]
    Renderer: NVIDIA GeForce RTX 2060 (ID=0x1e89)
    Vendor:   NVIDIA
    VRAM:     5958 MB
    Driver:   31.0.15.3623
Initialize mono
Mono path[0] = 'Z:/Program Files/2021.3.35f1/Editor/Data/Managed'
Mono path[1] = 'Z:/Program Files/2021.3.35f1/Editor/Data/MonoBleedingEdge/lib/mono/unityjit-win32'
Mono config path = 'Z:/Program Files/2021.3.35f1/Editor/Data/MonoBleedingEdge/etc'
Using monoOptions --debugger-agent=transport=dt_socket,embedding=1,server=y,suspend=n,address=127.0.0.1:56132
Begin MonoManager ReloadAssembly
Registering precompiled unity dll's ...
Register platform support module: Z:/Program Files/2021.3.35f1/Editor/Data/PlaybackEngines/WindowsStandaloneSupport/UnityEditor.WindowsStandalone.Extensions.dll
Registered in 0.080172 seconds.
Native extension for WindowsStandalone target not found
Refreshing native plugins compatible for Editor in 111.28 ms, found 3 plugins.
Preloading 0 native plugins for Editor in 0.00 ms.
Mono: successfully reloaded assembly
- Completed reload, in  3.900 seconds
Domain Reload Profiling:
	ReloadAssembly (3900ms)
		BeginReloadAssembly (3104ms)
			ExecutionOrderSort (0ms)
			DisableScriptedObjects (0ms)
			BackupInstance (0ms)
			ReleaseScriptingObjects (0ms)
			CreateAndSetChildDomain (1ms)
		EndReloadAssembly (618ms)
			LoadAssemblies (3104ms)
			RebuildTransferFunctionScriptingTraits (0ms)
			SetupTypeCache (150ms)
			ReleaseScriptCaches (0ms)
			RebuildScriptCaches (38ms)
			SetupLoadedEditorAssemblies (382ms)
				LogAssemblyErrors (0ms)
				InitializePlatformSupportModulesInManaged (7ms)
				SetLoadedEditorAssemblies (0ms)
				RefreshPlugins (111ms)
				BeforeProcessingInitializeOnLoad (2ms)
				ProcessInitializeOnLoadAttributes (198ms)
				ProcessInitializeOnLoadMethodAttributes (63ms)
				AfterProcessingInitializeOnLoad (0ms)
				EditorAssembliesLoaded (0ms)
			ExecutionOrderSort2 (0ms)
			AwakeInstancesAfterBackupRestoration (0ms)
Platform modules already initialized, skipping
Registering precompiled user dll's ...
Registered in 0.887166 seconds.
Begin MonoManager ReloadAssembly
Native extension for WindowsStandalone target not found
Refreshing native plugins compatible for Editor in 100.62 ms, found 3 plugins.
Preloading 0 native plugins for Editor in 0.00 ms.
Package Manager log level set to [2]
[Package Manager] Server::EnsureServerProcessIsRunning -- launch failed, reason: Unity was launched with the -noUpm command-line argument
[Package Manager] Cannot connect to Unity Package Manager local server
Mono: successfully reloaded assembly
- Completed reload, in  2.639 seconds
Domain Reload Profiling:
	ReloadAssembly (2640ms)
		BeginReloadAssembly (631ms)
			ExecutionOrderSort (0ms)
			DisableScriptedObjects (5ms)
			BackupInstance (0ms)
			ReleaseScriptingObjects (0ms)
			CreateAndSetChildDomain (21ms)
		EndReloadAssembly (1886ms)
			LoadAssemblies (1265ms)
			RebuildTransferFunctionScriptingTraits (0ms)
			SetupTypeCache (206ms)
			ReleaseScriptCaches (1ms)
			RebuildScriptCaches (53ms)
			SetupLoadedEditorAssemblies (862ms)
				LogAssemblyErrors (0ms)
				InitializePlatformSupportModulesInManaged (3ms)
				SetLoadedEditorAssemblies (0ms)
				RefreshPlugins (101ms)
				BeforeProcessingInitializeOnLoad (69ms)
				ProcessInitializeOnLoadAttributes (643ms)
				ProcessInitializeOnLoadMethodAttributes (42ms)
				AfterProcessingInitializeOnLoad (3ms)
				EditorAssembliesLoaded (0ms)
			ExecutionOrderSort2 (0ms)
			AwakeInstancesAfterBackupRestoration (7ms)
Platform modules already initialized, skipping
========================================================================
Worker process is ready to serve import requests
Launched and connected shader compiler UnityShaderCompiler.exe after 0.17 seconds
Refreshing native plugins compatible for Editor in 1.58 ms, found 3 plugins.
Preloading 0 native plugins for Editor in 0.00 ms.
Unloading 2895 Unused Serialized files (Serialized files now loaded: 0)
Unloading 46 unused Assets / (164.2 KB). Loaded Objects now: 3379.
Memory consumption went from 169.7 MB to 169.5 MB.
Total: 3.451700 ms (FindLiveObjects: 0.288500 ms CreateObjectMapping: 0.097100 ms MarkObjects: 2.894800 ms  DeleteObjects: 0.170300 ms)

AssetImportParameters requested are different than current active one (requested -> active):
  custom:video-decoder-ogg-theora: a1e56fd34408186e4bbccfd4996cb3dc -> 
  custom:container-muxer-webm: aa71ff27fc2769a1b78a27578f13a17b -> 
  custom:container-demuxer-webm: 4f35f7cbe854078d1ac9338744f61a02 -> 
  custom:video-encoder-webm-vp8: eb34c28f22e8b96e1ab97ce403110664 -> 
  custom:CustomObjectIndexerAttribute: bc11b3a6c3213fcdd17b65e7da85e133 -> 
  custom:audio-encoder-webm-vorbis: bf7c407c2cedff20999df2af8eb42d56 -> 
  custom:framework-win-MediaFoundation: 216162199b28c13a410421893ffa2e32 -> 
  custom:SearchIndexIgnoredProperties: e643bd26f0fe6173181afceb89e7c659 -> 
  custom:container-demuxer-ogg: 62fdf1f143b41e24485cea50d1cbac27 -> 
  custom:video-decoder-webm-vp8: 9c59270c3fd7afecdb556c50c9e8de78 -> 
  custom:audio-decoder-ogg-vorbis: bf7c407c2cedff20999df2af8eb42d56 -> 
========================================================================
Received Import Request.
  Time since last request: 11218.168797 seconds.
  path: Assets/Neon Blitz/Assets/Textures/Level Assets/FansHeadquarters.png
  artifactKey: Guid(e01fd4def1781014f9622a9f79e2a47d) Importer(815301076,1909f56bfc062723c751e8b465ee728b)
Number of updated assets reloaded before import = 0
Start importing Assets/Neon Blitz/Assets/Textures/Level Assets/FansHeadquarters.png using Guid(e01fd4def1781014f9622a9f79e2a47d) Importer(815301076,1909f56bfc062723c751e8b465ee728b)  -> (artifact id: '3fd4121965b5d55c2ba714e9b8a1999f') in 0.322845 seconds 
Number of asset objects unloaded after import = 4
========================================================================
Received Import Request.
  Time since last request: 14.433346 seconds.
  path: Assets/Neon Blitz/Assets/Textures/Level Assets/FansHeadquarters.png
  artifactKey: Guid(e01fd4def1781014f9622a9f79e2a47d) Importer(815301076,1909f56bfc062723c751e8b465ee728b)
Number of updated assets reloaded before import = 0
Start importing Assets/Neon Blitz/Assets/Textures/Level Assets/FansHeadquarters.png using Guid(e01fd4def1781014f9622a9f79e2a47d) Importer(815301076,1909f56bfc062723c751e8b465ee728b)  -> (artifact id: '8028c1597d543ee84308c7af25f5c788') in 0.011322 seconds 
Number of asset objects unloaded after import = 2
========================================================================
Received Import Request.
  Time since last request: 20.428995 seconds.
  path: Assets/Neon Blitz/Assets/Textures/Level Assets/FansHeadquarters.png
  artifactKey: Guid(e01fd4def1781014f9622a9f79e2a47d) Importer(815301076,1909f56bfc062723c751e8b465ee728b)
Number of updated assets reloaded before import = 0
Start importing Assets/Neon Blitz/Assets/Textures/Level Assets/FansHeadquarters.png using Guid(e01fd4def1781014f9622a9f79e2a47d) Importer(815301076,1909f56bfc062723c751e8b465ee728b)  -> (artifact id: 'fedfa8d8add22cd1f978647874e5fac3') in 0.017612 seconds 
Number of asset objects unloaded after import = 3
========================================================================
Received Prepare
Registering precompiled user dll's ...
Registered in 0.004415 seconds.
Begin MonoManager ReloadAssembly
Native extension for WindowsStandalone target not found
Refreshing native plugins compatible for Editor in 2.29 ms, found 3 plugins.
Preloading 0 native plugins for Editor in 0.00 ms.
[Package Manager] Server::EnsureServerProcessIsRunning -- launch failed, reason: Unity was launched with the -noUpm command-line argument
[Package Manager] Cannot connect to Unity Package Manager local server
Mono: successfully reloaded assembly
- Completed reload, in  1.452 seconds
Domain Reload Profiling:
	ReloadAssembly (1453ms)
		BeginReloadAssembly (173ms)
			ExecutionOrderSort (0ms)
			DisableScriptedObjects (7ms)
			BackupInstance (0ms)
			ReleaseScriptingObjects (0ms)
			CreateAndSetChildDomain (38ms)
		EndReloadAssembly (1176ms)
			LoadAssemblies (124ms)
			RebuildTransferFunctionScriptingTraits (0ms)
			SetupTypeCache (229ms)
			ReleaseScriptCaches (2ms)
			RebuildScriptCaches (63ms)
			SetupLoadedEditorAssemblies (758ms)
				LogAssemblyErrors (0ms)
				InitializePlatformSupportModulesInManaged (4ms)
				SetLoadedEditorAssemblies (0ms)
				RefreshPlugins (2ms)
				BeforeProcessingInitializeOnLoad (77ms)
				ProcessInitializeOnLoadAttributes (636ms)
				ProcessInitializeOnLoadMethodAttributes (34ms)
				AfterProcessingInitializeOnLoad (4ms)
				EditorAssembliesLoaded (0ms)
			ExecutionOrderSort2 (0ms)
			AwakeInstancesAfterBackupRestoration (9ms)
Platform modules already initialized, skipping
Refreshing native plugins compatible for Editor in 3.22 ms, found 3 plugins.
Preloading 0 native plugins for Editor in 0.00 ms.
Unloading 2844 Unused Serialized files (Serialized files now loaded: 0)
Unloading 36 unused Assets / (137.9 KB). Loaded Objects now: 3392.
Memory consumption went from 170.8 MB to 170.6 MB.
Total: 4.946800 ms (FindLiveObjects: 0.417000 ms CreateObjectMapping: 0.115600 ms MarkObjects: 4.220200 ms  DeleteObjects: 0.192800 ms)

AssetImportParameters requested are different than current active one (requested -> active):
  custom:video-decoder-ogg-theora: a1e56fd34408186e4bbccfd4996cb3dc -> 
  custom:container-muxer-webm: aa71ff27fc2769a1b78a27578f13a17b -> 
  custom:container-demuxer-webm: 4f35f7cbe854078d1ac9338744f61a02 -> 
  custom:video-encoder-webm-vp8: eb34c28f22e8b96e1ab97ce403110664 -> 
  custom:CustomObjectIndexerAttribute: bc11b3a6c3213fcdd17b65e7da85e133 -> 
  custom:audio-encoder-webm-vorbis: bf7c407c2cedff20999df2af8eb42d56 -> 
  custom:framework-win-MediaFoundation: 216162199b28c13a410421893ffa2e32 -> 
  custom:SearchIndexIgnoredProperties: e643bd26f0fe6173181afceb89e7c659 -> 
  custom:container-demuxer-ogg: 62fdf1f143b41e24485cea50d1cbac27 -> 
  custom:video-decoder-webm-vp8: 9c59270c3fd7afecdb556c50c9e8de78 -> 
  custom:audio-decoder-ogg-vorbis: bf7c407c2cedff20999df2af8eb42d56 -> 
========================================================================
Received Prepare
Registering precompiled user dll's ...
Registered in 0.004341 seconds.
Begin MonoManager ReloadAssembly
Native extension for WindowsStandalone target not found
Refreshing native plugins compatible for Editor in 1.43 ms, found 3 plugins.
Preloading 0 native plugins for Editor in 0.00 ms.
[Package Manager] Server::EnsureServerProcessIsRunning -- launch failed, reason: Unity was launched with the -noUpm command-line argument
[Package Manager] Cannot connect to Unity Package Manager local server
Mono: successfully reloaded assembly
- Completed reload, in  1.334 seconds
Domain Reload Profiling:
	ReloadAssembly (1334ms)
		BeginReloadAssembly (157ms)
			ExecutionOrderSort (0ms)
			DisableScriptedObjects (5ms)
			BackupInstance (0ms)
			ReleaseScriptingObjects (0ms)
			CreateAndSetChildDomain (39ms)
		EndReloadAssembly (1091ms)
			LoadAssemblies (107ms)
			RebuildTransferFunctionScriptingTraits (0ms)
			SetupTypeCache (195ms)
			ReleaseScriptCaches (2ms)
			RebuildScriptCaches (60ms)
			SetupLoadedEditorAssemblies (726ms)
				LogAssemblyErrors (0ms)
				InitializePlatformSupportModulesInManaged (4ms)
				SetLoadedEditorAssemblies (0ms)
				RefreshPlugins (1ms)
				BeforeProcessingInitializeOnLoad (67ms)
				ProcessInitializeOnLoadAttributes (616ms)
				ProcessInitializeOnLoadMethodAttributes (34ms)
				AfterProcessingInitializeOnLoad (3ms)
				EditorAssembliesLoaded (0ms)
			ExecutionOrderSort2 (0ms)
			AwakeInstancesAfterBackupRestoration (9ms)
Platform modules already initialized, skipping
Refreshing native plugins compatible for Editor in 3.58 ms, found 3 plugins.
Preloading 0 native plugins for Editor in 0.00 ms.
Unloading 2843 Unused Serialized files (Serialized files now loaded: 0)
Unloading 35 unused Assets / (137.9 KB). Loaded Objects now: 3395.
Memory consumption went from 168.6 MB to 168.5 MB.
Total: 5.223000 ms (FindLiveObjects: 0.508000 ms CreateObjectMapping: 0.114300 ms MarkObjects: 4.453600 ms  DeleteObjects: 0.145900 ms)

AssetImportParameters requested are different than current active one (requested -> active):
  custom:video-decoder-ogg-theora: a1e56fd34408186e4bbccfd4996cb3dc -> 
  custom:container-muxer-webm: aa71ff27fc2769a1b78a27578f13a17b -> 
  custom:container-demuxer-webm: 4f35f7cbe854078d1ac9338744f61a02 -> 
  custom:video-encoder-webm-vp8: eb34c28f22e8b96e1ab97ce403110664 -> 
  custom:CustomObjectIndexerAttribute: bc11b3a6c3213fcdd17b65e7da85e133 -> 
  custom:audio-encoder-webm-vorbis: bf7c407c2cedff20999df2af8eb42d56 -> 
  custom:framework-win-MediaFoundation: 216162199b28c13a410421893ffa2e32 -> 
  custom:SearchIndexIgnoredProperties: e643bd26f0fe6173181afceb89e7c659 -> 
  custom:container-demuxer-ogg: 62fdf1f143b41e24485cea50d1cbac27 -> 
  custom:video-decoder-webm-vp8: 9c59270c3fd7afecdb556c50c9e8de78 -> 
  custom:audio-decoder-ogg-vorbis: bf7c407c2cedff20999df2af8eb42d56 -> 
========================================================================
Received Import Request.
  Time since last request: 117.248013 seconds.
  path: Assets/Scenes/Level
  artifactKey: Guid(2aa81426594d55244b529cafcea8bcc1) Importer(815301076,1909f56bfc062723c751e8b465ee728b)
Number of updated assets reloaded before import = 0
Start importing Assets/Scenes/Level using Guid(2aa81426594d55244b529cafcea8bcc1) Importer(815301076,1909f56bfc062723c751e8b465ee728b)  -> (artifact id: '89ce7ba5e0821a014e9d25c95ddb5c2c') in 0.012408 seconds 
Number of asset objects unloaded after import = 0
========================================================================
Received Import Request.
  Time since last request: 2.509570 seconds.
  path: Assets/Scenes/Scripts
  artifactKey: Guid(e1fc7388d896e8b4fb04c874079069b2) Importer(815301076,1909f56bfc062723c751e8b465ee728b)
Number of updated assets reloaded before import = 0
Start importing Assets/Scenes/Scripts using Guid(e1fc7388d896e8b4fb04c874079069b2) Importer(815301076,1909f56bfc062723c751e8b465ee728b)  -> (artifact id: 'b5802f491776195de4447aaaac2f0c8a') in 0.001455 seconds 
Number of asset objects unloaded after import = 0
========================================================================
Received Import Request.
  Time since last request: 1.654174 seconds.
  path: Assets/Scenes/Scripts/EventMenuPrincipal.cs
  artifactKey: Guid(bac1fc62d90b36d4f8058027c74b5139) Importer(815301076,1909f56bfc062723c751e8b465ee728b)
Number of updated assets reloaded before import = 0
Start importing Assets/Scenes/Scripts/EventMenuPrincipal.cs using Guid(bac1fc62d90b36d4f8058027c74b5139) Importer(815301076,1909f56bfc062723c751e8b465ee728b)  -> (artifact id: 'b05df602afd837ebe8dcc96ba154fdf4') in 0.006007 seconds 
Number of asset objects unloaded after import = 0
========================================================================
Received Import Request.
  Time since last request: 8.816663 seconds.
  path: Assets/Script/ChangementScene/HeliicoptereController.cs
  artifactKey: Guid(116f57911d33a8e45ab369ce723c465f) Importer(815301076,1909f56bfc062723c751e8b465ee728b)
Number of updated assets reloaded before import = 0
Start importing Assets/Script/ChangementScene/HeliicoptereController.cs using Guid(116f57911d33a8e45ab369ce723c465f) Importer(815301076,1909f56bfc062723c751e8b465ee728b)  -> (artifact id: '9e5a14d0b11a5a41694f6571e80c2ad8') in 0.001503 seconds 
Number of asset objects unloaded after import = 0
========================================================================
Received Import Request.
  Time since last request: 18.651183 seconds.
  path: Assets/Scenes/Level.unity
  artifactKey: Guid(cfa8524b2c6c1324db5300fe08972753) Importer(815301076,1909f56bfc062723c751e8b465ee728b)
Number of updated assets reloaded before import = 0
Start importing Assets/Scenes/Level.unity using Guid(cfa8524b2c6c1324db5300fe08972753) Importer(815301076,1909f56bfc062723c751e8b465ee728b)  -> (artifact id: '8fcaab12a96fa415a365c56b39877e48') in 0.001381 seconds 
Number of asset objects unloaded after import = 0
========================================================================
Received Import Request.
  Time since last request: 101.736466 seconds.
  path: Assets/Neon Blitz/Assets/spirte atlas.spriteatlas
  artifactKey: Guid(e8473bf95cc02834da449522698cbfc4) Importer(815301076,1909f56bfc062723c751e8b465ee728b)
Number of updated assets reloaded before import = 0
Start importing Assets/Neon Blitz/Assets/spirte atlas.spriteatlas using Guid(e8473bf95cc02834da449522698cbfc4) Importer(815301076,1909f56bfc062723c751e8b465ee728b)  -> (artifact id: '5fa85029554c742a6dfa39c41f7993f5') in 0.049559 seconds 
Number of asset objects unloaded after import = 1
========================================================================
Received Import Request.
  Time since last request: 6.902047 seconds.
  path: Assets/Neon Blitz/Assets/Textures/Level Assets/Base/Ambush_302.asset
  artifactKey: Guid(032fb5fdc9960ef4f832e7f827cd8cf0) Importer(815301076,1909f56bfc062723c751e8b465ee728b)
Number of updated assets reloaded before import = 0
Start importing Assets/Neon Blitz/Assets/Textures/Level Assets/Base/Ambush_302.asset using Guid(032fb5fdc9960ef4f832e7f827cd8cf0) Importer(815301076,1909f56bfc062723c751e8b465ee728b)  -> (artifact id: '9ae7753af6078ea0c399bc3db6281992') in 0.071042 seconds 
Number of asset objects unloaded after import = 3
========================================================================
Received Import Request.
  Time since last request: 0.000023 seconds.
  path: Assets/Neon Blitz/Assets/Textures/Level Assets/Base/HardNews_Intro_15.asset
  artifactKey: Guid(ce28c159722a8ae4f88fa1639256a3ba) Importer(815301076,1909f56bfc062723c751e8b465ee728b)
Number of updated assets reloaded before import = 0
Start importing Assets/Neon Blitz/Assets/Textures/Level Assets/Base/HardNews_Intro_15.asset using Guid(ce28c159722a8ae4f88fa1639256a3ba) Importer(815301076,1909f56bfc062723c751e8b465ee728b)  -> (artifact id: 'baf974f417a346a08ee29647f1fce34f') in 0.088105 seconds 
Number of asset objects unloaded after import = 3
========================================================================
Received Import Request.
  Time since last request: 0.000024 seconds.
  path: Assets/Neon Blitz/Assets/Textures/Pillules/bouteillev.png
  artifactKey: Guid(0a5078a43f9d37944b2421a595469d4c) Importer(815301076,1909f56bfc062723c751e8b465ee728b)
Number of updated assets reloaded before import = 0
Start importing Assets/Neon Blitz/Assets/Textures/Pillules/bouteillev.png using Guid(0a5078a43f9d37944b2421a595469d4c) Importer(815301076,1909f56bfc062723c751e8b465ee728b)  -> (artifact id: '86fb797f395cc2370a1f5f25e203228e') in 1.697017 seconds 
Number of asset objects unloaded after import = 3
========================================================================
Received Import Request.
  Time since last request: 0.000016 seconds.
  path: Assets/Neon Blitz/Assets/Tiles/Ambush_53.asset
  artifactKey: Guid(845171282768cb142b10a9cd54c290c3) Importer(815301076,1909f56bfc062723c751e8b465ee728b)
Number of updated assets reloaded before import = 0
Start importing Assets/Neon Blitz/Assets/Tiles/Ambush_53.asset using Guid(845171282768cb142b10a9cd54c290c3) Importer(815301076,1909f56bfc062723c751e8b465ee728b)  -> (artifact id: 'bd4b3346fd1fd8a41d825ea76dd774a9') in 0.043676 seconds 
Number of asset objects unloaded after import = 3
========================================================================
Received Import Request.
  Time since last request: 0.000028 seconds.
  path: Assets/Neon Blitz/Assets/Tiles/Ambush_6.asset
  artifactKey: Guid(4eb73ea68ce8f72489c25b6fc3031148) Importer(815301076,1909f56bfc062723c751e8b465ee728b)
Number of updated assets reloaded before import = 0
Start importing Assets/Neon Blitz/Assets/Tiles/Ambush_6.asset using Guid(4eb73ea68ce8f72489c25b6fc3031148) Importer(815301076,1909f56bfc062723c751e8b465ee728b)  -> (artifact id: '0d0be533078efd935c2384d35d04b2b4') in 0.055291 seconds 
Number of asset objects unloaded after import = 3
========================================================================
Received Import Request.
  Time since last request: 0.000014 seconds.
  path: Assets/Neon Blitz/Assets/Tiles/Ambush_30.asset
  artifactKey: Guid(f1d7a3c4b2d38cd40b925c513a8e1be8) Importer(815301076,1909f56bfc062723c751e8b465ee728b)
Number of updated assets reloaded before import = 0
Start importing Assets/Neon Blitz/Assets/Tiles/Ambush_30.asset using Guid(f1d7a3c4b2d38cd40b925c513a8e1be8) Importer(815301076,1909f56bfc062723c751e8b465ee728b)  -> (artifact id: 'cfe922f5ff80ce38c387402df7a000dc') in 0.031021 seconds 
Number of asset objects unloaded after import = 3
========================================================================
Received Import Request.
  Time since last request: 0.000017 seconds.
  path: Assets/Neon Blitz/Assets/Tiles/Ambush_22.asset
  artifactKey: Guid(9e88041f080dbfd4283d9aa79d8d5e3e) Importer(815301076,1909f56bfc062723c751e8b465ee728b)
Number of updated assets reloaded before import = 0
Start importing Assets/Neon Blitz/Assets/Tiles/Ambush_22.asset using Guid(9e88041f080dbfd4283d9aa79d8d5e3e) Importer(815301076,1909f56bfc062723c751e8b465ee728b)  -> (artifact id: 'abbadd7ef6c6da39500b20d67fdc6db5') in 0.009559 seconds 
Number of asset objects unloaded after import = 3
========================================================================
Received Import Request.
  Time since last request: 0.000013 seconds.
  path: Assets/Neon Blitz/Assets/Textures/Level Assets/Base/Ambush_366.asset
  artifactKey: Guid(aed15cea01cf0d14c8bd37cf560d1dc4) Importer(815301076,1909f56bfc062723c751e8b465ee728b)
Number of updated assets reloaded before import = 0
Start importing Assets/Neon Blitz/Assets/Textures/Level Assets/Base/Ambush_366.asset using Guid(aed15cea01cf0d14c8bd37cf560d1dc4) Importer(815301076,1909f56bfc062723c751e8b465ee728b)  -> (artifact id: 'df52fdabab3556ea2f89b9ed6f15309c') in 0.032471 seconds 
Number of asset objects unloaded after import = 3
========================================================================
Received Import Request.
  Time since last request: 0.000018 seconds.
  path: Assets/Neon Blitz/Assets/Textures/Pillules/ammo.png
  artifactKey: Guid(38ebcc1da2266a5458d2e4dd589372a6) Importer(815301076,1909f56bfc062723c751e8b465ee728b)
Number of updated assets reloaded before import = 0
Start importing Assets/Neon Blitz/Assets/Textures/Pillules/ammo.png using Guid(38ebcc1da2266a5458d2e4dd589372a6) Importer(815301076,1909f56bfc062723c751e8b465ee728b)  -> (artifact id: '2db63affbbf0fe7d2feb3431dd3cea56') in 0.087865 seconds 
Number of asset objects unloaded after import = 3
========================================================================
Received Import Request.
  Time since last request: 0.000023 seconds.
  path: Assets/Neon Blitz/Assets/Textures/Pillules/balle.png
  artifactKey: Guid(b9811cc299d243441811ef28d83e2999) Importer(815301076,1909f56bfc062723c751e8b465ee728b)
Number of updated assets reloaded before import = 0
Start importing Assets/Neon Blitz/Assets/Textures/Pillules/balle.png using Guid(b9811cc299d243441811ef28d83e2999) Importer(815301076,1909f56bfc062723c751e8b465ee728b)  -> (artifact id: '9f6e5e670c56823eac645f80ff31176b') in 0.072630 seconds 
Number of asset objects unloaded after import = 3
========================================================================
Received Import Request.
  Time since last request: 0.000016 seconds.
  path: Assets/Neon Blitz/Assets/Textures/Level Assets/Base/HardNews_Intro_28.asset
  artifactKey: Guid(04a02be1b5504a345aed45466d5266eb) Importer(815301076,1909f56bfc062723c751e8b465ee728b)
Number of updated assets reloaded before import = 0
Start importing Assets/Neon Blitz/Assets/Textures/Level Assets/Base/HardNews_Intro_28.asset using Guid(04a02be1b5504a345aed45466d5266eb) Importer(815301076,1909f56bfc062723c751e8b465ee728b)  -> (artifact id: 'e4d763d0fd89510efca0a7e9b8d012c7') in 0.036154 seconds 
Number of asset objects unloaded after import = 3
========================================================================
Received Import Request.
  Time since last request: 0.000017 seconds.
  path: Assets/Neon Blitz/Assets/Tiles/Ambush_40.asset
  artifactKey: Guid(f31fa3849c722a6488ee88c2d0718163) Importer(815301076,1909f56bfc062723c751e8b465ee728b)
Number of updated assets reloaded before import = 0
Start importing Assets/Neon Blitz/Assets/Tiles/Ambush_40.asset using Guid(f31fa3849c722a6488ee88c2d0718163) Importer(815301076,1909f56bfc062723c751e8b465ee728b)  -> (artifact id: '5ee5ce3b160939fb8f35b8a06fa15911') in 0.004997 seconds 
Number of asset objects unloaded after import = 3
========================================================================
Received Import Request.
  Time since last request: 0.000022 seconds.
  path: Assets/Neon Blitz/Assets/Tiles/Ambush_12.asset
  artifactKey: Guid(e399aa0db1adc96459251634ea0c4638) Importer(815301076,1909f56bfc062723c751e8b465ee728b)
Number of updated assets reloaded before import = 0
Start importing Assets/Neon Blitz/Assets/Tiles/Ambush_12.asset using Guid(e399aa0db1adc96459251634ea0c4638) Importer(815301076,1909f56bfc062723c751e8b465ee728b)  -> (artifact id: '472df6ad6c1a6041aece7c2150fc270a') in 0.005331 seconds 
Number of asset objects unloaded after import = 3
========================================================================
Received Import Request.
  Time since last request: 0.000021 seconds.
  path: Assets/Neon Blitz/Assets/Tiles/Ambush_20.asset
  artifactKey: Guid(1129c886a57d7184ba37afc9ec86ffd8) Importer(815301076,1909f56bfc062723c751e8b465ee728b)
Number of updated assets reloaded before import = 0
Start importing Assets/Neon Blitz/Assets/Tiles/Ambush_20.asset using Guid(1129c886a57d7184ba37afc9ec86ffd8) Importer(815301076,1909f56bfc062723c751e8b465ee728b)  -> (artifact id: 'e419f550381ebf694f384dee944d1d3a') in 0.005400 seconds 
Number of asset objects unloaded after import = 3
========================================================================
Received Import Request.
  Time since last request: 0.000020 seconds.
  path: Assets/Neon Blitz/Assets/Textures/Level Assets/Base/HardNews_Intro_30.asset
  artifactKey: Guid(2bb9630d0e9eb6f45a41d1b11b7e97aa) Importer(815301076,1909f56bfc062723c751e8b465ee728b)
Number of updated assets reloaded before import = 0
Start importing Assets/Neon Blitz/Assets/Textures/Level Assets/Base/HardNews_Intro_30.asset using Guid(2bb9630d0e9eb6f45a41d1b11b7e97aa) Importer(815301076,1909f56bfc062723c751e8b465ee728b)  -> (artifact id: 'c62f13bc7545fb2925fe9a4000b89c53') in 0.028642 seconds 
Number of asset objects unloaded after import = 3
========================================================================
Received Import Request.
  Time since last request: 0.000016 seconds.
  path: Assets/Neon Blitz/Assets/Textures/Level Assets/Base/HardNews_Intro_9.asset
  artifactKey: Guid(5f6ca3c4528d6ce42ae36dbc7f37666d) Importer(815301076,1909f56bfc062723c751e8b465ee728b)
Number of updated assets reloaded before import = 0
Start importing Assets/Neon Blitz/Assets/Textures/Level Assets/Base/HardNews_Intro_9.asset using Guid(5f6ca3c4528d6ce42ae36dbc7f37666d) Importer(815301076,1909f56bfc062723c751e8b465ee728b)  -> (artifact id: '117a1780c154800bc9c7821e2d0c9a2c') in 0.048283 seconds 
Number of asset objects unloaded after import = 3
========================================================================
Received Import Request.
  Time since last request: 0.000021 seconds.
  path: Assets/Neon Blitz/Assets/Tiles/Ambush_64.asset
  artifactKey: Guid(9b62d5105fff76d4dbf15eb539229f1e) Importer(815301076,1909f56bfc062723c751e8b465ee728b)
Number of updated assets reloaded before import = 0
Start importing Assets/Neon Blitz/Assets/Tiles/Ambush_64.asset using Guid(9b62d5105fff76d4dbf15eb539229f1e) Importer(815301076,1909f56bfc062723c751e8b465ee728b)  -> (artifact id: '61dbce76e478b3e5df695d61b3957860') in 0.005544 seconds 
Number of asset objects unloaded after import = 3
========================================================================
Received Import Request.
  Time since last request: 0.000030 seconds.
  path: Assets/Neon Blitz/Assets/Tiles/Ambush_7.asset
  artifactKey: Guid(5660485eef8661a4c83c1ccfc665a4be) Importer(815301076,1909f56bfc062723c751e8b465ee728b)
Number of updated assets reloaded before import = 0
Start importing Assets/Neon Blitz/Assets/Tiles/Ambush_7.asset using Guid(5660485eef8661a4c83c1ccfc665a4be) Importer(815301076,1909f56bfc062723c751e8b465ee728b)  -> (artifact id: 'be58b01dfbfd3b8bf1d61d82393a6763') in 0.022287 seconds 
Number of asset objects unloaded after import = 3
========================================================================
Received Import Request.
  Time since last request: 0.000013 seconds.
  path: Assets/Neon Blitz/Assets/Textures/Level Assets/Base/Base.prefab
  artifactKey: Guid(7b6cd4ca8d881eb47993139a7ee27830) Importer(815301076,1909f56bfc062723c751e8b465ee728b)
Number of updated assets reloaded before import = 0
Start importing Assets/Neon Blitz/Assets/Textures/Level Assets/Base/Base.prefab using Guid(7b6cd4ca8d881eb47993139a7ee27830) Importer(815301076,1909f56bfc062723c751e8b465ee728b)  -> (artifact id: '798508ebe99e7089c3a7fda621071e27') in 1.205590 seconds 
Number of asset objects unloaded after import = 165
========================================================================
Received Import Request.
  Time since last request: 0.000026 seconds.
  path: Assets/Neon Blitz/Assets/Textures/Level Assets/Base/HardNews_Intro_12.asset
  artifactKey: Guid(d56917840069cda40be709eb6302df23) Importer(815301076,1909f56bfc062723c751e8b465ee728b)
Number of updated assets reloaded before import = 0
Start importing Assets/Neon Blitz/Assets/Textures/Level Assets/Base/HardNews_Intro_12.asset using Guid(d56917840069cda40be709eb6302df23) Importer(815301076,1909f56bfc062723c751e8b465ee728b)  -> (artifact id: '3795330411b6f2aa2662dd644f449b6b') in 0.006625 seconds 
Number of asset objects unloaded after import = 3
========================================================================
Received Import Request.
  Time since last request: 0.000024 seconds.
  path: Assets/Neon Blitz/Assets/Tiles/Ambush_63.asset
  artifactKey: Guid(57232fe5a18ae5f46bddf55fc35555af) Importer(815301076,1909f56bfc062723c751e8b465ee728b)
Number of updated assets reloaded before import = 0
Start importing Assets/Neon Blitz/Assets/Tiles/Ambush_63.asset using Guid(57232fe5a18ae5f46bddf55fc35555af) Importer(815301076,1909f56bfc062723c751e8b465ee728b)  -> (artifact id: '4ef092bc004006f65153013b748ac580') in 0.005414 seconds 
Number of asset objects unloaded after import = 3
========================================================================
Received Import Request.
  Time since last request: 0.000022 seconds.
  path: Assets/Neon Blitz/Assets/Ennemi/Enemie3.prefab
  artifactKey: Guid(d3b43f1fa80dae8478a832841c5157a5) Importer(815301076,1909f56bfc062723c751e8b465ee728b)
Number of updated assets reloaded before import = 0
Start importing Assets/Neon Blitz/Assets/Ennemi/Enemie3.prefab using Guid(d3b43f1fa80dae8478a832841c5157a5) Importer(815301076,1909f56bfc062723c751e8b465ee728b)  -> (artifact id: '1eead13e63f54494b7b8d720e79806cc') in 0.165918 seconds 
Number of asset objects unloaded after import = 24
========================================================================
Received Import Request.
  Time since last request: 0.000017 seconds.
  path: Assets/Neon Blitz/Assets/Tiles/Ambush_26.asset
  artifactKey: Guid(9b9961cc54428a547872c2845d31d65a) Importer(815301076,1909f56bfc062723c751e8b465ee728b)
Number of updated assets reloaded before import = 0
Start importing Assets/Neon Blitz/Assets/Tiles/Ambush_26.asset using Guid(9b9961cc54428a547872c2845d31d65a) Importer(815301076,1909f56bfc062723c751e8b465ee728b)  -> (artifact id: '7a7f58aae11880482d4f071483013ddd') in 0.025609 seconds 
Number of asset objects unloaded after import = 3
========================================================================
Received Import Request.
  Time since last request: 0.000024 seconds.
  path: Assets/Neon Blitz/Assets/Textures/Pillules/greenpill.png
  artifactKey: Guid(158606423adcf904e88f342dcd46d377) Importer(815301076,1909f56bfc062723c751e8b465ee728b)
Number of updated assets reloaded before import = 0
Start importing Assets/Neon Blitz/Assets/Textures/Pillules/greenpill.png using Guid(158606423adcf904e88f342dcd46d377) Importer(815301076,1909f56bfc062723c751e8b465ee728b)  -> (artifact id: '70dfc5d3eebd79fc5cca9afb27ea13a9') in 0.078710 seconds 
Number of asset objects unloaded after import = 3
========================================================================
Received Import Request.
  Time since last request: 0.000014 seconds.
  path: Assets/Neon Blitz/Assets/Textures/Level Assets/Base/HardNews_Intro_5.asset
  artifactKey: Guid(44445ab5b8b67d84e86520d8ddd2f624) Importer(815301076,1909f56bfc062723c751e8b465ee728b)
Number of updated assets reloaded before import = 0
Start importing Assets/Neon Blitz/Assets/Textures/Level Assets/Base/HardNews_Intro_5.asset using Guid(44445ab5b8b67d84e86520d8ddd2f624) Importer(815301076,1909f56bfc062723c751e8b465ee728b)  -> (artifact id: 'a9679ace98da9fca2f6388b93fb5d396') in 0.019956 seconds 
Number of asset objects unloaded after import = 3
========================================================================
Received Import Request.
  Time since last request: 0.000016 seconds.
  path: Assets/Neon Blitz/Assets/Textures/Level Assets/Base/HardNews_Intro_8.asset
  artifactKey: Guid(b4d545c5f4fa8c541bfacc9a6fe6b1d1) Importer(815301076,1909f56bfc062723c751e8b465ee728b)
Number of updated assets reloaded before import = 0
Start importing Assets/Neon Blitz/Assets/Textures/Level Assets/Base/HardNews_Intro_8.asset using Guid(b4d545c5f4fa8c541bfacc9a6fe6b1d1) Importer(815301076,1909f56bfc062723c751e8b465ee728b)  -> (artifact id: 'd1baed0c0c9e8d0adbb9defa57ea1562') in 0.023010 seconds 
Number of asset objects unloaded after import = 3
========================================================================
Received Import Request.
  Time since last request: 0.000015 seconds.
  path: Assets/Neon Blitz/Assets/Tiles/Ambush_18.asset
  artifactKey: Guid(4168ee11c2b710f4b838ef89ec81ca06) Importer(815301076,1909f56bfc062723c751e8b465ee728b)
Number of updated assets reloaded before import = 0
Start importing Assets/Neon Blitz/Assets/Tiles/Ambush_18.asset using Guid(4168ee11c2b710f4b838ef89ec81ca06) Importer(815301076,1909f56bfc062723c751e8b465ee728b)  -> (artifact id: '4207fcb014bb0c9849c7072dc5f53dae') in 0.005940 seconds 
Number of asset objects unloaded after import = 3
========================================================================
Received Import Request.
  Time since last request: 0.000018 seconds.
  path: Assets/Neon Blitz/Assets/Tiles/Ambush_56.asset
  artifactKey: Guid(d339effdd68fe3842b7d6239091b9598) Importer(815301076,1909f56bfc062723c751e8b465ee728b)
Number of updated assets reloaded before import = 0
Start importing Assets/Neon Blitz/Assets/Tiles/Ambush_56.asset using Guid(d339effdd68fe3842b7d6239091b9598) Importer(815301076,1909f56bfc062723c751e8b465ee728b)  -> (artifact id: 'e170316a3197c320ebf64b9dbb548e0b') in 0.006522 seconds 
Number of asset objects unloaded after import = 3
========================================================================
Received Import Request.
  Time since last request: 0.000032 seconds.
  path: Assets/Neon Blitz/Assets/Textures/Level Assets/Base/Ambush_335.asset
  artifactKey: Guid(86054bd7e51255546b59a6a29acf7c90) Importer(815301076,1909f56bfc062723c751e8b465ee728b)
Number of updated assets reloaded before import = 0
Start importing Assets/Neon Blitz/Assets/Textures/Level Assets/Base/Ambush_335.asset using Guid(86054bd7e51255546b59a6a29acf7c90) Importer(815301076,1909f56bfc062723c751e8b465ee728b)  -> (artifact id: 'b8bd6526b504080463df57e6f9c76215') in 0.030809 seconds 
Number of asset objects unloaded after import = 3
========================================================================
Received Import Request.
  Time since last request: 0.000017 seconds.
  path: Assets/Neon Blitz/Assets/Tiles/Ambush_49.asset
  artifactKey: Guid(77a211b4fa3077540aa71b8ad13e7142) Importer(815301076,1909f56bfc062723c751e8b465ee728b)
Number of updated assets reloaded before import = 0
Start importing Assets/Neon Blitz/Assets/Tiles/Ambush_49.asset using Guid(77a211b4fa3077540aa71b8ad13e7142) Importer(815301076,1909f56bfc062723c751e8b465ee728b)  -> (artifact id: '1b1742bf77de1fce950b8871e1649d83') in 0.008025 seconds 
Number of asset objects unloaded after import = 3
========================================================================
Received Import Request.
  Time since last request: 0.000017 seconds.
  path: Assets/Neon Blitz/Assets/Tiles/Ambush_57.asset
  artifactKey: Guid(fe161bd17cdee7b4389fd51525476050) Importer(815301076,1909f56bfc062723c751e8b465ee728b)
Number of updated assets reloaded before import = 0
Start importing Assets/Neon Blitz/Assets/Tiles/Ambush_57.asset using Guid(fe161bd17cdee7b4389fd51525476050) Importer(815301076,1909f56bfc062723c751e8b465ee728b)  -> (artifact id: '6092c0c402c0db8226d158bf1512dfe1') in 0.005518 seconds 
Number of asset objects unloaded after import = 3
========================================================================
Received Import Request.
  Time since last request: 0.000018 seconds.
  path: Assets/Neon Blitz/Assets/Tiles/Ambush_42.asset
  artifactKey: Guid(2371a9bbc500db04d8bb2786a83df5af) Importer(815301076,1909f56bfc062723c751e8b465ee728b)
Number of updated assets reloaded before import = 0
Start importing Assets/Neon Blitz/Assets/Tiles/Ambush_42.asset using Guid(2371a9bbc500db04d8bb2786a83df5af) Importer(815301076,1909f56bfc062723c751e8b465ee728b)  -> (artifact id: '6f933cca6bbd1f932f97252d9ee49473') in 0.005910 seconds 
Number of asset objects unloaded after import = 3
========================================================================
Received Import Request.
  Time since last request: 0.000018 seconds.
  path: Assets/Neon Blitz/Assets/Textures/Level Assets/Base/HardNews_Intro_31.asset
  artifactKey: Guid(b105706e3810e4048bb54f8a98a936ec) Importer(815301076,1909f56bfc062723c751e8b465ee728b)
Number of updated assets reloaded before import = 0
Start importing Assets/Neon Blitz/Assets/Textures/Level Assets/Base/HardNews_Intro_31.asset using Guid(b105706e3810e4048bb54f8a98a936ec) Importer(815301076,1909f56bfc062723c751e8b465ee728b)  -> (artifact id: '69999e22d14cc74c2cf879b2843caea5') in 0.079984 seconds 
Number of asset objects unloaded after import = 3
========================================================================
Received Import Request.
  Time since last request: 0.000016 seconds.
  path: Assets/Neon Blitz/Assets/Tiles/Ambush_51.asset
  artifactKey: Guid(a3dce71fe462a4d48ab1ed022eff430f) Importer(815301076,1909f56bfc062723c751e8b465ee728b)
Number of updated assets reloaded before import = 0
Start importing Assets/Neon Blitz/Assets/Tiles/Ambush_51.asset using Guid(a3dce71fe462a4d48ab1ed022eff430f) Importer(815301076,1909f56bfc062723c751e8b465ee728b)  -> (artifact id: 'b9ba08dd873208277ae3d4bf83e768cd') in 0.006370 seconds 
Number of asset objects unloaded after import = 3
========================================================================
Received Import Request.
  Time since last request: 0.000021 seconds.
  path: Assets/Neon Blitz/Assets/Tiles/Ambush_27.asset
  artifactKey: Guid(319f7361622c40d4bbfc4cd701d74aad) Importer(815301076,1909f56bfc062723c751e8b465ee728b)
Number of updated assets reloaded before import = 0
Start importing Assets/Neon Blitz/Assets/Tiles/Ambush_27.asset using Guid(319f7361622c40d4bbfc4cd701d74aad) Importer(815301076,1909f56bfc062723c751e8b465ee728b)  -> (artifact id: 'a24071e24aa59815b37d7225c93f4f3f') in 0.047150 seconds 
Number of asset objects unloaded after import = 3
========================================================================
Received Import Request.
  Time since last request: 0.000026 seconds.
  path: Assets/Neon Blitz/Assets/Textures/Level Assets/Base/HardNews_Intro_13.asset
  artifactKey: Guid(e42a42a3c6ff8cc47816638d3d4683cb) Importer(815301076,1909f56bfc062723c751e8b465ee728b)
Number of updated assets reloaded before import = 0
Start importing Assets/Neon Blitz/Assets/Textures/Level Assets/Base/HardNews_Intro_13.asset using Guid(e42a42a3c6ff8cc47816638d3d4683cb) Importer(815301076,1909f56bfc062723c751e8b465ee728b)  -> (artifact id: 'e1debc12566a0de0babf68aed3e31a3b') in 0.072782 seconds 
Number of asset objects unloaded after import = 3
========================================================================
Received Import Request.
  Time since last request: 0.000024 seconds.
  path: Assets/Neon Blitz/Assets/Tiles/Ambush_5.asset
  artifactKey: Guid(c0e38f5a04298414e9b279f753b4840b) Importer(815301076,1909f56bfc062723c751e8b465ee728b)
Number of updated assets reloaded before import = 0
Start importing Assets/Neon Blitz/Assets/Tiles/Ambush_5.asset using Guid(c0e38f5a04298414e9b279f753b4840b) Importer(815301076,1909f56bfc062723c751e8b465ee728b)  -> (artifact id: '88a0bb5e4a4e829c6809e652511a85c3') in 0.046997 seconds 
Number of asset objects unloaded after import = 3
========================================================================
Received Import Request.
  Time since last request: 0.000015 seconds.
  path: Assets/Neon Blitz/Assets/Tiles/Ambush_37.asset
  artifactKey: Guid(ce7a282dee80e4047a5fa510932ecf8c) Importer(815301076,1909f56bfc062723c751e8b465ee728b)
Number of updated assets reloaded before import = 0
Start importing Assets/Neon Blitz/Assets/Tiles/Ambush_37.asset using Guid(ce7a282dee80e4047a5fa510932ecf8c) Importer(815301076,1909f56bfc062723c751e8b465ee728b)  -> (artifact id: 'a417815e70f2530ffa6ab454bc8fc72b') in 0.006008 seconds 
Number of asset objects unloaded after import = 3
========================================================================
Received Import Request.
  Time since last request: 0.000017 seconds.
  path: Assets/Neon Blitz/Assets/Tiles/Ambush_24.asset
  artifactKey: Guid(650ee7f68c06371409574c65873853f3) Importer(815301076,1909f56bfc062723c751e8b465ee728b)
Number of updated assets reloaded before import = 0
Start importing Assets/Neon Blitz/Assets/Tiles/Ambush_24.asset using Guid(650ee7f68c06371409574c65873853f3) Importer(815301076,1909f56bfc062723c751e8b465ee728b)  -> (artifact id: 'd1432142fd9352561fd839d0c4932a0b') in 0.023973 seconds 
Number of asset objects unloaded after import = 3
========================================================================
Received Import Request.
  Time since last request: 0.000013 seconds.
  path: Assets/Neon Blitz/Assets/Textures/Level Assets/Base/HardNews_Intro_35.asset
  artifactKey: Guid(eebf79ed5f74abb45a03eaa8ed0a177b) Importer(815301076,1909f56bfc062723c751e8b465ee728b)
Number of updated assets reloaded before import = 0
Start importing Assets/Neon Blitz/Assets/Textures/Level Assets/Base/HardNews_Intro_35.asset using Guid(eebf79ed5f74abb45a03eaa8ed0a177b) Importer(815301076,1909f56bfc062723c751e8b465ee728b)  -> (artifact id: 'ca9876a9ddb7ed850f5c5fbec955faf2') in 0.023659 seconds 
Number of asset objects unloaded after import = 3
========================================================================
Received Import Request.
  Time since last request: 0.000018 seconds.
  path: Assets/Neon Blitz/Assets/Textures/Level Assets/Base/Ambush_363.asset
  artifactKey: Guid(e4ca5b3507611e6438c20017c37cae28) Importer(815301076,1909f56bfc062723c751e8b465ee728b)
Number of updated assets reloaded before import = 0
Start importing Assets/Neon Blitz/Assets/Textures/Level Assets/Base/Ambush_363.asset using Guid(e4ca5b3507611e6438c20017c37cae28) Importer(815301076,1909f56bfc062723c751e8b465ee728b)  -> (artifact id: '44ba10a75137a6a73659250f6371805a') in 0.201271 seconds 
Number of asset objects unloaded after import = 3
========================================================================
Received Import Request.
  Time since last request: 0.000034 seconds.
  path: Assets/Neon Blitz/Assets/Tiles/Ambush_58.asset
  artifactKey: Guid(da54429b7fcf9a24d8a805972e1fbf4d) Importer(815301076,1909f56bfc062723c751e8b465ee728b)
Number of updated assets reloaded before import = 0
Start importing Assets/Neon Blitz/Assets/Tiles/Ambush_58.asset using Guid(da54429b7fcf9a24d8a805972e1fbf4d) Importer(815301076,1909f56bfc062723c751e8b465ee728b)  -> (artifact id: '5d994025d59ffdc2c6178f21d6677eec') in 0.008228 seconds 
Number of asset objects unloaded after import = 3
========================================================================
Received Import Request.
  Time since last request: 0.000038 seconds.
  path: Assets/Neon Blitz/Assets/Tiles/Ambush_31.asset
  artifactKey: Guid(51e2cf27239cf7a4588d2d0b509cf7eb) Importer(815301076,1909f56bfc062723c751e8b465ee728b)
Number of updated assets reloaded before import = 0
Start importing Assets/Neon Blitz/Assets/Tiles/Ambush_31.asset using Guid(51e2cf27239cf7a4588d2d0b509cf7eb) Importer(815301076,1909f56bfc062723c751e8b465ee728b)  -> (artifact id: '401ee357debd43dc8c401afeef4c2f4b') in 0.008485 seconds 
Number of asset objects unloaded after import = 3
========================================================================
Received Import Request.
  Time since last request: 0.000023 seconds.
  path: Assets/Neon Blitz/Assets/Textures/Pillules/glock.png
  artifactKey: Guid(c76d2690142d4ad41a8600d59e844e78) Importer(815301076,1909f56bfc062723c751e8b465ee728b)
Number of updated assets reloaded before import = 0
Start importing Assets/Neon Blitz/Assets/Textures/Pillules/glock.png using Guid(c76d2690142d4ad41a8600d59e844e78) Importer(815301076,1909f56bfc062723c751e8b465ee728b)  -> (artifact id: 'ae7063a7ec201aba1a3095b17497837f') in 0.095829 seconds 
Number of asset objects unloaded after import = 3
========================================================================
Received Import Request.
  Time since last request: 0.000018 seconds.
  path: Assets/Neon Blitz/Assets/Tiles/Ambush_8.asset
  artifactKey: Guid(9b4fd04d156dc824691ddf15a88841df) Importer(815301076,1909f56bfc062723c751e8b465ee728b)
Number of updated assets reloaded before import = 0
Start importing Assets/Neon Blitz/Assets/Tiles/Ambush_8.asset using Guid(9b4fd04d156dc824691ddf15a88841df) Importer(815301076,1909f56bfc062723c751e8b465ee728b)  -> (artifact id: '417393a041fd69a93b6805f52873f1a8') in 0.009095 seconds 
Number of asset objects unloaded after import = 3
========================================================================
Received Import Request.
  Time since last request: 0.000023 seconds.
  path: Assets/Neon Blitz/Assets/Tiles/Ambush_52.asset
  artifactKey: Guid(8127bdef5e5138247b57ee3457b7709e) Importer(815301076,1909f56bfc062723c751e8b465ee728b)
Number of updated assets reloaded before import = 0
Start importing Assets/Neon Blitz/Assets/Tiles/Ambush_52.asset using Guid(8127bdef5e5138247b57ee3457b7709e) Importer(815301076,1909f56bfc062723c751e8b465ee728b)  -> (artifact id: '76cab9eed2de64226aba23dc63c37282') in 0.011756 seconds 
Number of asset objects unloaded after import = 3
========================================================================
Received Import Request.
  Time since last request: 0.000023 seconds.
  path: Assets/Neon Blitz/Assets/Tiles/Ambush_60.asset
  artifactKey: Guid(b4bd3ffaa4e72ec49b64790e1b0b35e4) Importer(815301076,1909f56bfc062723c751e8b465ee728b)
Number of updated assets reloaded before import = 0
Start importing Assets/Neon Blitz/Assets/Tiles/Ambush_60.asset using Guid(b4bd3ffaa4e72ec49b64790e1b0b35e4) Importer(815301076,1909f56bfc062723c751e8b465ee728b)  -> (artifact id: '04f6f7fafa07da693a44829b31b7d96d') in 0.048024 seconds 
Number of asset objects unloaded after import = 3
========================================================================
Received Import Request.
  Time since last request: 0.000029 seconds.
  path: Assets/Neon Blitz/Assets/Tiles/Ambush_65.asset
  artifactKey: Guid(f5d913f2a0905b345b4af056165d6ad1) Importer(815301076,1909f56bfc062723c751e8b465ee728b)
Number of updated assets reloaded before import = 0
Start importing Assets/Neon Blitz/Assets/Tiles/Ambush_65.asset using Guid(f5d913f2a0905b345b4af056165d6ad1) Importer(815301076,1909f56bfc062723c751e8b465ee728b)  -> (artifact id: 'd3741c997c82736980674eeacee785ea') in 0.009218 seconds 
Number of asset objects unloaded after import = 3
========================================================================
Received Import Request.
  Time since last request: 0.000034 seconds.
  path: Assets/Neon Blitz/Assets/Tiles/Ambush_25.asset
  artifactKey: Guid(a4860df3ce992d04eb6cebb30bc3e542) Importer(815301076,1909f56bfc062723c751e8b465ee728b)
Number of updated assets reloaded before import = 0
Start importing Assets/Neon Blitz/Assets/Tiles/Ambush_25.asset using Guid(a4860df3ce992d04eb6cebb30bc3e542) Importer(815301076,1909f56bfc062723c751e8b465ee728b)  -> (artifact id: '27e1083aa54502c1f8a5692e578c8e67') in 0.009084 seconds 
Number of asset objects unloaded after import = 3
========================================================================
Received Import Request.
  Time since last request: 0.000017 seconds.
  path: Assets/Neon Blitz/Assets/Textures/Level Assets/Base/HardNews_Intro_42.asset
  artifactKey: Guid(d2b0272aafea0cb4ab6e7f8fa54faa16) Importer(815301076,1909f56bfc062723c751e8b465ee728b)
Number of updated assets reloaded before import = 0
Start importing Assets/Neon Blitz/Assets/Textures/Level Assets/Base/HardNews_Intro_42.asset using Guid(d2b0272aafea0cb4ab6e7f8fa54faa16) Importer(815301076,1909f56bfc062723c751e8b465ee728b)  -> (artifact id: '985b681c2da2c13d2f40785017048afd') in 0.037428 seconds 
Number of asset objects unloaded after import = 3
========================================================================
Received Import Request.
  Time since last request: 0.000018 seconds.
  path: Assets/Neon Blitz/Assets/Textures/Level Assets/Base/Ambush_334.asset
  artifactKey: Guid(8ae64d2411abe4945b9d0aa1abf1130e) Importer(815301076,1909f56bfc062723c751e8b465ee728b)
Number of updated assets reloaded before import = 0
Start importing Assets/Neon Blitz/Assets/Textures/Level Assets/Base/Ambush_334.asset using Guid(8ae64d2411abe4945b9d0aa1abf1130e) Importer(815301076,1909f56bfc062723c751e8b465ee728b)  -> (artifact id: 'd8aac3706c1d02acde0e0aa5484b5f80') in 0.021330 seconds 
Number of asset objects unloaded after import = 3
========================================================================
Received Import Request.
  Time since last request: 0.000019 seconds.
  path: Assets/Neon Blitz/Assets/Textures/Level Assets/Base/HardNews_Intro_40.asset
  artifactKey: Guid(050cfb41ff59d134b9b4b3a243af9814) Importer(815301076,1909f56bfc062723c751e8b465ee728b)
Number of updated assets reloaded before import = 0
Start importing Assets/Neon Blitz/Assets/Textures/Level Assets/Base/HardNews_Intro_40.asset using Guid(050cfb41ff59d134b9b4b3a243af9814) Importer(815301076,1909f56bfc062723c751e8b465ee728b)  -> (artifact id: '27d58e45be5a2a56e1d2d514570323e8') in 0.098015 seconds 
Number of asset objects unloaded after import = 3
========================================================================
Received Import Request.
  Time since last request: 0.000030 seconds.
  path: Assets/Neon Blitz/Assets/Textures/Level Assets/Base/HardNews_Intro_0.asset
  artifactKey: Guid(1041a10860f4dc24a9cc5ad1b08c9c12) Importer(815301076,1909f56bfc062723c751e8b465ee728b)
Number of updated assets reloaded before import = 0
Start importing Assets/Neon Blitz/Assets/Textures/Level Assets/Base/HardNews_Intro_0.asset using Guid(1041a10860f4dc24a9cc5ad1b08c9c12) Importer(815301076,1909f56bfc062723c751e8b465ee728b)  -> (artifact id: 'e69bf555e55c75a95cba7adedb75f2fc') in 0.021945 seconds 
Number of asset objects unloaded after import = 3
========================================================================
Received Import Request.
  Time since last request: 0.000017 seconds.
  path: Assets/Neon Blitz/Assets/Textures/Pillules/medkit.png
  artifactKey: Guid(90d1ff86514b3ea4892ecea272e50419) Importer(815301076,1909f56bfc062723c751e8b465ee728b)
Number of updated assets reloaded before import = 0
Start importing Assets/Neon Blitz/Assets/Textures/Pillules/medkit.png using Guid(90d1ff86514b3ea4892ecea272e50419) Importer(815301076,1909f56bfc062723c751e8b465ee728b)  -> (artifact id: 'b91a04ca1556f0b417060c7e2a5519eb') in 0.140385 seconds 
Number of asset objects unloaded after import = 3
========================================================================
Received Import Request.
  Time since last request: 0.000018 seconds.
  path: Assets/Neon Blitz/Assets/Textures/Level Assets/Base/HardNews_Intro_7.asset
  artifactKey: Guid(94d3e64bf56a4b84a8231e5dcdaf956c) Importer(815301076,1909f56bfc062723c751e8b465ee728b)
Number of updated assets reloaded before import = 0
Start importing Assets/Neon Blitz/Assets/Textures/Level Assets/Base/HardNews_Intro_7.asset using Guid(94d3e64bf56a4b84a8231e5dcdaf956c) Importer(815301076,1909f56bfc062723c751e8b465ee728b)  -> (artifact id: '578677c976251d4815dd26e0d7eec2c6') in 0.030639 seconds 
Number of asset objects unloaded after import = 3
Editor requested this worker to shutdown with reason: Scaling down because of idle timeout
AssetImportWorker is now disconnected from the server
Process exiting
Exiting without the bug reporter. Application will terminate with return code 0